#
# A fatal error has been detected by the Java Runtime Environment:
#
#  EXCEPTION_ACCESS_VIOLATION (0xc0000005) at pc=0x00007ffbc723717d, pid=10388, tid=23236
#
# JRE version: OpenJDK Runtime Environment Temurin-21.0.6+7 (21.0.6+7) (build 21.0.6+7-LTS)
# Java VM: OpenJDK 64-Bit Server VM Temurin-21.0.6+7 (21.0.6+7-LTS, mixed mode, sharing, tiered, compressed oops, compressed class ptrs, parallel gc, windows-amd64)
# Problematic frame:
# V  [jvm.dll+0x33717d]
#
# No core dump will be written. Minidumps are not enabled by default on client versions of Windows
#
# If you would like to submit a bug report, please visit:
#   https://github.com/adoptium/adoptium-support/issues
#

---------------  S U M M A R Y ------------

Command Line: --add-modules=ALL-SYSTEM --add-opens=java.base/java.util=ALL-UNNAMED --add-opens=java.base/java.lang=ALL-UNNAMED --add-opens=java.base/sun.nio.fs=ALL-UNNAMED -Declipse.application=org.eclipse.jdt.ls.core.id1 -Dosgi.bundles.defaultStartLevel=4 -Declipse.product=org.eclipse.jdt.ls.core.product -Djava.import.generatesMetadataFilesAtProjectRoot=false -DDetectVMInstallationsJob.disabled=true -Dfile.encoding=utf8 -XX:+UseParallelGC -XX:GCTimeRatio=4 -XX:AdaptiveSizePolicyWeight=90 -Dsun.zip.disableMemoryMapping=true -Xmx1G -Xms100m -Xlog:disable -javaagent:c:\Users\joshu\.vscode\extensions\redhat.java-1.41.1-win32-x64\lombok\lombok-1.18.36.jar -XX:+HeapDumpOnOutOfMemoryError -XX:HeapDumpPath=c:\Users\joshu\AppData\Roaming\Code\User\workspaceStorage\3af777b82329b118d91d05b142a59275\redhat.java -Daether.dependencyCollector.impl=bf c:\Users\joshu\.vscode\extensions\redhat.java-1.41.1-win32-x64\server\plugins\org.eclipse.equinox.launcher_1.7.0.v20250331-1702.jar -configuration c:\Users\joshu\AppData\Roaming\Code\User\globalStorage\redhat.java\1.41.1\config_win -data c:\Users\joshu\AppData\Roaming\Code\User\workspaceStorage\3af777b82329b118d91d05b142a59275\redhat.java\jdt_ws --pipe=\\.\pipe\lsp-df66739ef56f130f8f1ef240b7b2de65-sock

Host: Intel(R) Core(TM) i7-9700K CPU @ 3.60GHz, 8 cores, 31G,  Windows 11 , 64 bit Build 26100 (10.0.26100.3775)
Time: Mon Apr 21 12:34:35 2025 Eastern Daylight Time elapsed time: 115.589823 seconds (0d 0h 1m 55s)

---------------  T H R E A D  ---------------

Current thread (0x000002045b8ccdd0):  WorkerThread "GC Thread#2"    [id=23236, stack(0x000000ca48500000,0x000000ca48600000) (1024K)]

Stack: [0x000000ca48500000,0x000000ca48600000],  sp=0x000000ca485ff990,  free space=1022k
Native frames: (J=compiled Java code, j=interpreted, Vv=VM code, C=native code)
V  [jvm.dll+0x33717d]
V  [jvm.dll+0x70e388]
V  [jvm.dll+0x70e85f]
V  [jvm.dll+0x8d62a7]
V  [jvm.dll+0x851f8b]
V  [jvm.dll+0x6cc5ed]
C  [ucrtbase.dll+0x37b0]
C  [KERNEL32.DLL+0x2e8d7]
C  [ntdll.dll+0xb14fc]


siginfo: EXCEPTION_ACCESS_VIOLATION (0xc0000005), data execution prevention violation at address 0x00007ffb02ec0000


Registers:
RAX=0x000002047f8a4f20, RBX=0x0000000000000005, RCX=0x00000204142d06e0, RDX=0x000000ca485ffa20
RSP=0x000000ca485ff990, RBP=0x00000204142d0ee0, RSI=0x0000000000000007, RDI=0x000002047f8aa4f0
R8 =0x00000000000004a4, R9 =0x0000000000000005, R10=0x0000000000000000, R11=0x0000000000000028
R12=0x0000000000000010, R13=0x0000000000000038, R14=0x0000000000000004, R15=0x000000ca485ffa20
RIP=0x00007ffbc723717d, EFLAGS=0x0000000000010202

XMM[0]=0x0000001f00001cb0 0x0000000000000009
XMM[1]=0x006900740075002e 0x006c0061006e0072
XMM[2]=0x0000000000000000 0x0000000000000000
XMM[3]=0x0000000000000000 0x0000000000000000
XMM[4]=0x0000000000000000 0x0000000000000000
XMM[5]=0x00410053002e006c 0x006d0078002e006c
XMM[6]=0x0000000000000000 0x0000000000000000
XMM[7]=0x0000000000000000 0x0000000000000000
XMM[8]=0x0000000000000000 0x0000000000000000
XMM[9]=0x0000000000000000 0x0000000000000000
XMM[10]=0x0000000000000000 0x0000000000000000
XMM[11]=0x0000000000000000 0x0000000000000000
XMM[12]=0x0000000000000000 0x0000000000000000
XMM[13]=0x0000000000000000 0x0000000000000000
XMM[14]=0x0000000000000000 0x0000000000000000
XMM[15]=0x0000000000000000 0x0000000000000000
  MXCSR=0x00001fa0


Register to memory mapping:

RAX=0x000002047f8a4f20 points into unknown readable memory: 0x00000204142cf2e0 | e0 f2 2c 14 04 02 00 00
RBX=0x0000000000000005 is an unknown value
RCX=0x00000204142d06e0 points into unknown readable memory: 0x0000000000000000 | 00 00 00 00 00 00 00 00
RDX=0x000000ca485ffa20 points into unknown readable memory: 0x00000000e61d1ac1 | c1 1a 1d e6 00 00 00 00
RSP=0x000000ca485ff990 points into unknown readable memory: 0x0000000000000007 | 07 00 00 00 00 00 00 00
RBP=0x00000204142d0ee0 points into unknown readable memory: 0x0000000000000000 | 00 00 00 00 00 00 00 00
RSI=0x0000000000000007 is an unknown value
RDI=0x000002047f8aa4f0 points into unknown readable memory: 0x00007ffbc7924ae8 | e8 4a 92 c7 fb 7f 00 00
R8 =0x00000000000004a4 is an unknown value
R9 =0x0000000000000005 is an unknown value
R10=0x0 is null
R11=0x0000000000000028 is an unknown value
R12=0x0000000000000010 is an unknown value
R13=0x0000000000000038 is an unknown value
R14=0x0000000000000004 is an unknown value
R15=0x000000ca485ffa20 points into unknown readable memory: 0x00000000e61d1ac1 | c1 1a 1d e6 00 00 00 00

Top of Stack: (sp=0x000000ca485ff990)
0x000000ca485ff990:   0000000000000007 0000000000000005
0x000000ca485ff9a0:   000000ca477ff168 0000000000000007
0x000000ca485ff9b0:   000000ca477ff168 0000000000000007
0x000000ca485ff9c0:   000002045b6acf10 0000000000000005
0x000000ca485ff9d0:   0000000000000007 00007ffbc760e388
0x000000ca485ff9e0:   00000204142d0e80 0000000000000000
0x000000ca485ff9f0:   000000ca477ff1c0 00000204142d0e80
0x000000ca485ffa00:   000000ca477ff060 00007ffbc760e85f
0x000000ca485ffa10:   00000204142d0e80 000000ca485ffaa9
0x000000ca485ffa20:   00000000e61d1ac1 000000ca477ff1a0
0x000000ca485ffa30:   00000204142d0e80 0000000000000007
0x000000ca485ffa40:   0000000000000008 00000000c01808f0
0x000000ca485ffa50:   00000204142d0e80 00007ffb00000007
0x000000ca485ffa60:   00007ffbc798c368 00000204142d0e80
0x000000ca485ffa70:   000000ca477ff060 000002045b000ca0
0x000000ca485ffa80:   00000000000003d8 000002045b000cb0
0x000000ca485ffa90:   000002045b001088 00007ffbc798c358
0x000000ca485ffaa0:   0000000000000007 0000000000000000
0x000000ca485ffab0:   0000000000000000 0000000000000000
0x000000ca485ffac0:   0000000000000000 00004985a3f87859
0x000000ca485ffad0:   000002045bb458a0 0000000000000000
0x000000ca485ffae0:   0000000000000030 000002045bb42950
0x000000ca485ffaf0:   0000000000000007 000002047d402b78
0x000000ca485ffb00:   000002045b8ccdd0 00007ffbc77d62a7
0x000000ca485ffb10:   000002047d402b78 000002045b8ccdd0
0x000000ca485ffb20:   0000000000000070 000002045bb42950
0x000000ca485ffb30:   0000000000000000 000002045b8ccdd0
0x000000ca485ffb40:   0000000000000000 0000000000100000
0x000000ca485ffb50:   0000000000000000 00007ffbc7751f8b
0x000000ca485ffb60:   000000ca48500000 00000000ffffffff
0x000000ca485ffb70:   0000000000000000 0000000000000000
0x000000ca485ffb80:   0000000000000004 0000000000001000 

Instructions: (pc=0x00007ffbc723717d)
0x00007ffbc723707d:   8d 88 ff ff ff 7f 0f 4e c1 33 d2 89 85 04 02 00
0x00007ffbc723708d:   00 f7 77 08 44 8b ca 3b d6 74 b8 8b de 66 0f 1f
0x00007ffbc723709d:   44 00 00 3b de 74 05 41 3b d9 75 45 44 8b 85 04
0x00007ffbc72370ad:   02 00 00 b8 5f 0b 4e 83 41 f7 e8 41 03 d0 c1 fa
0x00007ffbc72370bd:   10 8b c2 c1 e8 1f 03 d0 41 69 c0 a7 41 00 00 69
0x00007ffbc72370cd:   ca ff ff ff 7f 2b c1 85 c0 8d 88 ff ff ff 7f 0f
0x00007ffbc72370dd:   4e c1 33 d2 89 85 04 02 00 00 f7 77 08 8b da eb
0x00007ffbc72370ed:   b2 41 8b c1 4c 8d 1c c5 00 00 00 00 48 8b 47 10
0x00007ffbc72370fd:   49 8b 0c 03 8b 81 00 01 00 00 44 8b 81 80 00 00
0x00007ffbc723710d:   00 44 2b c0 b8 00 00 00 00 41 81 e0 ff ff 01 00
0x00007ffbc723711d:   41 81 f8 ff ff 01 00 44 0f 44 c0 8b c3 4c 8d 14
0x00007ffbc723712d:   c5 00 00 00 00 48 8b 47 10 49 8b 0c 02 8b 81 00
0x00007ffbc723713d:   01 00 00 8b 91 80 00 00 00 33 c9 2b d0 8b c1 81
0x00007ffbc723714d:   e2 ff ff 01 00 81 fa ff ff 01 00 0f 44 d1 41 3b
0x00007ffbc723715d:   d0 76 0a 48 8b 47 10 49 8b 0c 02 eb 10 45 85 c0
0x00007ffbc723716d:   74 18 48 8b 47 10 41 8b d9 49 8b 0c 03 49 8b d7
0x00007ffbc723717d:   e8 4e e6 ff ff 83 f8 02 74 05 bb ff ff ff ff 89
0x00007ffbc723718d:   9d 00 02 00 00 eb 14 75 17 8d 46 ff 49 8b d7 83
0x00007ffbc723719d:   e0 01 48 8b 0c c1 e8 28 e6 ff ff 83 f8 02 74 2b
0x00007ffbc72371ad:   41 ff c6 45 3b f4 0f 82 77 fe ff ff 32 c0 48 8b
0x00007ffbc72371bd:   5c 24 50 48 8b 6c 24 58 48 8b 74 24 60 48 83 c4
0x00007ffbc72371cd:   20 41 5f 41 5e 41 5d 41 5c 5f c3 b0 01 eb df cc
0x00007ffbc72371dd:   cc cc cc 48 8b 89 50 06 00 00 e9 e4 f2 59 00 cc
0x00007ffbc72371ed:   cc cc cc 48 89 54 24 10 4c 89 44 24 18 4c 89 4c
0x00007ffbc72371fd:   24 20 53 48 83 ec 20 48 8b d9 4c 8d 4c 24 40 4c
0x00007ffbc723720d:   8b c2 48 8d 0d 3a d0 94 00 ba 01 00 00 00 e8 40
0x00007ffbc723721d:   aa 2a 00 48 8b c3 48 83 c4 20 5b c3 cc cc cc cc
0x00007ffbc723722d:   cc cc cc 48 89 5c 24 18 55 57 41 57 48 83 ec 20
0x00007ffbc723723d:   48 8b 41 18 4c 8b f9 8b 7a 38 48 8d 4a 3c 48 8b
0x00007ffbc723724d:   da 48 8b 80 60 06 00 00 48 8b 2c f8 8b 01 c1 e8
0x00007ffbc723725d:   02 48 c1 e5 03 a8 01 0f 84 11 01 00 00 8b 42 3c
0x00007ffbc723726d:   83 f8 04 0f 85 60 01 00 00 48 89 74 24 40 4c 89 


Stack slot to memory mapping:

stack at sp + 0 slots: 0x0000000000000007 is an unknown value
stack at sp + 1 slots: 0x0000000000000005 is an unknown value
stack at sp + 2 slots: 0x000000ca477ff168 points into unknown readable memory: 0x000002047f89aa30 | 30 aa 89 7f 04 02 00 00
stack at sp + 3 slots: 0x0000000000000007 is an unknown value
stack at sp + 4 slots: 0x000000ca477ff168 points into unknown readable memory: 0x000002047f89aa30 | 30 aa 89 7f 04 02 00 00
stack at sp + 5 slots: 0x0000000000000007 is an unknown value
stack at sp + 6 slots: 0x000002045b6acf10 points into unknown readable memory: 0x0000000000000002 | 02 00 00 00 00 00 00 00
stack at sp + 7 slots: 0x0000000000000005 is an unknown value


---------------  P R O C E S S  ---------------

Threads class SMR info:
_java_thread_list=0x000002045b0ba9e0, length=65, elements={
0x000002047f82cff0, 0x00000204142ee020, 0x00000204142efcb0, 0x00000204142fa5d0,
0x00000204142fb220, 0x00000204142fcb90, 0x00000204142ff5f0, 0x0000020414302430,
0x000002041432e5a0, 0x000002047f89c0e0, 0x000002045b307450, 0x000002045b6faf10,
0x000002045bc88d70, 0x000002045bc42220, 0x000002045bc42c50, 0x000002045bd18920,
0x000002045c349af0, 0x000002045b56b190, 0x000002045b56c540, 0x000002045b56ab00,
0x000002045b56b820, 0x000002045b56beb0, 0x000002045b56d260, 0x000002045b56d8f0,
0x000002045dbf00d0, 0x000002045dbf0760, 0x000002045dbf1b10, 0x000002045dbef3b0,
0x000002045dbefa40, 0x000002045dbf0df0, 0x000002045dbee690, 0x000002045dbf1480,
0x000002045dbeed20, 0x000002045dbf21a0, 0x000002045dbf2830, 0x000002045dbf4270,
0x000002045dbf4f90, 0x000002045dbf5620, 0x0000020468246f90, 0x0000020468249d80,
0x0000020468248340, 0x00000204682496f0, 0x0000020468247620, 0x0000020468246900,
0x0000020468247cb0, 0x0000020468249060, 0x000002046824d890, 0x000002046824d200,
0x000002046824b7c0, 0x000002046824aaa0, 0x000002046824be50, 0x000002046824cb70,
0x000002046824a410, 0x000002046922e180, 0x000002046922ad00, 0x000002046922c740,
0x000002046922eea0, 0x000002046922cdd0, 0x00000204692308e0, 0x0000020469231c90,
0x0000020469232320, 0x000002045d79c7e0, 0x000002045d79ceb0, 0x0000020469230250,
0x000002046824b130
}

Java Threads: ( => current thread )
  0x000002047f82cff0 JavaThread "main"                              [_thread_blocked, id=9988, stack(0x000000ca47400000,0x000000ca47500000) (1024K)]
  0x00000204142ee020 JavaThread "Reference Handler"          daemon [_thread_blocked, id=22520, stack(0x000000ca47800000,0x000000ca47900000) (1024K)]
  0x00000204142efcb0 JavaThread "Finalizer"                  daemon [_thread_blocked, id=21332, stack(0x000000ca47900000,0x000000ca47a00000) (1024K)]
  0x00000204142fa5d0 JavaThread "Signal Dispatcher"          daemon [_thread_blocked, id=22460, stack(0x000000ca47a00000,0x000000ca47b00000) (1024K)]
  0x00000204142fb220 JavaThread "Attach Listener"            daemon [_thread_blocked, id=22320, stack(0x000000ca47b00000,0x000000ca47c00000) (1024K)]
  0x00000204142fcb90 JavaThread "Service Thread"             daemon [_thread_blocked, id=22256, stack(0x000000ca47c00000,0x000000ca47d00000) (1024K)]
  0x00000204142ff5f0 JavaThread "Monitor Deflation Thread"   daemon [_thread_blocked, id=21928, stack(0x000000ca47d00000,0x000000ca47e00000) (1024K)]
  0x0000020414302430 JavaThread "C2 CompilerThread0"         daemon [_thread_blocked, id=22488, stack(0x000000ca47e00000,0x000000ca47f00000) (1024K)]
  0x000002041432e5a0 JavaThread "C1 CompilerThread0"         daemon [_thread_blocked, id=22236, stack(0x000000ca47f00000,0x000000ca48000000) (1024K)]
  0x000002047f89c0e0 JavaThread "Common-Cleaner"             daemon [_thread_blocked, id=10384, stack(0x000000ca48000000,0x000000ca48100000) (1024K)]
  0x000002045b307450 JavaThread "Notification Thread"        daemon [_thread_blocked, id=22768, stack(0x000000ca48100000,0x000000ca48200000) (1024K)]
  0x000002045b6faf10 JavaThread "Active Thread: Equinox Container: 76552977-a1d5-41af-9e0d-c8a50cb5a54a"        [_thread_blocked, id=22856, stack(0x000000ca48a00000,0x000000ca48b00000) (1024K)]
  0x000002045bc88d70 JavaThread "Refresh Thread: Equinox Container: 76552977-a1d5-41af-9e0d-c8a50cb5a54a" daemon [_thread_blocked, id=23772, stack(0x000000ca48200000,0x000000ca48300000) (1024K)]
  0x000002045bc42220 JavaThread "Framework Event Dispatcher: Equinox Container: 76552977-a1d5-41af-9e0d-c8a50cb5a54a" daemon [_thread_blocked, id=23788, stack(0x000000ca48b00000,0x000000ca48c00000) (1024K)]
  0x000002045bc42c50 JavaThread "Start Level: Equinox Container: 76552977-a1d5-41af-9e0d-c8a50cb5a54a" daemon [_thread_blocked, id=23792, stack(0x000000ca48c00000,0x000000ca48d00000) (1024K)]
  0x000002045bd18920 JavaThread "Bundle File Closer"         daemon [_thread_blocked, id=24088, stack(0x000000ca48d00000,0x000000ca48e00000) (1024K)]
  0x000002045c349af0 JavaThread "SCR Component Actor"        daemon [_thread_blocked, id=22864, stack(0x000000ca48e00000,0x000000ca48f00000) (1024K)]
  0x000002045b56b190 JavaThread "Worker-JM"                         [_thread_blocked, id=2876, stack(0x000000ca49100000,0x000000ca49200000) (1024K)]
  0x000002045b56c540 JavaThread "JNA Cleaner"                daemon [_thread_blocked, id=2896, stack(0x000000ca49200000,0x000000ca49300000) (1024K)]
  0x000002045b56ab00 JavaThread "Worker-0"                          [_thread_blocked, id=2836, stack(0x000000ca49300000,0x000000ca49400000) (1024K)]
  0x000002045b56b820 JavaThread "Java indexing"              daemon [_thread_blocked, id=3168, stack(0x000000ca49500000,0x000000ca49600000) (1024K)]
  0x000002045b56beb0 JavaThread "Worker-2"                          [_thread_blocked, id=3232, stack(0x000000ca49900000,0x000000ca49a00000) (1024K)]
  0x000002045b56d260 JavaThread "Thread-2"                   daemon [_thread_in_native, id=3308, stack(0x000000ca49b00000,0x000000ca49c00000) (1024K)]
  0x000002045b56d8f0 JavaThread "Thread-3"                   daemon [_thread_in_native, id=3312, stack(0x000000ca49c00000,0x000000ca49d00000) (1024K)]
  0x000002045dbf00d0 JavaThread "Thread-4"                   daemon [_thread_in_native, id=3460, stack(0x000000ca49d00000,0x000000ca49e00000) (1024K)]
  0x000002045dbf0760 JavaThread "Thread-5"                   daemon [_thread_in_native, id=3456, stack(0x000000ca49e00000,0x000000ca49f00000) (1024K)]
  0x000002045dbf1b10 JavaThread "Thread-6"                   daemon [_thread_in_native, id=3520, stack(0x000000ca49f00000,0x000000ca4a000000) (1024K)]
  0x000002045dbef3b0 JavaThread "Thread-7"                   daemon [_thread_in_native, id=3524, stack(0x000000ca4a000000,0x000000ca4a100000) (1024K)]
  0x000002045dbefa40 JavaThread "Thread-8"                   daemon [_thread_in_native, id=22196, stack(0x000000ca4a100000,0x000000ca4a200000) (1024K)]
  0x000002045dbf0df0 JavaThread "Thread-9"                   daemon [_thread_blocked, id=3664, stack(0x000000ca4a200000,0x000000ca4a300000) (1024K)]
  0x000002045dbee690 JavaThread "Thread-10"                  daemon [_thread_in_native, id=23648, stack(0x000000ca4a300000,0x000000ca4a400000) (1024K)]
  0x000002045dbf1480 JavaThread "pool-2-thread-1"                   [_thread_blocked, id=3816, stack(0x000000ca4a400000,0x000000ca4a500000) (1024K)]
  0x000002045dbeed20 JavaThread "WorkspaceEventsHandler"            [_thread_blocked, id=3824, stack(0x000000ca4a500000,0x000000ca4a600000) (1024K)]
  0x000002045dbf21a0 JavaThread "pool-1-thread-1"                   [_thread_blocked, id=23676, stack(0x000000ca4a600000,0x000000ca4a700000) (1024K)]
  0x000002045dbf2830 JavaThread "LocalFile Deleter"          daemon [_thread_blocked, id=6228, stack(0x000000ca4a900000,0x000000ca4aa00000) (1024K)]
  0x000002045dbf4270 JavaThread "LocalFile Deleter"          daemon [_thread_blocked, id=24192, stack(0x000000ca4aa00000,0x000000ca4ab00000) (1024K)]
  0x000002045dbf4f90 JavaThread "LocalFile Deleter"          daemon [_thread_blocked, id=2648, stack(0x000000ca4ab00000,0x000000ca4ac00000) (1024K)]
  0x000002045dbf5620 JavaThread "LocalFile Deleter"          daemon [_thread_blocked, id=17332, stack(0x000000ca4ac00000,0x000000ca4ad00000) (1024K)]
  0x0000020468246f90 JavaThread "LocalFile Deleter"          daemon [_thread_blocked, id=24188, stack(0x000000ca4ad00000,0x000000ca4ae00000) (1024K)]
  0x0000020468249d80 JavaThread "LocalFile Deleter"          daemon [_thread_blocked, id=13248, stack(0x000000ca4ae00000,0x000000ca4af00000) (1024K)]
  0x0000020468248340 JavaThread "LocalFile Deleter"          daemon [_thread_blocked, id=19700, stack(0x000000ca4af00000,0x000000ca4b000000) (1024K)]
  0x00000204682496f0 JavaThread "Compiler Source File Reader" daemon [_thread_blocked, id=15992, stack(0x000000ca4b000000,0x000000ca4b100000) (1024K)]
  0x0000020468247620 JavaThread "Compiler Source File Reader" daemon [_thread_blocked, id=18184, stack(0x000000ca4b100000,0x000000ca4b200000) (1024K)]
  0x0000020468246900 JavaThread "Compiler Source File Reader" daemon [_thread_blocked, id=14184, stack(0x000000ca4b200000,0x000000ca4b300000) (1024K)]
  0x0000020468247cb0 JavaThread "Compiler Source File Reader" daemon [_thread_blocked, id=24164, stack(0x000000ca4b300000,0x000000ca4b400000) (1024K)]
  0x0000020468249060 JavaThread "Compiler Source File Reader" daemon [_thread_blocked, id=24384, stack(0x000000ca4b400000,0x000000ca4b500000) (1024K)]
  0x000002046824d890 JavaThread "Compiler Source File Reader" daemon [_thread_blocked, id=2368, stack(0x000000ca4b500000,0x000000ca4b600000) (1024K)]
  0x000002046824d200 JavaThread "Compiler Class File Writer" daemon [_thread_blocked, id=1404, stack(0x000000ca4b700000,0x000000ca4b800000) (1024K)]
  0x000002046824b7c0 JavaThread "Compiler Class File Writer" daemon [_thread_blocked, id=6312, stack(0x000000ca4b800000,0x000000ca4b900000) (1024K)]
  0x000002046824aaa0 JavaThread "Compiler Class File Writer" daemon [_thread_blocked, id=2096, stack(0x000000ca4b900000,0x000000ca4ba00000) (1024K)]
  0x000002046824be50 JavaThread "Compiler Class File Writer" daemon [_thread_blocked, id=14596, stack(0x000000ca4ba00000,0x000000ca4bb00000) (1024K)]
  0x000002046824cb70 JavaThread "Compiler Class File Writer" daemon [_thread_blocked, id=11588, stack(0x000000ca4bb00000,0x000000ca4bc00000) (1024K)]
  0x000002046824a410 JavaThread "Compiler Class File Writer" daemon [_thread_blocked, id=15776, stack(0x000000ca4bc00000,0x000000ca4bd00000) (1024K)]
  0x000002046922e180 JavaThread "ForkJoinPool.commonPool-worker-2" daemon [_thread_blocked, id=3916, stack(0x000000ca4bd00000,0x000000ca4be00000) (1024K)]
  0x000002046922ad00 JavaThread "ForkJoinPool.commonPool-worker-3" daemon [_thread_blocked, id=24300, stack(0x000000ca4be00000,0x000000ca4bf00000) (1024K)]
  0x000002046922c740 JavaThread "ForkJoinPool.commonPool-worker-4" daemon [_thread_blocked, id=17260, stack(0x000000ca4bf00000,0x000000ca4c000000) (1024K)]
  0x000002046922eea0 JavaThread "ForkJoinPool.commonPool-worker-5" daemon [_thread_blocked, id=18364, stack(0x000000ca4c000000,0x000000ca4c100000) (1024K)]
  0x000002046922cdd0 JavaThread "ForkJoinPool.commonPool-worker-6" daemon [_thread_blocked, id=2360, stack(0x000000ca4c100000,0x000000ca4c200000) (1024K)]
  0x00000204692308e0 JavaThread "ForkJoinPool.commonPool-worker-7" daemon [_thread_blocked, id=24140, stack(0x000000ca4c200000,0x000000ca4c300000) (1024K)]
  0x0000020469231c90 JavaThread "Cleaner-0"                  daemon [_thread_blocked, id=24748, stack(0x000000ca4c500000,0x000000ca4c600000) (1024K)]
  0x0000020469232320 JavaThread "LocalFile Deleter"          daemon [_thread_blocked, id=27332, stack(0x000000ca47100000,0x000000ca47200000) (1024K)]
  0x000002045d79c7e0 JavaThread "C2 CompilerThread1"         daemon [_thread_blocked, id=4440, stack(0x000000ca47200000,0x000000ca47300000) (1024K)]
  0x000002045d79ceb0 JavaThread "C2 CompilerThread2"         daemon [_thread_blocked, id=5912, stack(0x000000ca47300000,0x000000ca47400000) (1024K)]
  0x0000020469230250 JavaThread "Compiler Processing Task"   daemon [_thread_blocked, id=23880, stack(0x000000ca48f00000,0x000000ca49000000) (1024K)]
  0x000002046824b130 JavaThread "Worker-5"                          [_thread_blocked, id=11436, stack(0x000000ca49000000,0x000000ca49100000) (1024K)]
Total: 65

Other Threads:
  0x000002047f8ee9c0 VMThread "VM Thread"                           [id=22172, stack(0x000000ca47700000,0x000000ca47800000) (1024K)]
  0x000002041420ca00 WatcherThread "VM Periodic Task Thread"        [id=17264, stack(0x000000ca47600000,0x000000ca47700000) (1024K)]
  0x000002047f84c230 WorkerThread "GC Thread#0"                     [id=9480, stack(0x000000ca47500000,0x000000ca47600000) (1024K)]
  0x000002045bdca430 WorkerThread "GC Thread#1"                     [id=23228, stack(0x000000ca48400000,0x000000ca48500000) (1024K)]
=>0x000002045b8ccdd0 WorkerThread "GC Thread#2"                     [id=23236, stack(0x000000ca48500000,0x000000ca48600000) (1024K)]
  0x000002045b8cd170 WorkerThread "GC Thread#3"                     [id=23240, stack(0x000000ca48600000,0x000000ca48700000) (1024K)]
  0x000002045b353590 WorkerThread "GC Thread#4"                     [id=23244, stack(0x000000ca48700000,0x000000ca48800000) (1024K)]
  0x000002045b353930 WorkerThread "GC Thread#5"                     [id=23248, stack(0x000000ca48800000,0x000000ca48900000) (1024K)]
  0x000002045bb43610 WorkerThread "GC Thread#6"                     [id=23252, stack(0x000000ca48900000,0x000000ca48a00000) (1024K)]
  0x000002045bc54920 WorkerThread "GC Thread#7"                     [id=23780, stack(0x000000ca48300000,0x000000ca48400000) (1024K)]
Total: 10

Threads with active compile tasks:
C2 CompilerThread0  115628 16617   !   4       com.google.inject.spi.InjectionPoint::getInjectionPoints (491 bytes)
C1 CompilerThread0  115628 16785       3       org.eclipse.jdt.internal.core.index.DiskIndex::mergeCategory (301 bytes)
C2 CompilerThread1  115628 16696 %s!   4       org.eclipse.jdt.internal.core.index.DiskIndex::readCategoryTable @ 260 (743 bytes)
C2 CompilerThread2  115628 16730       4       lombok.eclipse.agent.PatchVal::couldBe (291 bytes)
Total: 4

VM state: at safepoint (normal execution)

VM Mutex/Monitor currently owned by a thread:  ([mutex/lock_event])
[0x00007ffbc7bae380] Threads_lock - owner thread: 0x000002047f8ee9c0
[0x00007ffbc7bae480] Heap_lock - owner thread: 0x000002045b56b820

Heap address: 0x00000000c0000000, size: 1024 MB, Compressed Oops mode: 32-bit

CDS archive(s) mapped at: [0x0000020415000000-0x0000020415ba0000-0x0000020415ba0000), size 12189696, SharedBaseAddress: 0x0000020415000000, ArchiveRelocationMode: 1.
Compressed class space mapped at: 0x0000020416000000-0x0000020456000000, reserved size: 1073741824
Narrow klass base: 0x0000020415000000, Narrow klass shift: 0, Narrow klass range: 0x100000000

GC Precious Log:
 CardTable entry size: 512
 CPUs: 8 total, 8 available
 Memory: 32683M
 Large Page Support: Disabled
 NUMA Support: Disabled
 Compressed Oops: Enabled (32-bit)
 Alignments: Space 512K, Generation 512K, Heap 2M
 Heap Min Capacity: 100M
 Heap Initial Capacity: 100M
 Heap Max Capacity: 1G
 Pre-touch: Disabled
 Parallel Workers: 8

Heap:
 PSYoungGen      total 2560K, used 2560K [0x00000000eab00000, 0x00000000eb200000, 0x0000000100000000)
  eden space 2048K, 100% used [0x00000000eab00000,0x00000000ead00000,0x00000000ead00000)
  from space 512K, 100% used [0x00000000eaf80000,0x00000000eb000000,0x00000000eb000000)
  to   space 2560K, 76% used [0x00000000ead00000,0x00000000eaee8000,0x00000000eaf80000)
 ParOldGen       total 626688K, used 626249K [0x00000000c0000000, 0x00000000e6400000, 0x00000000eab00000)
  object space 626688K, 99% used [0x00000000c0000000,0x00000000e6392508,0x00000000e6400000)
 Metaspace       used 74678K, committed 76416K, reserved 1179648K
  class space    used 7416K, committed 8192K, reserved 1048576K

Card table byte_map: [0x000002047f1d0000,0x000002047f3e0000] _byte_map_base: 0x000002047ebd0000

Marking Bits: (ParMarkBitMap*) 0x00007ffbc7bb3260
 Begin Bits: [0x0000020412130000, 0x0000020413130000)
 End Bits:   [0x0000020413130000, 0x0000020414130000)

Polling page: 0x000002047d690000

Metaspace:

Usage:
  Non-class:     65.69 MB used.
      Class:      7.24 MB used.
       Both:     72.93 MB used.

Virtual space:
  Non-class space:      128.00 MB reserved,      66.62 MB ( 52%) committed,  2 nodes.
      Class space:        1.00 GB reserved,       8.00 MB ( <1%) committed,  1 nodes.
             Both:        1.12 GB reserved,      74.62 MB (  6%) committed. 

Chunk freelists:
   Non-Class:  13.29 MB
       Class:  7.96 MB
        Both:  21.25 MB

MaxMetaspaceSize: unlimited
CompressedClassSpaceSize: 1.00 GB
Initial GC threshold: 21.00 MB
Current GC threshold: 97.31 MB
CDS: on
 - commit_granule_bytes: 65536.
 - commit_granule_words: 8192.
 - virtual_space_node_default_size: 8388608.
 - enlarge_chunks_in_place: 1.
 - use_allocation_guard: 0.


Internal statistics:

num_allocs_failed_limit: 9.
num_arena_births: 1562.
num_arena_deaths: 14.
num_vsnodes_births: 3.
num_vsnodes_deaths: 0.
num_space_committed: 1194.
num_space_uncommitted: 0.
num_chunks_returned_to_freelist: 23.
num_chunks_taken_from_freelist: 5293.
num_chunk_merges: 15.
num_chunk_splits: 3184.
num_chunks_enlarged: 1744.
num_inconsistent_stats: 0.

CodeHeap 'non-profiled nmethods': size=120000Kb used=14436Kb max_used=14436Kb free=105563Kb
 bounds [0x000002040ac00000, 0x000002040ba20000, 0x0000020412130000]
CodeHeap 'profiled nmethods': size=120000Kb used=39241Kb max_used=39241Kb free=80758Kb
 bounds [0x0000020403130000, 0x0000020405790000, 0x000002040a660000]
CodeHeap 'non-nmethods': size=5760Kb used=1476Kb max_used=1619Kb free=4283Kb
 bounds [0x000002040a660000, 0x000002040a8d0000, 0x000002040ac00000]
 total_blobs=16804 nmethods=16006 adapters=701
 compilation: enabled
              stopped_count=0, restarted_count=0
 full_count=0

Compilation events (20 events):
Event: 115.560 Thread 0x000002041432e5a0 16778       3       java.lang.String::getBytes (16 bytes)
Event: 115.561 Thread 0x000002041432e5a0 nmethod 16778 0x000002040577bf90 code [0x000002040577c1c0, 0x000002040577c810]
Event: 115.563 Thread 0x000002041432e5a0 16779       3       org.eclipse.lsp4j.jsonrpc.json.adapters.CollectionTypeAdapter::write (123 bytes)
Event: 115.563 Thread 0x000002041432e5a0 nmethod 16779 0x000002040577cb10 code [0x000002040577ce00, 0x000002040577de70]
Event: 115.563 Thread 0x000002041432e5a0 16780       2       java.util.regex.Pattern$Start::match (90 bytes)
Event: 115.564 Thread 0x000002041432e5a0 nmethod 16780 0x000002040577e390 code [0x000002040577e560, 0x000002040577e820]
Event: 115.564 Thread 0x000002041432e5a0 16781       3       org.eclipse.jdt.internal.core.CompilationUnit::calculateHashCode (15 bytes)
Event: 115.564 Thread 0x000002041432e5a0 nmethod 16781 0x000002040577e990 code [0x000002040577eba0, 0x000002040577f1a8]
Event: 115.572 Thread 0x000002041432e5a0 16782       3       org.eclipse.jdt.internal.compiler.SourceElementParser::getUnspecifiedReferenceOptimized (216 bytes)
Event: 115.572 Thread 0x000002045d79ceb0 nmethod 16607 0x000002040ba07290 code [0x000002040ba07be0, 0x000002040ba119e0]
Event: 115.572 Thread 0x000002041432e5a0 nmethod 16782 0x000002040577f410 code [0x000002040577f660, 0x0000020405780048]
Event: 115.572 Thread 0x000002041432e5a0 16783       3       org.eclipse.jdt.internal.compiler.ast.ExplicitConstructorCall::<init> (15 bytes)
Event: 115.572 Thread 0x000002041432e5a0 nmethod 16783 0x0000020405780390 code [0x0000020405780540, 0x0000020405780778]
Event: 115.573 Thread 0x000002045d79ceb0 16770       4       org.eclipse.jdt.internal.core.util.CommentRecorderParser::pushOnCommentsStack (230 bytes)
Event: 115.573 Thread 0x000002041432e5a0 16784       1       org.eclipse.core.internal.events.ResourceChangeEvent::getDelta (5 bytes)
Event: 115.573 Thread 0x000002041432e5a0 nmethod 16784 0x000002040ba17f90 code [0x000002040ba18120, 0x000002040ba181e8]
Event: 115.579 Thread 0x000002045d79ceb0 nmethod 16770 0x000002040ba18290 code [0x000002040ba18480, 0x000002040ba18cc0]
Event: 115.579 Thread 0x000002045d79ceb0 16730       4       lombok.eclipse.agent.PatchVal::couldBe (291 bytes)
Event: 115.582 Thread 0x000002041432e5a0 16785       3       org.eclipse.jdt.internal.core.index.DiskIndex::mergeCategory (301 bytes)
Event: 115.582 Thread 0x000002041432e5a0 nmethod 16785 0x0000020405780890 code [0x0000020405780b80, 0x0000020405781d50]

GC Heap History (20 events):
Event: 115.500 GC heap after
{Heap after GC invocations=552 (full 3):
 PSYoungGen      total 7680K, used 2884K [0x00000000eab00000, 0x00000000eb580000, 0x0000000100000000)
  eden space 4608K, 0% used [0x00000000eab00000,0x00000000eab00000,0x00000000eaf80000)
  from space 3072K, 93% used [0x00000000eaf80000,0x00000000eb2513a0,0x00000000eb280000)
  to   space 3072K, 0% used [0x00000000eb280000,0x00000000eb280000,0x00000000eb580000)
 ParOldGen       total 616448K, used 616106K [0x00000000c0000000, 0x00000000e5a00000, 0x00000000eab00000)
  object space 616448K, 99% used [0x00000000c0000000,0x00000000e59aaa30,0x00000000e5a00000)
 Metaspace       used 74660K, committed 76416K, reserved 1179648K
  class space    used 7416K, committed 8192K, reserved 1048576K
}
Event: 115.514 GC heap before
{Heap before GC invocations=553 (full 3):
 PSYoungGen      total 7680K, used 7492K [0x00000000eab00000, 0x00000000eb580000, 0x0000000100000000)
  eden space 4608K, 100% used [0x00000000eab00000,0x00000000eaf80000,0x00000000eaf80000)
  from space 3072K, 93% used [0x00000000eaf80000,0x00000000eb2513a0,0x00000000eb280000)
  to   space 3072K, 0% used [0x00000000eb280000,0x00000000eb280000,0x00000000eb580000)
 ParOldGen       total 616448K, used 616106K [0x00000000c0000000, 0x00000000e5a00000, 0x00000000eab00000)
  object space 616448K, 99% used [0x00000000c0000000,0x00000000e59aaa30,0x00000000e5a00000)
 Metaspace       used 74662K, committed 76416K, reserved 1179648K
  class space    used 7416K, committed 8192K, reserved 1048576K
}
Event: 115.518 GC heap after
{Heap after GC invocations=553 (full 3):
 PSYoungGen      total 3584K, used 3072K [0x00000000eab00000, 0x00000000ebd80000, 0x0000000100000000)
  eden space 512K, 0% used [0x00000000eab00000,0x00000000eab00000,0x00000000eab80000)
  from space 3072K, 100% used [0x00000000eb280000,0x00000000eb580000,0x00000000eb580000)
  to   space 7168K, 0% used [0x00000000eab80000,0x00000000eab80000,0x00000000eb280000)
 ParOldGen       total 619520K, used 619388K [0x00000000c0000000, 0x00000000e5d00000, 0x00000000eab00000)
  object space 619520K, 99% used [0x00000000c0000000,0x00000000e5cdf108,0x00000000e5d00000)
 Metaspace       used 74662K, committed 76416K, reserved 1179648K
  class space    used 7416K, committed 8192K, reserved 1048576K
}
Event: 115.531 GC heap before
{Heap before GC invocations=554 (full 3):
 PSYoungGen      total 3584K, used 3583K [0x00000000eab00000, 0x00000000ebd80000, 0x0000000100000000)
  eden space 512K, 99% used [0x00000000eab00000,0x00000000eab7fff8,0x00000000eab80000)
  from space 3072K, 100% used [0x00000000eb280000,0x00000000eb580000,0x00000000eb580000)
  to   space 7168K, 0% used [0x00000000eab80000,0x00000000eab80000,0x00000000eb280000)
 ParOldGen       total 619520K, used 619388K [0x00000000c0000000, 0x00000000e5d00000, 0x00000000eab00000)
  object space 619520K, 99% used [0x00000000c0000000,0x00000000e5cdf108,0x00000000e5d00000)
 Metaspace       used 74662K, committed 76416K, reserved 1179648K
  class space    used 7416K, committed 8192K, reserved 1048576K
}
Event: 115.535 GC heap after
{Heap after GC invocations=554 (full 3):
 PSYoungGen      total 1536K, used 576K [0x00000000eab00000, 0x00000000eb300000, 0x0000000100000000)
  eden space 512K, 0% used [0x00000000eab00000,0x00000000eab00000,0x00000000eab80000)
  from space 1024K, 56% used [0x00000000eab80000,0x00000000eac10000,0x00000000eac80000)
  to   space 3072K, 0% used [0x00000000eb000000,0x00000000eb000000,0x00000000eb300000)
 ParOldGen       total 622592K, used 622512K [0x00000000c0000000, 0x00000000e6000000, 0x00000000eab00000)
  object space 622592K, 99% used [0x00000000c0000000,0x00000000e5fec200,0x00000000e6000000)
 Metaspace       used 74662K, committed 76416K, reserved 1179648K
  class space    used 7416K, committed 8192K, reserved 1048576K
}
Event: 115.541 GC heap before
{Heap before GC invocations=555 (full 3):
 PSYoungGen      total 1536K, used 1088K [0x00000000eab00000, 0x00000000eb300000, 0x0000000100000000)
  eden space 512K, 100% used [0x00000000eab00000,0x00000000eab80000,0x00000000eab80000)
  from space 1024K, 56% used [0x00000000eab80000,0x00000000eac10000,0x00000000eac80000)
  to   space 3072K, 0% used [0x00000000eb000000,0x00000000eb000000,0x00000000eb300000)
 ParOldGen       total 622592K, used 622512K [0x00000000c0000000, 0x00000000e6000000, 0x00000000eab00000)
  object space 622592K, 99% used [0x00000000c0000000,0x00000000e5fec200,0x00000000e6000000)
 Metaspace       used 74662K, committed 76416K, reserved 1179648K
  class space    used 7416K, committed 8192K, reserved 1048576K
}
Event: 115.542 GC heap after
{Heap after GC invocations=555 (full 3):
 PSYoungGen      total 1536K, used 576K [0x00000000eab00000, 0x00000000eb100000, 0x0000000100000000)
  eden space 512K, 0% used [0x00000000eab00000,0x00000000eab00000,0x00000000eab80000)
  from space 1024K, 56% used [0x00000000eb000000,0x00000000eb090000,0x00000000eb100000)
  to   space 1024K, 0% used [0x00000000eab80000,0x00000000eab80000,0x00000000eac80000)
 ParOldGen       total 623104K, used 623008K [0x00000000c0000000, 0x00000000e6080000, 0x00000000eab00000)
  object space 623104K, 99% used [0x00000000c0000000,0x00000000e6068200,0x00000000e6080000)
 Metaspace       used 74662K, committed 76416K, reserved 1179648K
  class space    used 7416K, committed 8192K, reserved 1048576K
}
Event: 115.544 GC heap before
{Heap before GC invocations=556 (full 3):
 PSYoungGen      total 1536K, used 1087K [0x00000000eab00000, 0x00000000eb100000, 0x0000000100000000)
  eden space 512K, 99% used [0x00000000eab00000,0x00000000eab7ff80,0x00000000eab80000)
  from space 1024K, 56% used [0x00000000eb000000,0x00000000eb090000,0x00000000eb100000)
  to   space 1024K, 0% used [0x00000000eab80000,0x00000000eab80000,0x00000000eac80000)
 ParOldGen       total 623104K, used 623008K [0x00000000c0000000, 0x00000000e6080000, 0x00000000eab00000)
  object space 623104K, 99% used [0x00000000c0000000,0x00000000e6068200,0x00000000e6080000)
 Metaspace       used 74664K, committed 76416K, reserved 1179648K
  class space    used 7416K, committed 8192K, reserved 1048576K
}
Event: 115.545 GC heap after
{Heap after GC invocations=556 (full 3):
 PSYoungGen      total 1536K, used 416K [0x00000000eab00000, 0x00000000eb080000, 0x0000000100000000)
  eden space 512K, 0% used [0x00000000eab00000,0x00000000eab00000,0x00000000eab80000)
  from space 1024K, 40% used [0x00000000eab80000,0x00000000eabe8000,0x00000000eac80000)
  to   space 1024K, 0% used [0x00000000eaf80000,0x00000000eaf80000,0x00000000eb080000)
 ParOldGen       total 623616K, used 623456K [0x00000000c0000000, 0x00000000e6100000, 0x00000000eab00000)
  object space 623616K, 99% used [0x00000000c0000000,0x00000000e60d8200,0x00000000e6100000)
 Metaspace       used 74664K, committed 76416K, reserved 1179648K
  class space    used 7416K, committed 8192K, reserved 1048576K
}
Event: 115.547 GC heap before
{Heap before GC invocations=557 (full 3):
 PSYoungGen      total 1536K, used 927K [0x00000000eab00000, 0x00000000eb080000, 0x0000000100000000)
  eden space 512K, 99% used [0x00000000eab00000,0x00000000eab7fff0,0x00000000eab80000)
  from space 1024K, 40% used [0x00000000eab80000,0x00000000eabe8000,0x00000000eac80000)
  to   space 1024K, 0% used [0x00000000eaf80000,0x00000000eaf80000,0x00000000eb080000)
 ParOldGen       total 623616K, used 623456K [0x00000000c0000000, 0x00000000e6100000, 0x00000000eab00000)
  object space 623616K, 99% used [0x00000000c0000000,0x00000000e60d8200,0x00000000e6100000)
 Metaspace       used 74670K, committed 76416K, reserved 1179648K
  class space    used 7416K, committed 8192K, reserved 1048576K
}
Event: 115.547 GC heap after
{Heap after GC invocations=557 (full 3):
 PSYoungGen      total 1536K, used 192K [0x00000000eab00000, 0x00000000eb000000, 0x0000000100000000)
  eden space 1024K, 0% used [0x00000000eab00000,0x00000000eab00000,0x00000000eac00000)
  from space 512K, 37% used [0x00000000eaf80000,0x00000000eafb0000,0x00000000eb000000)
  to   space 512K, 0% used [0x00000000eaf00000,0x00000000eaf00000,0x00000000eaf80000)
 ParOldGen       total 624128K, used 623776K [0x00000000c0000000, 0x00000000e6180000, 0x00000000eab00000)
  object space 624128K, 99% used [0x00000000c0000000,0x00000000e6128200,0x00000000e6180000)
 Metaspace       used 74670K, committed 76416K, reserved 1179648K
  class space    used 7416K, committed 8192K, reserved 1048576K
}
Event: 115.557 GC heap before
{Heap before GC invocations=558 (full 3):
 PSYoungGen      total 1536K, used 1216K [0x00000000eab00000, 0x00000000eb000000, 0x0000000100000000)
  eden space 1024K, 100% used [0x00000000eab00000,0x00000000eac00000,0x00000000eac00000)
  from space 512K, 37% used [0x00000000eaf80000,0x00000000eafb0000,0x00000000eb000000)
  to   space 512K, 0% used [0x00000000eaf00000,0x00000000eaf00000,0x00000000eaf80000)
 ParOldGen       total 624128K, used 623776K [0x00000000c0000000, 0x00000000e6180000, 0x00000000eab00000)
  object space 624128K, 99% used [0x00000000c0000000,0x00000000e6128200,0x00000000e6180000)
 Metaspace       used 74677K, committed 76416K, reserved 1179648K
  class space    used 7416K, committed 8192K, reserved 1048576K
}
Event: 115.558 GC heap after
{Heap after GC invocations=558 (full 3):
 PSYoungGen      total 2048K, used 224K [0x00000000eab00000, 0x00000000eb000000, 0x0000000100000000)
  eden space 1536K, 0% used [0x00000000eab00000,0x00000000eab00000,0x00000000eac80000)
  from space 512K, 43% used [0x00000000eaf00000,0x00000000eaf38000,0x00000000eaf80000)
  to   space 512K, 0% used [0x00000000eaf80000,0x00000000eaf80000,0x00000000eb000000)
 ParOldGen       total 624128K, used 623816K [0x00000000c0000000, 0x00000000e6180000, 0x00000000eab00000)
  object space 624128K, 99% used [0x00000000c0000000,0x00000000e6132200,0x00000000e6180000)
 Metaspace       used 74677K, committed 76416K, reserved 1179648K
  class space    used 7416K, committed 8192K, reserved 1048576K
}
Event: 115.565 GC heap before
{Heap before GC invocations=559 (full 3):
 PSYoungGen      total 2048K, used 1759K [0x00000000eab00000, 0x00000000eb000000, 0x0000000100000000)
  eden space 1536K, 99% used [0x00000000eab00000,0x00000000eac7ffc8,0x00000000eac80000)
  from space 512K, 43% used [0x00000000eaf00000,0x00000000eaf38000,0x00000000eaf80000)
  to   space 512K, 0% used [0x00000000eaf80000,0x00000000eaf80000,0x00000000eb000000)
 ParOldGen       total 624128K, used 623816K [0x00000000c0000000, 0x00000000e6180000, 0x00000000eab00000)
  object space 624128K, 99% used [0x00000000c0000000,0x00000000e6132200,0x00000000e6180000)
 Metaspace       used 74678K, committed 76416K, reserved 1179648K
  class space    used 7416K, committed 8192K, reserved 1048576K
}
Event: 115.566 GC heap after
{Heap after GC invocations=559 (full 3):
 PSYoungGen      total 2048K, used 440K [0x00000000eab00000, 0x00000000eb000000, 0x0000000100000000)
  eden space 1536K, 0% used [0x00000000eab00000,0x00000000eab00000,0x00000000eac80000)
  from space 512K, 85% used [0x00000000eaf80000,0x00000000eafee110,0x00000000eb000000)
  to   space 512K, 0% used [0x00000000eaf00000,0x00000000eaf00000,0x00000000eaf80000)
 ParOldGen       total 624128K, used 623872K [0x00000000c0000000, 0x00000000e6180000, 0x00000000eab00000)
  object space 624128K, 99% used [0x00000000c0000000,0x00000000e6140200,0x00000000e6180000)
 Metaspace       used 74678K, committed 76416K, reserved 1179648K
  class space    used 7416K, committed 8192K, reserved 1048576K
}
Event: 115.568 GC heap before
{Heap before GC invocations=560 (full 3):
 PSYoungGen      total 2048K, used 1976K [0x00000000eab00000, 0x00000000eb000000, 0x0000000100000000)
  eden space 1536K, 99% used [0x00000000eab00000,0x00000000eac7fff8,0x00000000eac80000)
  from space 512K, 85% used [0x00000000eaf80000,0x00000000eafee110,0x00000000eb000000)
  to   space 512K, 0% used [0x00000000eaf00000,0x00000000eaf00000,0x00000000eaf80000)
 ParOldGen       total 624128K, used 623872K [0x00000000c0000000, 0x00000000e6180000, 0x00000000eab00000)
  object space 624128K, 99% used [0x00000000c0000000,0x00000000e6140200,0x00000000e6180000)
 Metaspace       used 74678K, committed 76416K, reserved 1179648K
  class space    used 7416K, committed 8192K, reserved 1048576K
}
Event: 115.569 GC heap after
{Heap after GC invocations=560 (full 3):
 PSYoungGen      total 2560K, used 505K [0x00000000eab00000, 0x00000000eb000000, 0x0000000100000000)
  eden space 2048K, 0% used [0x00000000eab00000,0x00000000eab00000,0x00000000ead00000)
  from space 512K, 98% used [0x00000000eaf00000,0x00000000eaf7e648,0x00000000eaf80000)
  to   space 512K, 0% used [0x00000000eaf80000,0x00000000eaf80000,0x00000000eb000000)
 ParOldGen       total 624640K, used 624231K [0x00000000c0000000, 0x00000000e6200000, 0x00000000eab00000)
  object space 624640K, 99% used [0x00000000c0000000,0x00000000e6199fd0,0x00000000e6200000)
 Metaspace       used 74678K, committed 76416K, reserved 1179648K
  class space    used 7416K, committed 8192K, reserved 1048576K
}
Event: 115.577 GC heap before
{Heap before GC invocations=561 (full 3):
 PSYoungGen      total 2560K, used 2553K [0x00000000eab00000, 0x00000000eb000000, 0x0000000100000000)
  eden space 2048K, 100% used [0x00000000eab00000,0x00000000ead00000,0x00000000ead00000)
  from space 512K, 98% used [0x00000000eaf00000,0x00000000eaf7e648,0x00000000eaf80000)
  to   space 512K, 0% used [0x00000000eaf80000,0x00000000eaf80000,0x00000000eb000000)
 ParOldGen       total 624640K, used 624231K [0x00000000c0000000, 0x00000000e6200000, 0x00000000eab00000)
  object space 624640K, 99% used [0x00000000c0000000,0x00000000e6199fd0,0x00000000e6200000)
 Metaspace       used 74678K, committed 76416K, reserved 1179648K
  class space    used 7416K, committed 8192K, reserved 1048576K
}
Event: 115.578 GC heap after
{Heap after GC invocations=561 (full 3):
 PSYoungGen      total 2560K, used 512K [0x00000000eab00000, 0x00000000eb200000, 0x0000000100000000)
  eden space 2048K, 0% used [0x00000000eab00000,0x00000000eab00000,0x00000000ead00000)
  from space 512K, 100% used [0x00000000eaf80000,0x00000000eb000000,0x00000000eb000000)
  to   space 2560K, 0% used [0x00000000ead00000,0x00000000ead00000,0x00000000eaf80000)
 ParOldGen       total 626176K, used 625713K [0x00000000c0000000, 0x00000000e6380000, 0x00000000eab00000)
  object space 626176K, 99% used [0x00000000c0000000,0x00000000e630c508,0x00000000e6380000)
 Metaspace       used 74678K, committed 76416K, reserved 1179648K
  class space    used 7416K, committed 8192K, reserved 1048576K
}
Event: 115.582 GC heap before
{Heap before GC invocations=562 (full 3):
 PSYoungGen      total 2560K, used 2560K [0x00000000eab00000, 0x00000000eb200000, 0x0000000100000000)
  eden space 2048K, 100% used [0x00000000eab00000,0x00000000ead00000,0x00000000ead00000)
  from space 512K, 100% used [0x00000000eaf80000,0x00000000eb000000,0x00000000eb000000)
  to   space 2560K, 0% used [0x00000000ead00000,0x00000000ead00000,0x00000000eaf80000)
 ParOldGen       total 626176K, used 625713K [0x00000000c0000000, 0x00000000e6380000, 0x00000000eab00000)
  object space 626176K, 99% used [0x00000000c0000000,0x00000000e630c508,0x00000000e6380000)
 Metaspace       used 74678K, committed 76416K, reserved 1179648K
  class space    used 7416K, committed 8192K, reserved 1048576K
}

Dll operation events (11 events):
Event: 0.006 Loaded shared library c:\Users\joshu\.vscode\extensions\redhat.java-1.41.1-win32-x64\jre\21.0.6-win32-x86_64\bin\java.dll
Event: 0.056 Loaded shared library c:\Users\joshu\.vscode\extensions\redhat.java-1.41.1-win32-x64\jre\21.0.6-win32-x86_64\bin\zip.dll
Event: 0.067 Loaded shared library C:\Users\joshu\.vscode\extensions\redhat.java-1.41.1-win32-x64\jre\21.0.6-win32-x86_64\bin\instrument.dll
Event: 0.075 Loaded shared library C:\Users\joshu\.vscode\extensions\redhat.java-1.41.1-win32-x64\jre\21.0.6-win32-x86_64\bin\net.dll
Event: 0.078 Loaded shared library C:\Users\joshu\.vscode\extensions\redhat.java-1.41.1-win32-x64\jre\21.0.6-win32-x86_64\bin\nio.dll
Event: 0.081 Loaded shared library C:\Users\joshu\.vscode\extensions\redhat.java-1.41.1-win32-x64\jre\21.0.6-win32-x86_64\bin\zip.dll
Event: 0.090 Loaded shared library C:\Users\joshu\.vscode\extensions\redhat.java-1.41.1-win32-x64\jre\21.0.6-win32-x86_64\bin\jimage.dll
Event: 0.136 Loaded shared library c:\Users\joshu\.vscode\extensions\redhat.java-1.41.1-win32-x64\jre\21.0.6-win32-x86_64\bin\verify.dll
Event: 3.400 Loaded shared library C:\Users\joshu\AppData\Roaming\Code\User\globalStorage\redhat.java\1.41.1\config_win\org.eclipse.equinox.launcher\org.eclipse.equinox.launcher.win32.win32.x86_64_1.2.1300.v20250331-1702\eclipse_11911.dll
Event: 12.069 Loaded shared library C:\Users\joshu\AppData\Local\Temp\jna-101313883\jna6532411526640859389.dll
Event: 21.756 Loaded shared library C:\Users\joshu\.vscode\extensions\redhat.java-1.41.1-win32-x64\jre\21.0.6-win32-x86_64\bin\sunmscapi.dll

Deoptimization events (20 events):
Event: 115.492 Thread 0x000002045b56beb0 DEOPT PACKING pc=0x0000020405746f4e sp=0x000000ca499fdf50
Event: 115.492 Thread 0x000002045b56beb0 DEOPT UNPACKING pc=0x000002040a6b4242 sp=0x000000ca499fd4b0 mode 0
Event: 115.498 Thread 0x000002045b56beb0 DEOPT PACKING pc=0x000002040544ba2a sp=0x000000ca499fdf10
Event: 115.498 Thread 0x000002045b56beb0 DEOPT UNPACKING pc=0x000002040a6b4242 sp=0x000000ca499fd428 mode 0
Event: 115.501 Thread 0x000002045b56beb0 DEOPT PACKING pc=0x000002040419fe2b sp=0x000000ca499fd950
Event: 115.501 Thread 0x000002045b56beb0 DEOPT UNPACKING pc=0x000002040a6b4242 sp=0x000000ca499fce70 mode 0
Event: 115.559 Thread 0x000002045b56beb0 DEOPT PACKING pc=0x000002040574701b sp=0x000000ca499fdf50
Event: 115.559 Thread 0x000002045b56beb0 DEOPT UNPACKING pc=0x000002040a6b4242 sp=0x000000ca499fd4b8 mode 0
Event: 115.565 Thread 0x000002045b56beb0 DEOPT PACKING pc=0x000002040574701b sp=0x000000ca499fdf50
Event: 115.565 Thread 0x000002045b56beb0 DEOPT UNPACKING pc=0x000002040a6b4242 sp=0x000000ca499fd4b8 mode 0
Event: 115.572 Thread 0x000002045b56beb0 DEOPT PACKING pc=0x0000020405746f4e sp=0x000000ca499fdea0
Event: 115.572 Thread 0x000002045b56beb0 DEOPT UNPACKING pc=0x000002040a6b4242 sp=0x000000ca499fd400 mode 0
Event: 115.574 Thread 0x000002045b56beb0 Uncommon trap: trap_request=0xffffffbe fr.pc=0x000002040b46e3f4 relative=0x0000000000000994
Event: 115.574 Thread 0x000002045b56beb0 Uncommon trap: reason=profile_predicate action=maybe_recompile pc=0x000002040b46e3f4 method=java.util.ArrayList.equalsRange(Ljava/util/List;II)Z @ 31 c2
Event: 115.574 Thread 0x000002045b56beb0 DEOPT PACKING pc=0x000002040b46e3f4 sp=0x000000ca499fefb0
Event: 115.574 Thread 0x000002045b56beb0 DEOPT UNPACKING pc=0x000002040a6b3aa2 sp=0x000000ca499fef38 mode 2
Event: 115.582 Thread 0x000002045b56b820 Uncommon trap: trap_request=0xffffff45 fr.pc=0x000002040ba06288 relative=0x0000000000000de8
Event: 115.582 Thread 0x000002045b56b820 Uncommon trap: reason=unstable_if action=reinterpret pc=0x000002040ba06288 method=org.eclipse.jdt.internal.core.index.DiskIndex.readStreamChars(Ljava/io/InputStream;)[C @ 114 c2
Event: 115.582 Thread 0x000002045b56b820 DEOPT PACKING pc=0x000002040ba06288 sp=0x000000ca495fe7e0
Event: 115.582 Thread 0x000002045b56b820 DEOPT UNPACKING pc=0x000002040a6b3aa2 sp=0x000000ca495fe740 mode 2

Classes loaded (20 events):
Event: 30.787 Loading class sun/nio/cs/Surrogate
Event: 30.787 Loading class sun/nio/cs/Surrogate done
Event: 30.787 Loading class sun/util/locale/provider/TimeZoneNameUtility
Event: 30.787 Loading class sun/util/locale/provider/TimeZoneNameUtility done
Event: 30.787 Loading class sun/util/locale/provider/TimeZoneNameUtility$TimeZoneNameGetter
Event: 30.787 Loading class sun/util/locale/provider/TimeZoneNameUtility$TimeZoneNameGetter done
Event: 30.787 Loading class sun/util/cldr/CLDRTimeZoneNameProviderImpl
Event: 30.787 Loading class sun/util/locale/provider/TimeZoneNameProviderImpl
Event: 30.788 Loading class sun/util/locale/provider/TimeZoneNameProviderImpl done
Event: 30.788 Loading class sun/util/cldr/CLDRTimeZoneNameProviderImpl done
Event: 30.789 Loading class sun/util/resources/cldr/TimeZoneNames
Event: 30.789 Loading class sun/util/resources/TimeZoneNamesBundle
Event: 30.789 Loading class sun/util/resources/OpenListResourceBundle
Event: 30.789 Loading class sun/util/resources/OpenListResourceBundle done
Event: 30.790 Loading class sun/util/resources/TimeZoneNamesBundle done
Event: 30.790 Loading class sun/util/resources/cldr/TimeZoneNames done
Event: 30.790 Loading class sun/util/resources/cldr/TimeZoneNames_en
Event: 30.791 Loading class sun/util/resources/cldr/TimeZoneNames_en done
Event: 30.791 Loading class sun/util/resources/cldr/TimeZoneNames_en_US
Event: 30.791 Loading class sun/util/resources/cldr/TimeZoneNames_en_US done

Classes unloaded (7 events):
Event: 13.382 Thread 0x000002047f8ee9c0 Unloading class 0x0000020416191c00 'java/lang/invoke/LambdaForm$MH+0x0000020416191c00'
Event: 13.382 Thread 0x000002047f8ee9c0 Unloading class 0x0000020416191800 'java/lang/invoke/LambdaForm$MH+0x0000020416191800'
Event: 13.382 Thread 0x000002047f8ee9c0 Unloading class 0x0000020416191400 'java/lang/invoke/LambdaForm$MH+0x0000020416191400'
Event: 13.382 Thread 0x000002047f8ee9c0 Unloading class 0x0000020416191000 'java/lang/invoke/LambdaForm$MH+0x0000020416191000'
Event: 13.382 Thread 0x000002047f8ee9c0 Unloading class 0x0000020416190c00 'java/lang/invoke/LambdaForm$BMH+0x0000020416190c00'
Event: 13.382 Thread 0x000002047f8ee9c0 Unloading class 0x0000020416190800 'java/lang/invoke/LambdaForm$DMH+0x0000020416190800'
Event: 13.382 Thread 0x000002047f8ee9c0 Unloading class 0x000002041618b400 'java/lang/invoke/LambdaForm$DMH+0x000002041618b400'

Classes redefined (0 events):
No events

Internal exceptions (20 events):
Event: 115.390 Thread 0x000002045b56beb0 Exception <a 'sun/nio/fs/WindowsException'{0x00000000ead52658}> (0x00000000ead52658) 
thrown [s\src\hotspot\share\prims\jni.cpp, line 520]
Event: 115.391 Thread 0x000002045b56beb0 Exception <a 'sun/nio/fs/WindowsException'{0x00000000ead54340}> (0x00000000ead54340) 
thrown [s\src\hotspot\share\prims\jni.cpp, line 520]
Event: 115.392 Thread 0x000002045b56beb0 Exception <a 'sun/nio/fs/WindowsException'{0x00000000ead56090}> (0x00000000ead56090) 
thrown [s\src\hotspot\share\prims\jni.cpp, line 520]
Event: 115.393 Thread 0x000002045b56beb0 Exception <a 'sun/nio/fs/WindowsException'{0x00000000ead57d78}> (0x00000000ead57d78) 
thrown [s\src\hotspot\share\prims\jni.cpp, line 520]
Event: 115.394 Thread 0x000002045b56beb0 Exception <a 'sun/nio/fs/WindowsException'{0x00000000ead59a58}> (0x00000000ead59a58) 
thrown [s\src\hotspot\share\prims\jni.cpp, line 520]
Event: 115.395 Thread 0x000002045b56beb0 Exception <a 'sun/nio/fs/WindowsException'{0x00000000ead5b7e0}> (0x00000000ead5b7e0) 
thrown [s\src\hotspot\share\prims\jni.cpp, line 520]
Event: 115.396 Thread 0x000002045b56beb0 Exception <a 'sun/nio/fs/WindowsException'{0x00000000ead5d7d0}> (0x00000000ead5d7d0) 
thrown [s\src\hotspot\share\prims\jni.cpp, line 520]
Event: 115.397 Thread 0x000002045b56beb0 Exception <a 'sun/nio/fs/WindowsException'{0x00000000ead5f4f8}> (0x00000000ead5f4f8) 
thrown [s\src\hotspot\share\prims\jni.cpp, line 520]
Event: 115.398 Thread 0x000002045b56beb0 Exception <a 'sun/nio/fs/WindowsException'{0x00000000ead61250}> (0x00000000ead61250) 
thrown [s\src\hotspot\share\prims\jni.cpp, line 520]
Event: 115.399 Thread 0x000002045b56beb0 Exception <a 'sun/nio/fs/WindowsException'{0x00000000ead62f88}> (0x00000000ead62f88) 
thrown [s\src\hotspot\share\prims\jni.cpp, line 520]
Event: 115.400 Thread 0x000002045b56beb0 Exception <a 'sun/nio/fs/WindowsException'{0x00000000ead64cd0}> (0x00000000ead64cd0) 
thrown [s\src\hotspot\share\prims\jni.cpp, line 520]
Event: 115.401 Thread 0x000002045b56beb0 Exception <a 'sun/nio/fs/WindowsException'{0x00000000ead669c0}> (0x00000000ead669c0) 
thrown [s\src\hotspot\share\prims\jni.cpp, line 520]
Event: 115.402 Thread 0x000002045b56beb0 Exception <a 'sun/nio/fs/WindowsException'{0x00000000ead68908}> (0x00000000ead68908) 
thrown [s\src\hotspot\share\prims\jni.cpp, line 520]
Event: 115.403 Thread 0x000002045b56beb0 Exception <a 'sun/nio/fs/WindowsException'{0x00000000ead6a5e0}> (0x00000000ead6a5e0) 
thrown [s\src\hotspot\share\prims\jni.cpp, line 520]
Event: 115.404 Thread 0x000002045b56beb0 Exception <a 'sun/nio/fs/WindowsException'{0x00000000ead6c5b8}> (0x00000000ead6c5b8) 
thrown [s\src\hotspot\share\prims\jni.cpp, line 520]
Event: 115.411 Thread 0x000002045b56beb0 Exception <a 'sun/nio/fs/WindowsException'{0x00000000eadef5d0}> (0x00000000eadef5d0) 
thrown [s\src\hotspot\share\prims\jni.cpp, line 520]
Event: 115.412 Thread 0x000002045b56beb0 Exception <a 'sun/nio/fs/WindowsException'{0x00000000eadf1400}> (0x00000000eadf1400) 
thrown [s\src\hotspot\share\prims\jni.cpp, line 520]
Event: 115.443 Thread 0x000002045b56beb0 Exception <a 'sun/nio/fs/WindowsException'{0x00000000eaffdff8}> (0x00000000eaffdff8) 
thrown [s\src\hotspot\share\prims\jni.cpp, line 520]
Event: 115.443 Thread 0x000002045b56beb0 Exception <a 'sun/nio/fs/WindowsException'{0x00000000eaffe8d8}> (0x00000000eaffe8d8) 
thrown [s\src\hotspot\share\prims\jni.cpp, line 520]
Event: 115.460 Thread 0x000002045b56b820 Exception <a 'sun/nio/fs/WindowsException'{0x00000000eaca5080}> (0x00000000eaca5080) 
thrown [s\src\hotspot\share\prims\jni.cpp, line 520]

ZGC Phase Switch (0 events):
No events

VM Operations (20 events):
Event: 115.500 Executing VM operation: ParallelGCFailedAllocation (Allocation Failure) done
Event: 115.514 Executing VM operation: ParallelGCFailedAllocation (Allocation Failure)
Event: 115.518 Executing VM operation: ParallelGCFailedAllocation (Allocation Failure) done
Event: 115.529 Executing VM operation: ParallelGCFailedAllocation (Allocation Failure)
Event: 115.535 Executing VM operation: ParallelGCFailedAllocation (Allocation Failure) done
Event: 115.541 Executing VM operation: ParallelGCFailedAllocation (Allocation Failure)
Event: 115.542 Executing VM operation: ParallelGCFailedAllocation (Allocation Failure) done
Event: 115.544 Executing VM operation: ParallelGCFailedAllocation (Allocation Failure)
Event: 115.545 Executing VM operation: ParallelGCFailedAllocation (Allocation Failure) done
Event: 115.546 Executing VM operation: ParallelGCFailedAllocation (Allocation Failure)
Event: 115.547 Executing VM operation: ParallelGCFailedAllocation (Allocation Failure) done
Event: 115.557 Executing VM operation: ParallelGCFailedAllocation (Allocation Failure)
Event: 115.558 Executing VM operation: ParallelGCFailedAllocation (Allocation Failure) done
Event: 115.565 Executing VM operation: ParallelGCFailedAllocation (Allocation Failure)
Event: 115.566 Executing VM operation: ParallelGCFailedAllocation (Allocation Failure) done
Event: 115.568 Executing VM operation: ParallelGCFailedAllocation (Allocation Failure)
Event: 115.569 Executing VM operation: ParallelGCFailedAllocation (Allocation Failure) done
Event: 115.577 Executing VM operation: ParallelGCFailedAllocation (Allocation Failure)
Event: 115.578 Executing VM operation: ParallelGCFailedAllocation (Allocation Failure) done
Event: 115.582 Executing VM operation: ParallelGCFailedAllocation (Allocation Failure)

Memory protections (0 events):
No events

Nmethod flushes (20 events):
Event: 17.779 Thread 0x000002047f8ee9c0 flushing  nmethod 0x00000204039bc910
Event: 17.779 Thread 0x000002047f8ee9c0 flushing  nmethod 0x00000204039d3f90
Event: 17.779 Thread 0x000002047f8ee9c0 flushing  nmethod 0x00000204039d4510
Event: 17.779 Thread 0x000002047f8ee9c0 flushing  nmethod 0x00000204039d5590
Event: 17.779 Thread 0x000002047f8ee9c0 flushing  nmethod 0x00000204039de090
Event: 17.779 Thread 0x000002047f8ee9c0 flushing  nmethod 0x00000204039e3910
Event: 17.779 Thread 0x000002047f8ee9c0 flushing  nmethod 0x00000204039e9e10
Event: 17.779 Thread 0x000002047f8ee9c0 flushing  nmethod 0x00000204039ef110
Event: 17.779 Thread 0x000002047f8ee9c0 flushing  nmethod 0x00000204039ef590
Event: 17.779 Thread 0x000002047f8ee9c0 flushing  nmethod 0x00000204039efb10
Event: 17.779 Thread 0x000002047f8ee9c0 flushing  nmethod 0x00000204039f0290
Event: 17.779 Thread 0x000002047f8ee9c0 flushing  nmethod 0x00000204039f2410
Event: 17.779 Thread 0x000002047f8ee9c0 flushing  nmethod 0x0000020403a13f90
Event: 17.779 Thread 0x000002047f8ee9c0 flushing  nmethod 0x0000020403a85590
Event: 17.779 Thread 0x000002047f8ee9c0 flushing  nmethod 0x0000020403a91e10
Event: 17.779 Thread 0x000002047f8ee9c0 flushing  nmethod 0x0000020403a93910
Event: 17.779 Thread 0x000002047f8ee9c0 flushing  nmethod 0x0000020403a95210
Event: 17.779 Thread 0x000002047f8ee9c0 flushing  nmethod 0x0000020403af5210
Event: 17.779 Thread 0x000002047f8ee9c0 flushing  nmethod 0x0000020403afa610
Event: 17.779 Thread 0x000002047f8ee9c0 flushing  nmethod 0x0000020403afb190

Events (20 events):
Event: 115.240 Thread 0x000002045b56beb0 Thread added: 0x000002045dbf5cb0
Event: 115.240 Thread 0x000002045b56beb0 Thread added: 0x000002045dbf4900
Event: 115.241 Thread 0x000002045b56beb0 Thread added: 0x000002045b56cbd0
Event: 115.241 Thread 0x000002045b56beb0 Thread added: 0x000002045b56a470
Event: 115.260 Thread 0x000002045b56a470 Thread exited: 0x000002045b56a470
Event: 115.260 Thread 0x000002045dbf4900 Thread exited: 0x000002045dbf4900
Event: 115.260 Thread 0x0000020469230f70 Thread exited: 0x0000020469230f70
Event: 115.260 Thread 0x000002045dbf5cb0 Thread exited: 0x000002045dbf5cb0
Event: 115.260 Thread 0x000002045b56cbd0 Thread exited: 0x000002045b56cbd0
Event: 115.329 Thread 0x000002045b56beb0 Thread added: 0x000002045b56cbd0
Event: 115.329 Thread 0x000002045b56beb0 Thread added: 0x000002045b56a470
Event: 115.330 Thread 0x000002045b56beb0 Thread added: 0x000002045dbf4900
Event: 115.330 Thread 0x000002045b56beb0 Thread added: 0x000002045dbf5cb0
Event: 115.330 Thread 0x000002045b56beb0 Thread added: 0x000002046824b130
Event: 115.351 Thread 0x000002045dbf5cb0 Thread exited: 0x000002045dbf5cb0
Event: 115.351 Thread 0x000002045dbf4900 Thread exited: 0x000002045dbf4900
Event: 115.351 Thread 0x000002045b56a470 Thread exited: 0x000002045b56a470
Event: 115.351 Thread 0x000002045b56cbd0 Thread exited: 0x000002045b56cbd0
Event: 115.351 Thread 0x000002046824b130 Thread exited: 0x000002046824b130
Event: 115.459 Thread 0x000002045b56ab00 Thread added: 0x000002046824b130


Dynamic libraries:
0x00007ff7fe2e0000 - 0x00007ff7fe2ee000 	c:\Users\joshu\.vscode\extensions\redhat.java-1.41.1-win32-x64\jre\21.0.6-win32-x86_64\bin\java.exe
0x00007ffc57040000 - 0x00007ffc572a0000 	C:\WINDOWS\SYSTEM32\ntdll.dll
0x00007ffc569d0000 - 0x00007ffc56a97000 	C:\WINDOWS\System32\KERNEL32.DLL
0x00007ffc54750000 - 0x00007ffc54b1a000 	C:\WINDOWS\System32\KERNELBASE.dll
0x00007ffc54550000 - 0x00007ffc5469b000 	C:\WINDOWS\System32\ucrtbase.dll
0x00007ffc34600000 - 0x00007ffc3461e000 	c:\Users\joshu\.vscode\extensions\redhat.java-1.41.1-win32-x64\jre\21.0.6-win32-x86_64\bin\VCRUNTIME140.dll
0x00007ffbc7d20000 - 0x00007ffbc7d38000 	c:\Users\joshu\.vscode\extensions\redhat.java-1.41.1-win32-x64\jre\21.0.6-win32-x86_64\bin\jli.dll
0x00007ffc564c0000 - 0x00007ffc5668c000 	C:\WINDOWS\System32\USER32.dll
0x00007ffc39db0000 - 0x00007ffc3a047000 	C:\WINDOWS\WinSxS\amd64_microsoft.windows.common-controls_6595b64144ccf1df_6.0.26100.3624_none_3e086962e3345f24\COMCTL32.dll
0x00007ffc54b20000 - 0x00007ffc54b47000 	C:\WINDOWS\System32\win32u.dll
0x00007ffc56f50000 - 0x00007ffc56ff9000 	C:\WINDOWS\System32\msvcrt.dll
0x00007ffc555d0000 - 0x00007ffc555fa000 	C:\WINDOWS\System32\GDI32.dll
0x00007ffc542b0000 - 0x00007ffc543e1000 	C:\WINDOWS\System32\gdi32full.dll
0x00007ffc546a0000 - 0x00007ffc54743000 	C:\WINDOWS\System32\msvcp_win.dll
0x00007ffc56da0000 - 0x00007ffc56dcf000 	C:\WINDOWS\System32\IMM32.DLL
0x00007ffbccee0000 - 0x00007ffbcceec000 	c:\Users\joshu\.vscode\extensions\redhat.java-1.41.1-win32-x64\jre\21.0.6-win32-x86_64\bin\vcruntime140_1.dll
0x00007ffbc7c90000 - 0x00007ffbc7d1d000 	c:\Users\joshu\.vscode\extensions\redhat.java-1.41.1-win32-x64\jre\21.0.6-win32-x86_64\bin\msvcp140.dll
0x00007ffbc6f00000 - 0x00007ffbc7c90000 	c:\Users\joshu\.vscode\extensions\redhat.java-1.41.1-win32-x64\jre\21.0.6-win32-x86_64\bin\server\jvm.dll
0x00007ffc54e40000 - 0x00007ffc54ef2000 	C:\WINDOWS\System32\ADVAPI32.dll
0x00007ffc55600000 - 0x00007ffc556a6000 	C:\WINDOWS\System32\sechost.dll
0x00007ffc56830000 - 0x00007ffc56946000 	C:\WINDOWS\System32\RPCRT4.dll
0x00007ffc56c90000 - 0x00007ffc56d04000 	C:\WINDOWS\System32\WS2_32.dll
0x00007ffc52e60000 - 0x00007ffc52ebe000 	C:\WINDOWS\SYSTEM32\POWRPROF.dll
0x00007ffc46d20000 - 0x00007ffc46d56000 	C:\WINDOWS\SYSTEM32\WINMM.dll
0x00007ffc4ccc0000 - 0x00007ffc4cccb000 	C:\WINDOWS\SYSTEM32\VERSION.dll
0x00007ffc52e40000 - 0x00007ffc52e54000 	C:\WINDOWS\SYSTEM32\UMPDC.dll
0x00007ffc53120000 - 0x00007ffc5313a000 	C:\WINDOWS\SYSTEM32\kernel.appcore.dll
0x00007ffbcc6e0000 - 0x00007ffbcc6ea000 	c:\Users\joshu\.vscode\extensions\redhat.java-1.41.1-win32-x64\jre\21.0.6-win32-x86_64\bin\jimage.dll
0x00007ffc522c0000 - 0x00007ffc52501000 	C:\WINDOWS\SYSTEM32\DBGHELP.DLL
0x00007ffc54f00000 - 0x00007ffc55282000 	C:\WINDOWS\System32\combase.dll
0x00007ffc563e0000 - 0x00007ffc564b6000 	C:\WINDOWS\System32\OLEAUT32.dll
0x00007ffc28f40000 - 0x00007ffc28f79000 	C:\WINDOWS\SYSTEM32\dbgcore.DLL
0x00007ffc544b0000 - 0x00007ffc54549000 	C:\WINDOWS\System32\bcryptPrimitives.dll
0x00007ffbc6ef0000 - 0x00007ffbc6eff000 	c:\Users\joshu\.vscode\extensions\redhat.java-1.41.1-win32-x64\jre\21.0.6-win32-x86_64\bin\instrument.dll
0x00007ffbc6ed0000 - 0x00007ffbc6eef000 	c:\Users\joshu\.vscode\extensions\redhat.java-1.41.1-win32-x64\jre\21.0.6-win32-x86_64\bin\java.dll
0x00007ffc55730000 - 0x00007ffc55e59000 	C:\WINDOWS\System32\SHELL32.dll
0x00007ffc54b50000 - 0x00007ffc54cb8000 	C:\WINDOWS\System32\wintypes.dll
0x00007ffc51990000 - 0x00007ffc521e2000 	C:\WINDOWS\SYSTEM32\windows.storage.dll
0x00007ffc55e60000 - 0x00007ffc55f4d000 	C:\WINDOWS\System32\SHCORE.dll
0x00007ffc56950000 - 0x00007ffc569b4000 	C:\WINDOWS\System32\shlwapi.dll
0x00007ffc54130000 - 0x00007ffc5415f000 	C:\WINDOWS\SYSTEM32\profapi.dll
0x00007ffbc6eb0000 - 0x00007ffbc6ec8000 	c:\Users\joshu\.vscode\extensions\redhat.java-1.41.1-win32-x64\jre\21.0.6-win32-x86_64\bin\zip.dll
0x00007ffbc6ea0000 - 0x00007ffbc6eb0000 	C:\Users\joshu\.vscode\extensions\redhat.java-1.41.1-win32-x64\jre\21.0.6-win32-x86_64\bin\net.dll
0x00007ffc4be10000 - 0x00007ffc4bf2d000 	C:\WINDOWS\SYSTEM32\WINHTTP.dll
0x00007ffc53670000 - 0x00007ffc536da000 	C:\WINDOWS\system32\mswsock.dll
0x00007ffbc6e80000 - 0x00007ffbc6e96000 	C:\Users\joshu\.vscode\extensions\redhat.java-1.41.1-win32-x64\jre\21.0.6-win32-x86_64\bin\nio.dll
0x00007ffbc6e70000 - 0x00007ffbc6e80000 	c:\Users\joshu\.vscode\extensions\redhat.java-1.41.1-win32-x64\jre\21.0.6-win32-x86_64\bin\verify.dll
0x00007ffc3bab0000 - 0x00007ffc3baf5000 	C:\Users\joshu\AppData\Roaming\Code\User\globalStorage\redhat.java\1.41.1\config_win\org.eclipse.equinox.launcher\org.eclipse.equinox.launcher.win32.win32.x86_64_1.2.1300.v20250331-1702\eclipse_11911.dll
0x00007ffc56690000 - 0x00007ffc56826000 	C:\WINDOWS\System32\ole32.dll
0x00007ffc53910000 - 0x00007ffc5392c000 	C:\WINDOWS\SYSTEM32\CRYPTSP.dll
0x00007ffc53080000 - 0x00007ffc530ba000 	C:\WINDOWS\system32\rsaenh.dll
0x00007ffc53710000 - 0x00007ffc5373b000 	C:\WINDOWS\SYSTEM32\USERENV.dll
0x00007ffc54100000 - 0x00007ffc54126000 	C:\WINDOWS\SYSTEM32\bcrypt.dll
0x00007ffc53930000 - 0x00007ffc5393c000 	C:\WINDOWS\SYSTEM32\CRYPTBASE.dll
0x00007ffc52a90000 - 0x00007ffc52ac3000 	C:\WINDOWS\SYSTEM32\IPHLPAPI.DLL
0x00007ffc55440000 - 0x00007ffc5544a000 	C:\WINDOWS\System32\NSI.dll
0x00007ffbd2a50000 - 0x00007ffbd2a99000 	C:\Users\joshu\AppData\Local\Temp\jna-101313883\jna6532411526640859389.dll
0x00007ffc56aa0000 - 0x00007ffc56aa8000 	C:\WINDOWS\System32\PSAPI.DLL
0x00007ffc4bf90000 - 0x00007ffc4bfaf000 	C:\WINDOWS\SYSTEM32\dhcpcsvc6.DLL
0x00007ffc4b790000 - 0x00007ffc4b7b5000 	C:\WINDOWS\SYSTEM32\dhcpcsvc.DLL
0x00007ffc53250000 - 0x00007ffc53285000 	C:\WINDOWS\SYSTEM32\ntmarta.dll
0x00007ffc4ce30000 - 0x00007ffc4ce3e000 	C:\Users\joshu\.vscode\extensions\redhat.java-1.41.1-win32-x64\jre\21.0.6-win32-x86_64\bin\sunmscapi.dll
0x00007ffc54cc0000 - 0x00007ffc54e37000 	C:\WINDOWS\System32\CRYPT32.dll
0x00007ffc53b10000 - 0x00007ffc53b40000 	C:\WINDOWS\SYSTEM32\ncrypt.dll
0x00007ffc53ac0000 - 0x00007ffc53aff000 	C:\WINDOWS\SYSTEM32\NTASN1.dll

dbghelp: loaded successfully - version: 4.0.5 - missing functions: none
symbol engine: initialized successfully - sym options: 0x614 - pdb path: .;c:\Users\joshu\.vscode\extensions\redhat.java-1.41.1-win32-x64\jre\21.0.6-win32-x86_64\bin;C:\WINDOWS\SYSTEM32;C:\WINDOWS\WinSxS\amd64_microsoft.windows.common-controls_6595b64144ccf1df_6.0.26100.3624_none_3e086962e3345f24;c:\Users\joshu\.vscode\extensions\redhat.java-1.41.1-win32-x64\jre\21.0.6-win32-x86_64\bin\server;C:\Users\joshu\AppData\Roaming\Code\User\globalStorage\redhat.java\1.41.1\config_win\org.eclipse.equinox.launcher\org.eclipse.equinox.launcher.win32.win32.x86_64_1.2.1300.v20250331-1702;C:\Users\joshu\AppData\Local\Temp\jna-101313883

VM Arguments:
jvm_args: --add-modules=ALL-SYSTEM --add-opens=java.base/java.util=ALL-UNNAMED --add-opens=java.base/java.lang=ALL-UNNAMED --add-opens=java.base/sun.nio.fs=ALL-UNNAMED -Declipse.application=org.eclipse.jdt.ls.core.id1 -Dosgi.bundles.defaultStartLevel=4 -Declipse.product=org.eclipse.jdt.ls.core.product -Djava.import.generatesMetadataFilesAtProjectRoot=false -DDetectVMInstallationsJob.disabled=true -Dfile.encoding=utf8 -XX:+UseParallelGC -XX:GCTimeRatio=4 -XX:AdaptiveSizePolicyWeight=90 -Dsun.zip.disableMemoryMapping=true -Xmx1G -Xms100m -Xlog:disable -javaagent:c:\Users\joshu\.vscode\extensions\redhat.java-1.41.1-win32-x64\lombok\lombok-1.18.36.jar -XX:+HeapDumpOnOutOfMemoryError -XX:HeapDumpPath=c:\Users\joshu\AppData\Roaming\Code\User\workspaceStorage\3af777b82329b118d91d05b142a59275\redhat.java -Daether.dependencyCollector.impl=bf 
java_command: c:\Users\joshu\.vscode\extensions\redhat.java-1.41.1-win32-x64\server\plugins\org.eclipse.equinox.launcher_1.7.0.v20250331-1702.jar -configuration c:\Users\joshu\AppData\Roaming\Code\User\globalStorage\redhat.java\1.41.1\config_win -data c:\Users\joshu\AppData\Roaming\Code\User\workspaceStorage\3af777b82329b118d91d05b142a59275\redhat.java\jdt_ws --pipe=\\.\pipe\lsp-df66739ef56f130f8f1ef240b7b2de65-sock
java_class_path (initial): c:\Users\joshu\.vscode\extensions\redhat.java-1.41.1-win32-x64\server\plugins\org.eclipse.equinox.launcher_1.7.0.v20250331-1702.jar
Launcher Type: SUN_STANDARD

[Global flags]
    uintx AdaptiveSizePolicyWeight                 = 90                                        {product} {command line}
     intx CICompilerCount                          = 4                                         {product} {ergonomic}
    uintx GCTimeRatio                              = 4                                         {product} {command line}
     bool HeapDumpOnOutOfMemoryError               = true                                   {manageable} {command line}
    ccstr HeapDumpPath                             = c:\Users\joshu\AppData\Roaming\Code\User\workspaceStorage\3af777b82329b118d91d05b142a59275\redhat.java         {manageable} {command line}
   size_t InitialHeapSize                          = 104857600                                 {product} {command line}
   size_t MaxHeapSize                              = 1073741824                                {product} {command line}
   size_t MaxNewSize                               = 357564416                                 {product} {ergonomic}
   size_t MinHeapDeltaBytes                        = 524288                                    {product} {ergonomic}
   size_t MinHeapSize                              = 104857600                                 {product} {command line}
   size_t NewSize                                  = 34603008                                  {product} {ergonomic}
    uintx NonNMethodCodeHeapSize                   = 5839372                                {pd product} {ergonomic}
    uintx NonProfiledCodeHeapSize                  = 122909434                              {pd product} {ergonomic}
   size_t OldSize                                  = 70254592                                  {product} {ergonomic}
    uintx ProfiledCodeHeapSize                     = 122909434                              {pd product} {ergonomic}
    uintx ReservedCodeCacheSize                    = 251658240                              {pd product} {ergonomic}
     bool SegmentedCodeCache                       = true                                      {product} {ergonomic}
   size_t SoftMaxHeapSize                          = 1073741824                             {manageable} {ergonomic}
     bool UseCompressedOops                        = true                           {product lp64_product} {ergonomic}
     bool UseLargePagesIndividualAllocation        = false                                  {pd product} {ergonomic}
     bool UseParallelGC                            = true                                      {product} {command line}

Logging:
Log output configuration:
 #0: stdout all=off uptime,level,tags foldmultilines=false
 #1: stderr all=off uptime,level,tags foldmultilines=false

Environment Variables:
PATH=C:\Program Files\Common Files\Oracle\Java\javapath;C:\Program Files (x86)\Common Files\Oracle\Java\java8path;C:\Program Files (x86)\Common Files\Oracle\Java\javapath;c:\Users\joshu\AppData\Local\Programs\cursor\resources\app\bin;C:\Program Files (x86)\Razer Chroma SDK\bin;C:\Program Files\Razer Chroma SDK\bin;C:\Program Files (x86)\Razer\ChromaBroadcast\bin;C:\Program Files\Razer\ChromaBroadcast\bin;C:\WINDOWS\system32;C:\WINDOWS;C:\WINDOWS\System32\Wbem;C:\WINDOWS\System32\WindowsPowerShell\v1.0\;C:\WINDOWS\System32\OpenSSH\;C:\Program Files (x86)\NVIDIA Corporation\PhysX\Common;C:\WINDOWS\system32\config\systemprofile\AppData\Local\Microsoft\WindowsApps;C:\Program Files\nodejs\;C:\Program Files\Git\cmd;C:\WINDOWS\system32;C:\WINDOWS;C:\WINDOWS\System32\Wbem;C:\WINDOWS\System32\WindowsPowerShell\v1.0\;C:\WINDOWS\System32\OpenSSH\;C:\Program Files\dotnet\;C:\Program Files\wooting-analog-sdk\;C:\Users\joshu\AppData\Local\Microsoft\WindowsApps;C:\Users\joshu\AppData\Roaming\npm;C:\Users\joshu\AppData\Local\M;C:\Program Files\NVIDIA Corporation\NVIDIA app\NvDLISR;C:\maven\apache-maven-3.9.9\bin;C:\Users\joshu\AppData\Local\Microsoft\WindowsApps;C:\Users\joshu\AppData\Roaming\npm;C:\Users\joshu\AppData\Local\Programs\Microsoft VS Code\bin;C:\Users\joshu\AppData\Local\Muse Hub\lib;C:\Users\joshu\AppData\Local\GitHubDesktop\bin;C:\Users\joshu\AppData\Local\Programs\cursor\resources\app\bin
USERNAME=joshu
OS=Windows_NT
PROCESSOR_IDENTIFIER=Intel64 Family 6 Model 158 Stepping 13, GenuineIntel
TMP=C:\Users\joshu\AppData\Local\Temp
TEMP=C:\Users\joshu\AppData\Local\Temp




Periodic native trim disabled

---------------  S Y S T E M  ---------------

OS:
 Windows 11 , 64 bit Build 26100 (10.0.26100.3775)
OS uptime: 0 days 0:02 hours
Hyper-V role detected

CPU: total 8 (initial active 8) (8 cores per cpu, 1 threads per core) family 6 model 158 stepping 13 microcode 0xde, cx8, cmov, fxsr, mmx, 3dnowpref, sse, sse2, sse3, ssse3, sse4.1, sse4.2, popcnt, lzcnt, tsc, tscinvbit, avx, avx2, aes, erms, clmul, bmi1, bmi2, adx, fma, vzeroupper, clflush, clflushopt, hv, rdtscp, f16c
Processor Information for the first 8 processors :
  Max Mhz: 3600, Current Mhz: 3600, Mhz Limit: 3600

Memory: 4k page, system-wide physical 32683M (21185M free)
TotalPageFile size 37035M (AvailPageFile size 20085M)
current process WorkingSet (physical memory assigned to process): 1024M, peak: 1027M
current process commit charge ("private bytes"): 931M, peak: 940M

vm_info: OpenJDK 64-Bit Server VM (21.0.6+7-LTS) for windows-amd64 JRE (21.0.6+7-LTS), built on 2025-01-21T00:00:00Z by "admin" with MS VC++ 17.7 (VS2022)

END.
