#
# A fatal error has been detected by the Java Runtime Environment:
#
#  EXCEPTION_ACCESS_VIOLATION (0xc0000005) at pc=0x00007fffa889717d, pid=15416, tid=10664
#
# JRE version: OpenJDK Runtime Environment Temurin-21.0.6+7 (21.0.6+7) (build 21.0.6+7-LTS)
# Java VM: OpenJDK 64-Bit Server VM Temurin-21.0.6+7 (21.0.6+7-LTS, mixed mode, sharing, tiered, compressed oops, compressed class ptrs, parallel gc, windows-amd64)
# Problematic frame:
# V  [jvm.dll+0x33717d]
#
# No core dump will be written. Minidumps are not enabled by default on client versions of Windows
#
# If you would like to submit a bug report, please visit:
#   https://github.com/adoptium/adoptium-support/issues
#

---------------  S U M M A R Y ------------

Command Line: --add-modules=ALL-SYSTEM --add-opens=java.base/java.util=ALL-UNNAMED --add-opens=java.base/java.lang=ALL-UNNAMED --add-opens=java.base/sun.nio.fs=ALL-UNNAMED -Declipse.application=org.eclipse.jdt.ls.core.id1 -Dosgi.bundles.defaultStartLevel=4 -Declipse.product=org.eclipse.jdt.ls.core.product -Djava.import.generatesMetadataFilesAtProjectRoot=false -DDetectVMInstallationsJob.disabled=true -Dfile.encoding=utf8 -XX:+UseParallelGC -XX:GCTimeRatio=4 -XX:AdaptiveSizePolicyWeight=90 -Dsun.zip.disableMemoryMapping=true -Xmx1G -Xms100m -Xlog:disable -javaagent:c:\Users\joshu\.cursor\extensions\redhat.java-1.41.1-win32-x64\lombok\lombok-1.18.36.jar -XX:+HeapDumpOnOutOfMemoryError -XX:HeapDumpPath=c:\Users\joshu\AppData\Roaming\Cursor\User\workspaceStorage\3af777b82329b118d91d05b142a59275\redhat.java -Daether.dependencyCollector.impl=bf c:\Users\joshu\.cursor\extensions\redhat.java-1.41.1-win32-x64\server\plugins\org.eclipse.equinox.launcher_1.7.0.v20250331-1702.jar -configuration c:\Users\joshu\AppData\Roaming\Cursor\User\globalStorage\redhat.java\1.41.1\config_win -data c:\Users\joshu\AppData\Roaming\Cursor\User\workspaceStorage\3af777b82329b118d91d05b142a59275\redhat.java\jdt_ws --pipe=\\.\pipe\lsp-b704c0eb71c544996eae06bb4d675c53-sock

Host: Intel(R) Core(TM) i7-9700K CPU @ 3.60GHz, 8 cores, 31G,  Windows 11 , 64 bit Build 26100 (10.0.26100.3775)
Time: Sat Apr 26 11:06:18 2025 Eastern Daylight Time elapsed time: 310.433050 seconds (0d 0h 5m 10s)

---------------  T H R E A D  ---------------

Current thread (0x00000237e77e47c0):  WorkerThread "GC Thread#6"    [id=10664, stack(0x000000fd6da00000,0x000000fd6db00000) (1024K)]

Stack: [0x000000fd6da00000,0x000000fd6db00000],  sp=0x000000fd6daff690,  free space=1021k
Native frames: (J=compiled Java code, j=interpreted, Vv=VM code, C=native code)
V  [jvm.dll+0x33717d]
V  [jvm.dll+0x70e388]
V  [jvm.dll+0x70e85f]
V  [jvm.dll+0x8d62a7]
V  [jvm.dll+0x851f8b]
V  [jvm.dll+0x6cc5ed]
C  [ucrtbase.dll+0x37b0]
C  [KERNEL32.DLL+0x2e8d7]
C  [ntdll.dll+0xb14fc]


siginfo: EXCEPTION_ACCESS_VIOLATION (0xc0000005), data execution prevention violation at address 0x00007fff2e720000


Registers:
RAX=0x00000237903b6450, RBX=0x0000000000000001, RCX=0x00000237a46effe0, RDX=0x000000fd6daff720
RSP=0x000000fd6daff690, RBP=0x00000237a46f07e0, RSI=0x0000000000000003, RDI=0x00000237903bafc0
R8 =0x00000000000000ad, R9 =0x0000000000000001, R10=0x0000000000000028, R11=0x0000000000000008
R12=0x0000000000000010, R13=0x0000000000000018, R14=0x0000000000000001, R15=0x000000fd6daff720
RIP=0x00007fffa889717d, EFLAGS=0x0000000000010202

XMM[0]=0x0000000000000000 0x0000000000000000
XMM[1]=0x0000000000000000 0x0000000000000000
XMM[2]=0x0000000000000000 0x0000000000000000
XMM[3]=0x0000000000000000 0x0000000000000000
XMM[4]=0x0000000000000000 0x0000000000000000
XMM[5]=0x0000000000000000 0x0000000000000000
XMM[6]=0x0000000000000000 0x0000000000000000
XMM[7]=0x0000000000000000 0x0000000000000000
XMM[8]=0x0000000000000000 0x0000000000000000
XMM[9]=0x0000000000000000 0x0000000000000000
XMM[10]=0x0000000000000000 0x0000000000000000
XMM[11]=0x0000000000000000 0x0000000000000000
XMM[12]=0x0000000000000000 0x0000000000000000
XMM[13]=0x0000000000000000 0x0000000000000000
XMM[14]=0x0000000000000000 0x0000000000000000
XMM[15]=0x0000000000000000 0x0000000000000000
  MXCSR=0x00001fa0


Register to memory mapping:

RAX=0x00000237903b6450 points into unknown readable memory: 0x00000237a46efbe0 | e0 fb 6e a4 37 02 00 00
RBX=0x0000000000000001 is an unknown value
RCX=0x00000237a46effe0 points into unknown readable memory: 0x0000000000000000 | 00 00 00 00 00 00 00 00
RDX=0x000000fd6daff720 points into unknown readable memory: 0x00000000e9b93c19 | 19 3c b9 e9 00 00 00 00
RSP=0x000000fd6daff690 points into unknown readable memory: 0x0000000000000003 | 03 00 00 00 00 00 00 00
RBP=0x00000237a46f07e0 points into unknown readable memory: 0x0000000000000000 | 00 00 00 00 00 00 00 00
RSI=0x0000000000000003 is an unknown value
RDI=0x00000237903bafc0 points into unknown readable memory: 0x00007fffa8f84ae8 | e8 4a f8 a8 ff 7f 00 00
R8 =0x00000000000000ad is an unknown value
R9 =0x0000000000000001 is an unknown value
R10=0x0000000000000028 is an unknown value
R11=0x0000000000000008 is an unknown value
R12=0x0000000000000010 is an unknown value
R13=0x0000000000000018 is an unknown value
R14=0x0000000000000001 is an unknown value
R15=0x000000fd6daff720 points into unknown readable memory: 0x00000000e9b93c19 | 19 3c b9 e9 00 00 00 00

Top of Stack: (sp=0x000000fd6daff690)
0x000000fd6daff690:   0000000000000003 0000000000000001
0x000000fd6daff6a0:   000000fd6c8fef18 0000000000000003
0x000000fd6daff6b0:   000000fd6c8fef18 0000000000000003
0x000000fd6daff6c0:   00000237e78c50b0 0000000000000005
0x000000fd6daff6d0:   0000000000000003 00007fffa8c6e388
0x000000fd6daff6e0:   00000237a46f0780 0000000000000000
0x000000fd6daff6f0:   000000fd6c8fef70 00000237a46f0780
0x000000fd6daff700:   000000fd6c8fee10 00007fffa8c6e85f
0x000000fd6daff710:   00000237a46f0780 000000fd6daff7a9
0x000000fd6daff720:   00000000e9b93c19 000000fd6c8fef50
0x000000fd6daff730:   00000237a46f0780 0000000000000003
0x000000fd6daff740:   0000000000000008 00000000d0ee77c0
0x000000fd6daff750:   00000237a46f0780 00007fff00000003
0x000000fd6daff760:   00007fffa8fec368 00000237a46f0780
0x000000fd6daff770:   000000fd6c8fee10 00000237e7129ae0
0x000000fd6daff780:   00000000000003d8 00000237e7129af0
0x000000fd6daff790:   00000237e7129ec8 00007fffa8fec358
0x000000fd6daff7a0:   0000000000000003 0000000000000000
0x000000fd6daff7b0:   0000000000000000 0000000000000000
0x000000fd6daff7c0:   0000000000000000 0000d2d04ea6b373
0x000000fd6daff7d0:   00000237e7926730 0000000000000000
0x000000fd6daff7e0:   0000000000000030 00000237ec291930
0x000000fd6daff7f0:   0000000000000003 000002378ded4bf8
0x000000fd6daff800:   00000237e77e47c0 00007fffa8e362a7
0x000000fd6daff810:   000002378ded4bf8 00000237e77e47c0
0x000000fd6daff820:   0000000000000070 00000237ec291930
0x000000fd6daff830:   0000000000000000 00000237e77e47c0
0x000000fd6daff840:   0000000000000000 0000000000100000
0x000000fd6daff850:   0000000000000000 00007fffa8db1f8b
0x000000fd6daff860:   000000fd6da00000 00000000ffffffff
0x000000fd6daff870:   0000000000000000 0000000000000000
0x000000fd6daff880:   0000000000000004 0000000000001000 

Instructions: (pc=0x00007fffa889717d)
0x00007fffa889707d:   8d 88 ff ff ff 7f 0f 4e c1 33 d2 89 85 04 02 00
0x00007fffa889708d:   00 f7 77 08 44 8b ca 3b d6 74 b8 8b de 66 0f 1f
0x00007fffa889709d:   44 00 00 3b de 74 05 41 3b d9 75 45 44 8b 85 04
0x00007fffa88970ad:   02 00 00 b8 5f 0b 4e 83 41 f7 e8 41 03 d0 c1 fa
0x00007fffa88970bd:   10 8b c2 c1 e8 1f 03 d0 41 69 c0 a7 41 00 00 69
0x00007fffa88970cd:   ca ff ff ff 7f 2b c1 85 c0 8d 88 ff ff ff 7f 0f
0x00007fffa88970dd:   4e c1 33 d2 89 85 04 02 00 00 f7 77 08 8b da eb
0x00007fffa88970ed:   b2 41 8b c1 4c 8d 1c c5 00 00 00 00 48 8b 47 10
0x00007fffa88970fd:   49 8b 0c 03 8b 81 00 01 00 00 44 8b 81 80 00 00
0x00007fffa889710d:   00 44 2b c0 b8 00 00 00 00 41 81 e0 ff ff 01 00
0x00007fffa889711d:   41 81 f8 ff ff 01 00 44 0f 44 c0 8b c3 4c 8d 14
0x00007fffa889712d:   c5 00 00 00 00 48 8b 47 10 49 8b 0c 02 8b 81 00
0x00007fffa889713d:   01 00 00 8b 91 80 00 00 00 33 c9 2b d0 8b c1 81
0x00007fffa889714d:   e2 ff ff 01 00 81 fa ff ff 01 00 0f 44 d1 41 3b
0x00007fffa889715d:   d0 76 0a 48 8b 47 10 49 8b 0c 02 eb 10 45 85 c0
0x00007fffa889716d:   74 18 48 8b 47 10 41 8b d9 49 8b 0c 03 49 8b d7
0x00007fffa889717d:   e8 4e e6 ff ff 83 f8 02 74 05 bb ff ff ff ff 89
0x00007fffa889718d:   9d 00 02 00 00 eb 14 75 17 8d 46 ff 49 8b d7 83
0x00007fffa889719d:   e0 01 48 8b 0c c1 e8 28 e6 ff ff 83 f8 02 74 2b
0x00007fffa88971ad:   41 ff c6 45 3b f4 0f 82 77 fe ff ff 32 c0 48 8b
0x00007fffa88971bd:   5c 24 50 48 8b 6c 24 58 48 8b 74 24 60 48 83 c4
0x00007fffa88971cd:   20 41 5f 41 5e 41 5d 41 5c 5f c3 b0 01 eb df cc
0x00007fffa88971dd:   cc cc cc 48 8b 89 50 06 00 00 e9 e4 f2 59 00 cc
0x00007fffa88971ed:   cc cc cc 48 89 54 24 10 4c 89 44 24 18 4c 89 4c
0x00007fffa88971fd:   24 20 53 48 83 ec 20 48 8b d9 4c 8d 4c 24 40 4c
0x00007fffa889720d:   8b c2 48 8d 0d 3a d0 94 00 ba 01 00 00 00 e8 40
0x00007fffa889721d:   aa 2a 00 48 8b c3 48 83 c4 20 5b c3 cc cc cc cc
0x00007fffa889722d:   cc cc cc 48 89 5c 24 18 55 57 41 57 48 83 ec 20
0x00007fffa889723d:   48 8b 41 18 4c 8b f9 8b 7a 38 48 8d 4a 3c 48 8b
0x00007fffa889724d:   da 48 8b 80 60 06 00 00 48 8b 2c f8 8b 01 c1 e8
0x00007fffa889725d:   02 48 c1 e5 03 a8 01 0f 84 11 01 00 00 8b 42 3c
0x00007fffa889726d:   83 f8 04 0f 85 60 01 00 00 48 89 74 24 40 4c 89 


Stack slot to memory mapping:

stack at sp + 0 slots: 0x0000000000000003 is an unknown value
stack at sp + 1 slots: 0x0000000000000001 is an unknown value
stack at sp + 2 slots: 0x000000fd6c8fef18 points into unknown readable memory: 0x00000237903aa7f0 | f0 a7 3a 90 37 02 00 00
stack at sp + 3 slots: 0x0000000000000003 is an unknown value
stack at sp + 4 slots: 0x000000fd6c8fef18 points into unknown readable memory: 0x00000237903aa7f0 | f0 a7 3a 90 37 02 00 00
stack at sp + 5 slots: 0x0000000000000003 is an unknown value
stack at sp + 6 slots: 0x00000237e78c50b0 points into unknown readable memory: 0x0000000000000002 | 02 00 00 00 00 00 00 00
stack at sp + 7 slots: 0x0000000000000005 is an unknown value


---------------  P R O C E S S  ---------------

Threads class SMR info:
_java_thread_list=0x00000237f908fe00, length=65, elements={
0x000002379033ebd0, 0x00000237903fa7a0, 0x00000237a46f3fd0, 0x00000237a46f6590,
0x00000237a46f71e0, 0x00000237a46f9d40, 0x00000237a46fa790, 0x00000237a46fd5d0,
0x00000237a472d9f0, 0x00000237e71e8dc0, 0x00000237e73a0870, 0x00000237e7cd1540,
0x00000237ec11b400, 0x00000237ec105310, 0x00000237ec106110, 0x00000237ec5927c0,
0x00000237e7a8fb20, 0x00000237ec2bf320, 0x00000237ec2be600, 0x00000237ec2c0d60,
0x00000237ec2c06d0, 0x00000237ecd3a9f0, 0x00000237ecd3b080, 0x00000237ecd39cd0,
0x00000237ecd38fb0, 0x00000237ecd3bda0, 0x00000237ecd3a360, 0x00000237ecd38920,
0x00000237ecd3c430, 0x00000237ecd3de70, 0x00000237ecd3d150, 0x00000237ecd3d7e0,
0x00000237ecd3e500, 0x00000237ecd3f220, 0x00000237ee6c6950, 0x00000237ee6c8390,
0x00000237ee6c7d00, 0x00000237ee6c8a20, 0x00000237ee6c55a0, 0x00000237ee6c5c30,
0x00000237ee6cb180, 0x00000237ee6cc530, 0x00000237ee6cb810, 0x00000237ee6c90b0,
0x00000237ee6c9dd0, 0x00000237ee6cbea0, 0x00000237ee6caaf0, 0x00000237ee12acb0,
0x00000237ee129900, 0x00000237ee129f90, 0x00000237ee12d410, 0x00000237ee12f4e0,
0x00000237ee12c6f0, 0x00000237ec2bec90, 0x00000237fa3d2750, 0x00000237fa3d3470,
0x00000237ecd3b710, 0x00000237ee6c6fe0, 0x00000237ee6c9740, 0x00000237ee6c7670,
0x00000237ee12daa0, 0x00000237ee12e7c0, 0x00000237ec2bdf70, 0x00000237ee6c4f10,
0x00000237fa3d6260
}

Java Threads: ( => current thread )
  0x000002379033ebd0 JavaThread "main"                              [_thread_blocked, id=13940, stack(0x000000fd6c500000,0x000000fd6c600000) (1024K)]
  0x00000237903fa7a0 JavaThread "Reference Handler"          daemon [_thread_blocked, id=14468, stack(0x000000fd6c900000,0x000000fd6ca00000) (1024K)]
  0x00000237a46f3fd0 JavaThread "Finalizer"                  daemon [_thread_blocked, id=25340, stack(0x000000fd6ca00000,0x000000fd6cb00000) (1024K)]
  0x00000237a46f6590 JavaThread "Signal Dispatcher"          daemon [_thread_blocked, id=24868, stack(0x000000fd6cb00000,0x000000fd6cc00000) (1024K)]
  0x00000237a46f71e0 JavaThread "Attach Listener"            daemon [_thread_blocked, id=11684, stack(0x000000fd6cc00000,0x000000fd6cd00000) (1024K)]
  0x00000237a46f9d40 JavaThread "Service Thread"             daemon [_thread_blocked, id=9700, stack(0x000000fd6cd00000,0x000000fd6ce00000) (1024K)]
  0x00000237a46fa790 JavaThread "Monitor Deflation Thread"   daemon [_thread_blocked, id=4872, stack(0x000000fd6ce00000,0x000000fd6cf00000) (1024K)]
  0x00000237a46fd5d0 JavaThread "C2 CompilerThread0"         daemon [_thread_blocked, id=26356, stack(0x000000fd6cf00000,0x000000fd6d000000) (1024K)]
  0x00000237a472d9f0 JavaThread "C1 CompilerThread0"         daemon [_thread_blocked, id=1704, stack(0x000000fd6d000000,0x000000fd6d100000) (1024K)]
  0x00000237e71e8dc0 JavaThread "Common-Cleaner"             daemon [_thread_blocked, id=3900, stack(0x000000fd6d100000,0x000000fd6d200000) (1024K)]
  0x00000237e73a0870 JavaThread "Notification Thread"        daemon [_thread_blocked, id=4144, stack(0x000000fd6d300000,0x000000fd6d400000) (1024K)]
  0x00000237e7cd1540 JavaThread "Active Thread: Equinox Container: bfbaa927-28a2-42db-89cd-e307c6d34bf9"        [_thread_blocked, id=27392, stack(0x000000fd6db00000,0x000000fd6dc00000) (1024K)]
  0x00000237ec11b400 JavaThread "Refresh Thread: Equinox Container: bfbaa927-28a2-42db-89cd-e307c6d34bf9" daemon [_thread_blocked, id=27188, stack(0x000000fd6d200000,0x000000fd6d300000) (1024K)]
  0x00000237ec105310 JavaThread "Framework Event Dispatcher: Equinox Container: bfbaa927-28a2-42db-89cd-e307c6d34bf9" daemon [_thread_blocked, id=18372, stack(0x000000fd6d400000,0x000000fd6d500000) (1024K)]
  0x00000237ec106110 JavaThread "Start Level: Equinox Container: bfbaa927-28a2-42db-89cd-e307c6d34bf9" daemon [_thread_blocked, id=24728, stack(0x000000fd6dd00000,0x000000fd6de00000) (1024K)]
  0x00000237ec5927c0 JavaThread "Bundle File Closer"         daemon [_thread_blocked, id=27576, stack(0x000000fd6df00000,0x000000fd6e000000) (1024K)]
  0x00000237e7a8fb20 JavaThread "SCR Component Actor"        daemon [_thread_blocked, id=27772, stack(0x000000fd6de00000,0x000000fd6df00000) (1024K)]
  0x00000237ec2bf320 JavaThread "Worker-JM"                         [_thread_blocked, id=25836, stack(0x000000fd6e300000,0x000000fd6e400000) (1024K)]
  0x00000237ec2be600 JavaThread "JNA Cleaner"                daemon [_thread_blocked, id=27232, stack(0x000000fd6e400000,0x000000fd6e500000) (1024K)]
  0x00000237ec2c0d60 JavaThread "Worker-0"                          [_thread_blocked, id=6140, stack(0x000000fd6e500000,0x000000fd6e600000) (1024K)]
  0x00000237ec2c06d0 JavaThread "Java indexing"              daemon [_thread_blocked, id=26956, stack(0x000000fd6e800000,0x000000fd6e900000) (1024K)]
  0x00000237ecd3a9f0 JavaThread "Thread-2"                   daemon [_thread_in_native, id=27292, stack(0x000000fd6ed00000,0x000000fd6ee00000) (1024K)]
  0x00000237ecd3b080 JavaThread "Thread-3"                   daemon [_thread_in_native, id=28116, stack(0x000000fd6ee00000,0x000000fd6ef00000) (1024K)]
  0x00000237ecd39cd0 JavaThread "Thread-4"                   daemon [_thread_in_native, id=27416, stack(0x000000fd6ef00000,0x000000fd6f000000) (1024K)]
  0x00000237ecd38fb0 JavaThread "Thread-5"                   daemon [_thread_in_native, id=16068, stack(0x000000fd6f000000,0x000000fd6f100000) (1024K)]
  0x00000237ecd3bda0 JavaThread "Thread-6"                   daemon [_thread_in_native, id=1472, stack(0x000000fd6f100000,0x000000fd6f200000) (1024K)]
  0x00000237ecd3a360 JavaThread "Thread-7"                   daemon [_thread_in_native, id=12032, stack(0x000000fd6f200000,0x000000fd6f300000) (1024K)]
  0x00000237ecd38920 JavaThread "Thread-8"                   daemon [_thread_in_native, id=6520, stack(0x000000fd6f300000,0x000000fd6f400000) (1024K)]
  0x00000237ecd3c430 JavaThread "Thread-9"                   daemon [_thread_in_native, id=15180, stack(0x000000fd6f400000,0x000000fd6f500000) (1024K)]
  0x00000237ecd3de70 JavaThread "Thread-10"                  daemon [_thread_in_native, id=8328, stack(0x000000fd6f500000,0x000000fd6f600000) (1024K)]
  0x00000237ecd3d150 JavaThread "pool-2-thread-1"                   [_thread_blocked, id=1776, stack(0x000000fd6f700000,0x000000fd6f800000) (1024K)]
  0x00000237ecd3d7e0 JavaThread "WorkspaceEventsHandler"            [_thread_blocked, id=17576, stack(0x000000fd6f800000,0x000000fd6f900000) (1024K)]
  0x00000237ecd3e500 JavaThread "pool-1-thread-1"                   [_thread_blocked, id=9640, stack(0x000000fd6f900000,0x000000fd6fa00000) (1024K)]
  0x00000237ecd3f220 JavaThread "Worker-6"                          [_thread_blocked, id=26304, stack(0x000000fd6fc00000,0x000000fd6fd00000) (1024K)]
  0x00000237ee6c6950 JavaThread "LocalFile Deleter"          daemon [_thread_blocked, id=27412, stack(0x000000fd6fe00000,0x000000fd6ff00000) (1024K)]
  0x00000237ee6c8390 JavaThread "LocalFile Deleter"          daemon [_thread_blocked, id=3588, stack(0x000000fd6ff00000,0x000000fd70000000) (1024K)]
  0x00000237ee6c7d00 JavaThread "LocalFile Deleter"          daemon [_thread_blocked, id=28120, stack(0x000000fd70400000,0x000000fd70500000) (1024K)]
  0x00000237ee6c8a20 JavaThread "LocalFile Deleter"          daemon [_thread_blocked, id=27000, stack(0x000000fd70500000,0x000000fd70600000) (1024K)]
  0x00000237ee6c55a0 JavaThread "Compiler Source File Reader" daemon [_thread_blocked, id=8544, stack(0x000000fd70600000,0x000000fd70700000) (1024K)]
  0x00000237ee6c5c30 JavaThread "Compiler Source File Reader" daemon [_thread_blocked, id=12864, stack(0x000000fd70700000,0x000000fd70800000) (1024K)]
  0x00000237ee6cb180 JavaThread "Compiler Source File Reader" daemon [_thread_blocked, id=27900, stack(0x000000fd70800000,0x000000fd70900000) (1024K)]
  0x00000237ee6cc530 JavaThread "Compiler Source File Reader" daemon [_thread_blocked, id=27944, stack(0x000000fd70900000,0x000000fd70a00000) (1024K)]
  0x00000237ee6cb810 JavaThread "Compiler Source File Reader" daemon [_thread_blocked, id=27964, stack(0x000000fd70a00000,0x000000fd70b00000) (1024K)]
  0x00000237ee6c90b0 JavaThread "Compiler Source File Reader" daemon [_thread_blocked, id=27984, stack(0x000000fd70b00000,0x000000fd70c00000) (1024K)]
  0x00000237ee6c9dd0 JavaThread "Compiler Class File Writer" daemon [_thread_blocked, id=25420, stack(0x000000fd70d00000,0x000000fd70e00000) (1024K)]
  0x00000237ee6cbea0 JavaThread "Compiler Class File Writer" daemon [_thread_blocked, id=13352, stack(0x000000fd70e00000,0x000000fd70f00000) (1024K)]
  0x00000237ee6caaf0 JavaThread "Compiler Class File Writer" daemon [_thread_blocked, id=5860, stack(0x000000fd70f00000,0x000000fd71000000) (1024K)]
  0x00000237ee12acb0 JavaThread "Compiler Class File Writer" daemon [_thread_blocked, id=14532, stack(0x000000fd71000000,0x000000fd71100000) (1024K)]
  0x00000237ee129900 JavaThread "Compiler Class File Writer" daemon [_thread_blocked, id=19012, stack(0x000000fd71100000,0x000000fd71200000) (1024K)]
  0x00000237ee129f90 JavaThread "Compiler Class File Writer" daemon [_thread_blocked, id=20212, stack(0x000000fd71200000,0x000000fd71300000) (1024K)]
  0x00000237ee12d410 JavaThread "ForkJoinPool.commonPool-worker-1" daemon [_thread_blocked, id=4164, stack(0x000000fd6e000000,0x000000fd6e100000) (1024K)]
  0x00000237ee12f4e0 JavaThread "ForkJoinPool.commonPool-worker-3" daemon [_thread_blocked, id=28452, stack(0x000000fd6e200000,0x000000fd6e300000) (1024K)]
  0x00000237ee12c6f0 JavaThread "ForkJoinPool.commonPool-worker-4" daemon [_thread_blocked, id=28548, stack(0x000000fd71400000,0x000000fd71500000) (1024K)]
  0x00000237ec2bec90 JavaThread "ForkJoinPool.commonPool-worker-5" daemon [_thread_blocked, id=28300, stack(0x000000fd71600000,0x000000fd71700000) (1024K)]
  0x00000237fa3d2750 JavaThread "ForkJoinPool.commonPool-worker-6" daemon [_thread_blocked, id=14448, stack(0x000000fd71800000,0x000000fd71900000) (1024K)]
  0x00000237fa3d3470 JavaThread "ForkJoinPool.commonPool-worker-7" daemon [_thread_blocked, id=3376, stack(0x000000fd71900000,0x000000fd71a00000) (1024K)]
  0x00000237ecd3b710 JavaThread "Java Debug Server"          daemon [_thread_in_native, id=16744, stack(0x000000fd6c200000,0x000000fd6c300000) (1024K)]
  0x00000237ee6c6fe0 JavaThread "pool-5-thread-1"                   [_thread_in_native, id=3196, stack(0x000000fd6c300000,0x000000fd6c400000) (1024K)]
  0x00000237ee6c9740 JavaThread "RxSchedulerPurge-1"         daemon [_thread_blocked, id=22496, stack(0x000000fd6e100000,0x000000fd6e200000) (1024K)]
  0x00000237ee6c7670 JavaThread "RxCachedWorkerPoolEvictor-1" daemon [_thread_blocked, id=4032, stack(0x000000fd6e600000,0x000000fd6e700000) (1024K)]
  0x00000237ee12daa0 JavaThread "RxNewThreadScheduler-1"     daemon [_thread_blocked, id=3404, stack(0x000000fd6e900000,0x000000fd6ea00000) (1024K)]
  0x00000237ee12e7c0 JavaThread "process reaper (pid 1292)"  daemon [_thread_in_native, id=25244, stack(0x000000fd6bf90000,0x000000fd6bfb0000) (128K)]
  0x00000237ec2bdf70 JavaThread "ForkJoinPool.commonPool-worker-8" daemon [_thread_blocked, id=25676, stack(0x000000fd6eb00000,0x000000fd6ec00000) (1024K)]
  0x00000237ee6c4f10 JavaThread "Compiler Processing Task"   daemon [_thread_blocked, id=13696, stack(0x000000fd6c400000,0x000000fd6c500000) (1024K)]
  0x00000237fa3d6260 JavaThread "Worker-8"                          [_thread_blocked, id=26328, stack(0x000000fd6e700000,0x000000fd6e800000) (1024K)]
Total: 65

Other Threads:
  0x000002378dec1660 VMThread "VM Thread"                           [id=8856, stack(0x000000fd6c800000,0x000000fd6c900000) (1024K)]
  0x00000237a460ca00 WatcherThread "VM Periodic Task Thread"        [id=1520, stack(0x000000fd6c700000,0x000000fd6c800000) (1024K)]
  0x000002378dec00a0 WorkerThread "GC Thread#0"                     [id=25896, stack(0x000000fd6c600000,0x000000fd6c700000) (1024K)]
  0x000002378dec0440 WorkerThread "GC Thread#1"                     [id=9452, stack(0x000000fd6d500000,0x000000fd6d600000) (1024K)]
  0x00000237e77e52a0 WorkerThread "GC Thread#2"                     [id=23400, stack(0x000000fd6d600000,0x000000fd6d700000) (1024K)]
  0x00000237e77e76e0 WorkerThread "GC Thread#3"                     [id=8640, stack(0x000000fd6d700000,0x000000fd6d800000) (1024K)]
  0x00000237e77e64c0 WorkerThread "GC Thread#4"                     [id=4012, stack(0x000000fd6d800000,0x000000fd6d900000) (1024K)]
  0x00000237e77e6120 WorkerThread "GC Thread#5"                     [id=9040, stack(0x000000fd6d900000,0x000000fd6da00000) (1024K)]
=>0x00000237e77e47c0 WorkerThread "GC Thread#6"                     [id=10664, stack(0x000000fd6da00000,0x000000fd6db00000) (1024K)]
  0x00000237e77e4b60 WorkerThread "GC Thread#7"                     [id=26696, stack(0x000000fd6dc00000,0x000000fd6dd00000) (1024K)]
Total: 10

Threads with active compile tasks:
C2 CompilerThread0  310476 20455       4       org.eclipse.jdt.core.dom.SingleVariableDeclaration::accept0 (112 bytes)
Total: 1

VM state: at safepoint (normal execution)

VM Mutex/Monitor currently owned by a thread:  ([mutex/lock_event])
[0x00007fffa920e380] Threads_lock - owner thread: 0x000002378dec1660
[0x00007fffa920e480] Heap_lock - owner thread: 0x00000237ec2c06d0

Heap address: 0x00000000c0000000, size: 1024 MB, Compressed Oops mode: 32-bit

CDS archive(s) mapped at: [0x00000237a5000000-0x00000237a5ba0000-0x00000237a5ba0000), size 12189696, SharedBaseAddress: 0x00000237a5000000, ArchiveRelocationMode: 1.
Compressed class space mapped at: 0x00000237a6000000-0x00000237e6000000, reserved size: 1073741824
Narrow klass base: 0x00000237a5000000, Narrow klass shift: 0, Narrow klass range: 0x100000000

GC Precious Log:
 CardTable entry size: 512
 CPUs: 8 total, 8 available
 Memory: 32683M
 Large Page Support: Disabled
 NUMA Support: Disabled
 Compressed Oops: Enabled (32-bit)
 Alignments: Space 512K, Generation 512K, Heap 2M
 Heap Min Capacity: 100M
 Heap Initial Capacity: 100M
 Heap Max Capacity: 1G
 Pre-touch: Disabled
 Parallel Workers: 8

Heap:
 PSYoungGen      total 2560K, used 2538K [0x00000000eab00000, 0x00000000eb000000, 0x0000000100000000)
  eden space 2048K, 100% used [0x00000000eab00000,0x00000000ead00000,0x00000000ead00000)
  from space 512K, 95% used [0x00000000ead80000,0x00000000eadfa8f0,0x00000000eae00000)
  to   space 1536K, 100% used [0x00000000eae80000,0x00000000eb000000,0x00000000eb000000)
 ParOldGen       total 685568K, used 685240K [0x00000000c0000000, 0x00000000e9d80000, 0x00000000eab00000)
  object space 685568K, 99% used [0x00000000c0000000,0x00000000e9d2e060,0x00000000e9d80000)
 Metaspace       used 80644K, committed 82368K, reserved 1179648K
  class space    used 8084K, committed 8832K, reserved 1048576K

Card table byte_map: [0x000002378fce0000,0x000002378fef0000] _byte_map_base: 0x000002378f6e0000

Marking Bits: (ParMarkBitMap*) 0x00007fffa9213260
 Begin Bits: [0x00000237a2530000, 0x00000237a3530000)
 End Bits:   [0x00000237a3530000, 0x00000237a4530000)

Polling page: 0x000002378e190000

Metaspace:

Usage:
  Non-class:     70.86 MB used.
      Class:      7.90 MB used.
       Both:     78.75 MB used.

Virtual space:
  Non-class space:      128.00 MB reserved,      71.81 MB ( 56%) committed,  2 nodes.
      Class space:        1.00 GB reserved,       8.62 MB ( <1%) committed,  1 nodes.
             Both:        1.12 GB reserved,      80.44 MB (  7%) committed. 

Chunk freelists:
   Non-Class:  8.07 MB
       Class:  7.21 MB
        Both:  15.28 MB

MaxMetaspaceSize: unlimited
CompressedClassSpaceSize: 1.00 GB
Initial GC threshold: 21.00 MB
Current GC threshold: 121.69 MB
CDS: on
 - commit_granule_bytes: 65536.
 - commit_granule_words: 8192.
 - virtual_space_node_default_size: 8388608.
 - enlarge_chunks_in_place: 1.
 - use_allocation_guard: 0.


Internal statistics:

num_allocs_failed_limit: 9.
num_arena_births: 1648.
num_arena_deaths: 18.
num_vsnodes_births: 3.
num_vsnodes_deaths: 0.
num_space_committed: 1287.
num_space_uncommitted: 0.
num_chunks_returned_to_freelist: 28.
num_chunks_taken_from_freelist: 5575.
num_chunk_merges: 15.
num_chunk_splits: 3302.
num_chunks_enlarged: 1743.
num_inconsistent_stats: 0.

CodeHeap 'non-profiled nmethods': size=120000Kb used=21088Kb max_used=21088Kb free=98911Kb
 bounds [0x000002379b000000, 0x000002379c4a0000, 0x00000237a2530000]
CodeHeap 'profiled nmethods': size=120000Kb used=48321Kb max_used=48321Kb free=71678Kb
 bounds [0x0000023793530000, 0x0000023796470000, 0x000002379aa60000]
CodeHeap 'non-nmethods': size=5760Kb used=1516Kb max_used=1619Kb free=4243Kb
 bounds [0x000002379aa60000, 0x000002379acd0000, 0x000002379b000000]
 total_blobs=19688 nmethods=18855 adapters=736
 compilation: enabled
              stopped_count=0, restarted_count=0
 full_count=0

Compilation events (20 events):
Event: 310.398 Thread 0x00000237a46fd5d0 nmethod 20454 0x000002379c497b90 code [0x000002379c497d40, 0x000002379c498018]
Event: 310.398 Thread 0x00000237a46fd5d0 20455       4       org.eclipse.jdt.core.dom.SingleVariableDeclaration::accept0 (112 bytes)
Event: 310.400 Thread 0x00000237a472d9f0 20469   !   3       org.eclipse.core.internal.localstore.FileSystemResourceManager::allPathsForLocationNonCanonical (481 bytes)
Event: 310.402 Thread 0x00000237a472d9f0 nmethod 20469 0x0000023796452790 code [0x0000023796452f00, 0x00000237964576e0]
Event: 310.402 Thread 0x00000237a472d9f0 20470       3       org.eclipse.core.internal.resources.Resource::isFilteredWithException (162 bytes)
Event: 310.404 Thread 0x00000237a472d9f0 nmethod 20470 0x0000023796459590 code [0x00000237964598c0, 0x000002379645b0b0]
Event: 310.404 Thread 0x00000237a472d9f0 20471       3       org.eclipse.core.internal.filesystem.local.LocalFile::equals (54 bytes)
Event: 310.405 Thread 0x00000237a472d9f0 nmethod 20471 0x000002379645b890 code [0x000002379645baa0, 0x000002379645c290]
Event: 310.405 Thread 0x00000237a472d9f0 20472       3       org.eclipse.core.internal.resources.AliasManager$$Lambda/0x00000237a67a81e8::accept (12 bytes)
Event: 310.405 Thread 0x00000237a472d9f0 nmethod 20472 0x000002379645c510 code [0x000002379645c700, 0x000002379645cd40]
Event: 310.405 Thread 0x00000237a472d9f0 20473       3       org.eclipse.core.internal.resources.AliasManager::lambda$1 (6 bytes)
Event: 310.405 Thread 0x00000237a472d9f0 nmethod 20473 0x000002379645cf90 code [0x000002379645d160, 0x000002379645d610]
Event: 310.406 Thread 0x00000237a472d9f0 20476       3       org.eclipse.jdt.internal.compiler.SourceElementNotifier::getInterfaceNames (117 bytes)
Event: 310.406 Thread 0x00000237a472d9f0 nmethod 20476 0x000002379645d810 code [0x000002379645da20, 0x000002379645e330]
Event: 310.406 Thread 0x00000237a472d9f0 20477       3       org.eclipse.jdt.internal.compiler.SourceElementNotifier::sourceEnd (44 bytes)
Event: 310.406 Thread 0x00000237a472d9f0 nmethod 20477 0x000002379645e610 code [0x000002379645e7c0, 0x000002379645e9b0]
Event: 310.406 Thread 0x00000237a472d9f0 20478       3       org.eclipse.jdt.internal.compiler.ast.QualifiedNameReference::traverse (14 bytes)
Event: 310.406 Thread 0x00000237a472d9f0 nmethod 20478 0x000002379645eb10 code [0x000002379645ecc0, 0x000002379645ef90]
Event: 310.415 Thread 0x00000237a472d9f0 20479       3       org.eclipse.core.internal.jobs.JobManager::scheduleInternal (149 bytes)
Event: 310.415 Thread 0x00000237a472d9f0 nmethod 20479 0x000002379645f090 code [0x000002379645f380, 0x00000237964600c0]

GC Heap History (20 events):
Event: 310.214 GC heap after
{Heap after GC invocations=876 (full 4):
 PSYoungGen      total 2560K, used 512K [0x00000000eab00000, 0x00000000eb000000, 0x0000000100000000)
  eden space 2048K, 0% used [0x00000000eab00000,0x00000000eab00000,0x00000000ead00000)
  from space 512K, 100% used [0x00000000eae80000,0x00000000eaf00000,0x00000000eaf00000)
  to   space 1536K, 0% used [0x00000000ead00000,0x00000000ead00000,0x00000000eae80000)
 ParOldGen       total 679936K, used 679661K [0x00000000c0000000, 0x00000000e9800000, 0x00000000eab00000)
  object space 679936K, 99% used [0x00000000c0000000,0x00000000e97bb4d8,0x00000000e9800000)
 Metaspace       used 80634K, committed 82368K, reserved 1179648K
  class space    used 8084K, committed 8832K, reserved 1048576K
}
Event: 310.219 GC heap before
{Heap before GC invocations=877 (full 4):
 PSYoungGen      total 2560K, used 2560K [0x00000000eab00000, 0x00000000eb000000, 0x0000000100000000)
  eden space 2048K, 100% used [0x00000000eab00000,0x00000000ead00000,0x00000000ead00000)
  from space 512K, 100% used [0x00000000eae80000,0x00000000eaf00000,0x00000000eaf00000)
  to   space 1536K, 0% used [0x00000000ead00000,0x00000000ead00000,0x00000000eae80000)
 ParOldGen       total 679936K, used 679661K [0x00000000c0000000, 0x00000000e9800000, 0x00000000eab00000)
  object space 679936K, 99% used [0x00000000c0000000,0x00000000e97bb4d8,0x00000000e9800000)
 Metaspace       used 80634K, committed 82368K, reserved 1179648K
  class space    used 8084K, committed 8832K, reserved 1048576K
}
Event: 310.220 GC heap after
{Heap after GC invocations=877 (full 4):
 PSYoungGen      total 3072K, used 768K [0x00000000eab00000, 0x00000000eaf00000, 0x0000000100000000)
  eden space 2048K, 0% used [0x00000000eab00000,0x00000000eab00000,0x00000000ead00000)
  from space 1024K, 75% used [0x00000000ead00000,0x00000000eadc0000,0x00000000eae00000)
  to   space 1024K, 0% used [0x00000000eae00000,0x00000000eae00000,0x00000000eaf00000)
 ParOldGen       total 680448K, used 680213K [0x00000000c0000000, 0x00000000e9880000, 0x00000000eab00000)
  object space 680448K, 99% used [0x00000000c0000000,0x00000000e98454e8,0x00000000e9880000)
 Metaspace       used 80634K, committed 82368K, reserved 1179648K
  class space    used 8084K, committed 8832K, reserved 1048576K
}
Event: 310.224 GC heap before
{Heap before GC invocations=878 (full 4):
 PSYoungGen      total 3072K, used 2816K [0x00000000eab00000, 0x00000000eaf00000, 0x0000000100000000)
  eden space 2048K, 100% used [0x00000000eab00000,0x00000000ead00000,0x00000000ead00000)
  from space 1024K, 75% used [0x00000000ead00000,0x00000000eadc0000,0x00000000eae00000)
  to   space 1024K, 0% used [0x00000000eae00000,0x00000000eae00000,0x00000000eaf00000)
 ParOldGen       total 680448K, used 680213K [0x00000000c0000000, 0x00000000e9880000, 0x00000000eab00000)
  object space 680448K, 99% used [0x00000000c0000000,0x00000000e98454e8,0x00000000e9880000)
 Metaspace       used 80634K, committed 82368K, reserved 1179648K
  class space    used 8084K, committed 8832K, reserved 1048576K
}
Event: 310.225 GC heap after
{Heap after GC invocations=878 (full 4):
 PSYoungGen      total 3072K, used 640K [0x00000000eab00000, 0x00000000eaf00000, 0x0000000100000000)
  eden space 2048K, 0% used [0x00000000eab00000,0x00000000eab00000,0x00000000ead00000)
  from space 1024K, 62% used [0x00000000eae00000,0x00000000eaea0000,0x00000000eaf00000)
  to   space 1024K, 0% used [0x00000000ead00000,0x00000000ead00000,0x00000000eae00000)
 ParOldGen       total 680960K, used 680888K [0x00000000c0000000, 0x00000000e9900000, 0x00000000eab00000)
  object space 680960K, 99% used [0x00000000c0000000,0x00000000e98ee130,0x00000000e9900000)
 Metaspace       used 80634K, committed 82368K, reserved 1179648K
  class space    used 8084K, committed 8832K, reserved 1048576K
}
Event: 310.231 GC heap before
{Heap before GC invocations=879 (full 4):
 PSYoungGen      total 3072K, used 2688K [0x00000000eab00000, 0x00000000eaf00000, 0x0000000100000000)
  eden space 2048K, 100% used [0x00000000eab00000,0x00000000ead00000,0x00000000ead00000)
  from space 1024K, 62% used [0x00000000eae00000,0x00000000eaea0000,0x00000000eaf00000)
  to   space 1024K, 0% used [0x00000000ead00000,0x00000000ead00000,0x00000000eae00000)
 ParOldGen       total 680960K, used 680888K [0x00000000c0000000, 0x00000000e9900000, 0x00000000eab00000)
  object space 680960K, 99% used [0x00000000c0000000,0x00000000e98ee130,0x00000000e9900000)
 Metaspace       used 80634K, committed 82368K, reserved 1179648K
  class space    used 8084K, committed 8832K, reserved 1048576K
}
Event: 310.232 GC heap after
{Heap after GC invocations=879 (full 4):
 PSYoungGen      total 3072K, used 832K [0x00000000eab00000, 0x00000000eaf00000, 0x0000000100000000)
  eden space 2048K, 0% used [0x00000000eab00000,0x00000000eab00000,0x00000000ead00000)
  from space 1024K, 81% used [0x00000000ead00000,0x00000000eadd0000,0x00000000eae00000)
  to   space 1024K, 0% used [0x00000000eae00000,0x00000000eae00000,0x00000000eaf00000)
 ParOldGen       total 681472K, used 681412K [0x00000000c0000000, 0x00000000e9980000, 0x00000000eab00000)
  object space 681472K, 99% used [0x00000000c0000000,0x00000000e9971140,0x00000000e9980000)
 Metaspace       used 80634K, committed 82368K, reserved 1179648K
  class space    used 8084K, committed 8832K, reserved 1048576K
}
Event: 310.237 GC heap before
{Heap before GC invocations=880 (full 4):
 PSYoungGen      total 3072K, used 2880K [0x00000000eab00000, 0x00000000eaf00000, 0x0000000100000000)
  eden space 2048K, 100% used [0x00000000eab00000,0x00000000ead00000,0x00000000ead00000)
  from space 1024K, 81% used [0x00000000ead00000,0x00000000eadd0000,0x00000000eae00000)
  to   space 1024K, 0% used [0x00000000eae00000,0x00000000eae00000,0x00000000eaf00000)
 ParOldGen       total 681472K, used 681412K [0x00000000c0000000, 0x00000000e9980000, 0x00000000eab00000)
  object space 681472K, 99% used [0x00000000c0000000,0x00000000e9971140,0x00000000e9980000)
 Metaspace       used 80634K, committed 82368K, reserved 1179648K
  class space    used 8084K, committed 8832K, reserved 1048576K
}
Event: 310.238 GC heap after
{Heap after GC invocations=880 (full 4):
 PSYoungGen      total 3072K, used 848K [0x00000000eab00000, 0x00000000eaf00000, 0x0000000100000000)
  eden space 2048K, 0% used [0x00000000eab00000,0x00000000eab00000,0x00000000ead00000)
  from space 1024K, 82% used [0x00000000eae00000,0x00000000eaed4010,0x00000000eaf00000)
  to   space 1024K, 0% used [0x00000000ead00000,0x00000000ead00000,0x00000000eae00000)
 ParOldGen       total 682496K, used 682061K [0x00000000c0000000, 0x00000000e9a80000, 0x00000000eab00000)
  object space 682496K, 99% used [0x00000000c0000000,0x00000000e9a13440,0x00000000e9a80000)
 Metaspace       used 80634K, committed 82368K, reserved 1179648K
  class space    used 8084K, committed 8832K, reserved 1048576K
}
Event: 310.312 GC heap before
{Heap before GC invocations=881 (full 4):
 PSYoungGen      total 3072K, used 2896K [0x00000000eab00000, 0x00000000eaf00000, 0x0000000100000000)
  eden space 2048K, 100% used [0x00000000eab00000,0x00000000ead00000,0x00000000ead00000)
  from space 1024K, 82% used [0x00000000eae00000,0x00000000eaed4010,0x00000000eaf00000)
  to   space 1024K, 0% used [0x00000000ead00000,0x00000000ead00000,0x00000000eae00000)
 ParOldGen       total 682496K, used 682061K [0x00000000c0000000, 0x00000000e9a80000, 0x00000000eab00000)
  object space 682496K, 99% used [0x00000000c0000000,0x00000000e9a13440,0x00000000e9a80000)
 Metaspace       used 80635K, committed 82368K, reserved 1179648K
  class space    used 8084K, committed 8832K, reserved 1048576K
}
Event: 310.314 GC heap after
{Heap after GC invocations=881 (full 4):
 PSYoungGen      total 3072K, used 384K [0x00000000eab00000, 0x00000000eaf00000, 0x0000000100000000)
  eden space 2048K, 0% used [0x00000000eab00000,0x00000000eab00000,0x00000000ead00000)
  from space 1024K, 37% used [0x00000000ead00000,0x00000000ead60000,0x00000000eae00000)
  to   space 1024K, 0% used [0x00000000eae00000,0x00000000eae00000,0x00000000eaf00000)
 ParOldGen       total 683008K, used 682805K [0x00000000c0000000, 0x00000000e9b00000, 0x00000000eab00000)
  object space 683008K, 99% used [0x00000000c0000000,0x00000000e9acd7d0,0x00000000e9b00000)
 Metaspace       used 80635K, committed 82368K, reserved 1179648K
  class space    used 8084K, committed 8832K, reserved 1048576K
}
Event: 310.318 GC heap before
{Heap before GC invocations=882 (full 4):
 PSYoungGen      total 3072K, used 2425K [0x00000000eab00000, 0x00000000eaf00000, 0x0000000100000000)
  eden space 2048K, 99% used [0x00000000eab00000,0x00000000eacfe5f0,0x00000000ead00000)
  from space 1024K, 37% used [0x00000000ead00000,0x00000000ead60000,0x00000000eae00000)
  to   space 1024K, 0% used [0x00000000eae00000,0x00000000eae00000,0x00000000eaf00000)
 ParOldGen       total 683008K, used 682805K [0x00000000c0000000, 0x00000000e9b00000, 0x00000000eab00000)
  object space 683008K, 99% used [0x00000000c0000000,0x00000000e9acd7d0,0x00000000e9b00000)
 Metaspace       used 80638K, committed 82368K, reserved 1179648K
  class space    used 8084K, committed 8832K, reserved 1048576K
}
Event: 310.319 GC heap after
{Heap after GC invocations=882 (full 4):
 PSYoungGen      total 3072K, used 512K [0x00000000eab00000, 0x00000000eaf00000, 0x0000000100000000)
  eden space 2048K, 0% used [0x00000000eab00000,0x00000000eab00000,0x00000000ead00000)
  from space 1024K, 50% used [0x00000000eae00000,0x00000000eae80000,0x00000000eaf00000)
  to   space 1024K, 0% used [0x00000000ead00000,0x00000000ead00000,0x00000000eae00000)
 ParOldGen       total 683008K, used 682981K [0x00000000c0000000, 0x00000000e9b00000, 0x00000000eab00000)
  object space 683008K, 99% used [0x00000000c0000000,0x00000000e9af97d0,0x00000000e9b00000)
 Metaspace       used 80638K, committed 82368K, reserved 1179648K
  class space    used 8084K, committed 8832K, reserved 1048576K
}
Event: 310.403 GC heap before
{Heap before GC invocations=883 (full 4):
 PSYoungGen      total 3072K, used 2560K [0x00000000eab00000, 0x00000000eaf00000, 0x0000000100000000)
  eden space 2048K, 100% used [0x00000000eab00000,0x00000000ead00000,0x00000000ead00000)
  from space 1024K, 50% used [0x00000000eae00000,0x00000000eae80000,0x00000000eaf00000)
  to   space 1024K, 0% used [0x00000000ead00000,0x00000000ead00000,0x00000000eae00000)
 ParOldGen       total 683008K, used 682981K [0x00000000c0000000, 0x00000000e9b00000, 0x00000000eab00000)
  object space 683008K, 99% used [0x00000000c0000000,0x00000000e9af97d0,0x00000000e9b00000)
 Metaspace       used 80638K, committed 82368K, reserved 1179648K
  class space    used 8084K, committed 8832K, reserved 1048576K
}
Event: 310.404 GC heap after
{Heap after GC invocations=883 (full 4):
 PSYoungGen      total 3072K, used 283K [0x00000000eab00000, 0x00000000eae80000, 0x0000000100000000)
  eden space 2048K, 0% used [0x00000000eab00000,0x00000000eab00000,0x00000000ead00000)
  from space 1024K, 27% used [0x00000000ead00000,0x00000000ead46d78,0x00000000eae00000)
  to   space 512K, 0% used [0x00000000eae00000,0x00000000eae00000,0x00000000eae80000)
 ParOldGen       total 683520K, used 683337K [0x00000000c0000000, 0x00000000e9b80000, 0x00000000eab00000)
  object space 683520K, 99% used [0x00000000c0000000,0x00000000e9b525e8,0x00000000e9b80000)
 Metaspace       used 80638K, committed 82368K, reserved 1179648K
  class space    used 8084K, committed 8832K, reserved 1048576K
}
Event: 310.408 GC heap before
{Heap before GC invocations=884 (full 4):
 PSYoungGen      total 3072K, used 2331K [0x00000000eab00000, 0x00000000eae80000, 0x0000000100000000)
  eden space 2048K, 100% used [0x00000000eab00000,0x00000000ead00000,0x00000000ead00000)
  from space 1024K, 27% used [0x00000000ead00000,0x00000000ead46d78,0x00000000eae00000)
  to   space 512K, 0% used [0x00000000eae00000,0x00000000eae00000,0x00000000eae80000)
 ParOldGen       total 683520K, used 683337K [0x00000000c0000000, 0x00000000e9b80000, 0x00000000eab00000)
  object space 683520K, 99% used [0x00000000c0000000,0x00000000e9b525e8,0x00000000e9b80000)
 Metaspace       used 80641K, committed 82368K, reserved 1179648K
  class space    used 8084K, committed 8832K, reserved 1048576K
}
Event: 310.409 GC heap after
{Heap after GC invocations=884 (full 4):
 PSYoungGen      total 2560K, used 347K [0x00000000eab00000, 0x00000000eae80000, 0x0000000100000000)
  eden space 2048K, 0% used [0x00000000eab00000,0x00000000eab00000,0x00000000ead00000)
  from space 512K, 67% used [0x00000000eae00000,0x00000000eae56d78,0x00000000eae80000)
  to   space 512K, 0% used [0x00000000ead80000,0x00000000ead80000,0x00000000eae00000)
 ParOldGen       total 683520K, used 683472K [0x00000000c0000000, 0x00000000e9b80000, 0x00000000eab00000)
  object space 683520K, 99% used [0x00000000c0000000,0x00000000e9b740f8,0x00000000e9b80000)
 Metaspace       used 80641K, committed 82368K, reserved 1179648K
  class space    used 8084K, committed 8832K, reserved 1048576K
}
Event: 310.422 GC heap before
{Heap before GC invocations=885 (full 4):
 PSYoungGen      total 2560K, used 2395K [0x00000000eab00000, 0x00000000eae80000, 0x0000000100000000)
  eden space 2048K, 100% used [0x00000000eab00000,0x00000000ead00000,0x00000000ead00000)
  from space 512K, 67% used [0x00000000eae00000,0x00000000eae56d78,0x00000000eae80000)
  to   space 512K, 0% used [0x00000000ead80000,0x00000000ead80000,0x00000000eae00000)
 ParOldGen       total 683520K, used 683472K [0x00000000c0000000, 0x00000000e9b80000, 0x00000000eab00000)
  object space 683520K, 99% used [0x00000000c0000000,0x00000000e9b740f8,0x00000000e9b80000)
 Metaspace       used 80644K, committed 82368K, reserved 1179648K
  class space    used 8084K, committed 8832K, reserved 1048576K
}
Event: 310.424 GC heap after
{Heap after GC invocations=885 (full 4):
 PSYoungGen      total 2560K, used 490K [0x00000000eab00000, 0x00000000eb000000, 0x0000000100000000)
  eden space 2048K, 0% used [0x00000000eab00000,0x00000000eab00000,0x00000000ead00000)
  from space 512K, 95% used [0x00000000ead80000,0x00000000eadfa8f0,0x00000000eae00000)
  to   space 1536K, 0% used [0x00000000eae80000,0x00000000eae80000,0x00000000eb000000)
 ParOldGen       total 684544K, used 684269K [0x00000000c0000000, 0x00000000e9c80000, 0x00000000eab00000)
  object space 684544K, 99% used [0x00000000c0000000,0x00000000e9c3b760,0x00000000e9c80000)
 Metaspace       used 80644K, committed 82368K, reserved 1179648K
  class space    used 8084K, committed 8832K, reserved 1048576K
}
Event: 310.426 GC heap before
{Heap before GC invocations=886 (full 4):
 PSYoungGen      total 2560K, used 2538K [0x00000000eab00000, 0x00000000eb000000, 0x0000000100000000)
  eden space 2048K, 100% used [0x00000000eab00000,0x00000000ead00000,0x00000000ead00000)
  from space 512K, 95% used [0x00000000ead80000,0x00000000eadfa8f0,0x00000000eae00000)
  to   space 1536K, 0% used [0x00000000eae80000,0x00000000eae80000,0x00000000eb000000)
 ParOldGen       total 684544K, used 684269K [0x00000000c0000000, 0x00000000e9c80000, 0x00000000eab00000)
  object space 684544K, 99% used [0x00000000c0000000,0x00000000e9c3b760,0x00000000e9c80000)
 Metaspace       used 80644K, committed 82368K, reserved 1179648K
  class space    used 8084K, committed 8832K, reserved 1048576K
}

Dll operation events (12 events):
Event: 0.008 Loaded shared library c:\Users\joshu\.cursor\extensions\redhat.java-1.41.1-win32-x64\jre\21.0.6-win32-x86_64\bin\java.dll
Event: 0.055 Loaded shared library c:\Users\joshu\.cursor\extensions\redhat.java-1.41.1-win32-x64\jre\21.0.6-win32-x86_64\bin\zip.dll
Event: 0.068 Loaded shared library C:\Users\joshu\.cursor\extensions\redhat.java-1.41.1-win32-x64\jre\21.0.6-win32-x86_64\bin\instrument.dll
Event: 0.072 Loaded shared library C:\Users\joshu\.cursor\extensions\redhat.java-1.41.1-win32-x64\jre\21.0.6-win32-x86_64\bin\net.dll
Event: 0.073 Loaded shared library C:\Users\joshu\.cursor\extensions\redhat.java-1.41.1-win32-x64\jre\21.0.6-win32-x86_64\bin\nio.dll
Event: 0.076 Loaded shared library C:\Users\joshu\.cursor\extensions\redhat.java-1.41.1-win32-x64\jre\21.0.6-win32-x86_64\bin\zip.dll
Event: 0.085 Loaded shared library C:\Users\joshu\.cursor\extensions\redhat.java-1.41.1-win32-x64\jre\21.0.6-win32-x86_64\bin\jimage.dll
Event: 0.129 Loaded shared library c:\Users\joshu\.cursor\extensions\redhat.java-1.41.1-win32-x64\jre\21.0.6-win32-x86_64\bin\verify.dll
Event: 3.824 Loaded shared library C:\Users\joshu\AppData\Roaming\Cursor\User\globalStorage\redhat.java\1.41.1\config_win\org.eclipse.equinox.launcher\org.eclipse.equinox.launcher.win32.win32.x86_64_1.2.1300.v20250331-1702\eclipse_11911.dll
Event: 7.939 Loaded shared library C:\Users\joshu\AppData\Local\Temp\jna-101313883\jna7619468770939689472.dll
Event: 8.968 Loaded shared library C:\Users\joshu\.cursor\extensions\redhat.java-1.41.1-win32-x64\jre\21.0.6-win32-x86_64\bin\sunmscapi.dll
Event: 9.156 Loaded shared library C:\Users\joshu\.cursor\extensions\redhat.java-1.41.1-win32-x64\jre\21.0.6-win32-x86_64\bin\extnet.dll

Deoptimization events (20 events):
Event: 308.688 Thread 0x00000237fa3d3470 Uncommon trap: trap_request=0xffffffcc fr.pc=0x000002379c421608 relative=0x00000000000007e8
Event: 308.688 Thread 0x00000237fa3d3470 Uncommon trap: reason=intrinsic_or_type_checked_inlining action=make_not_entrant pc=0x000002379c421608 method=org.eclipse.jdt.internal.compiler.parser.Parser.consumeBlock()V @ 152 c2
Event: 308.688 Thread 0x00000237fa3d3470 DEOPT PACKING pc=0x000002379c421608 sp=0x000000fd719fd250
Event: 308.688 Thread 0x00000237fa3d3470 DEOPT UNPACKING pc=0x000002379aab3aa2 sp=0x000000fd719fd1f8 mode 2
Event: 308.694 Thread 0x00000237fa3d3470 DEOPT PACKING pc=0x00000237963c4643 sp=0x000000fd719fd650
Event: 308.694 Thread 0x00000237fa3d3470 DEOPT UNPACKING pc=0x000002379aab4242 sp=0x000000fd719fcb88 mode 0
Event: 308.696 Thread 0x00000237fa3d3470 DEOPT PACKING pc=0x00000237963c4643 sp=0x000000fd719fd650
Event: 308.696 Thread 0x00000237fa3d3470 DEOPT UNPACKING pc=0x000002379aab4242 sp=0x000000fd719fcb88 mode 0
Event: 308.699 Thread 0x00000237fa3d3470 DEOPT PACKING pc=0x00000237963c4643 sp=0x000000fd719fd650
Event: 308.699 Thread 0x00000237fa3d3470 DEOPT UNPACKING pc=0x000002379aab4242 sp=0x000000fd719fcb88 mode 0
Event: 308.857 Thread 0x00000237ecd3e500 DEOPT PACKING pc=0x0000023796415ec4 sp=0x000000fd6f9fe410
Event: 308.857 Thread 0x00000237ecd3e500 DEOPT UNPACKING pc=0x000002379aab4242 sp=0x000000fd6f9fd8f0 mode 0
Event: 310.102 Thread 0x00000237ecd3e500 DEOPT PACKING pc=0x0000023796415ec4 sp=0x000000fd6f9fe410
Event: 310.102 Thread 0x00000237ecd3e500 DEOPT UNPACKING pc=0x000002379aab4242 sp=0x000000fd6f9fd8f0 mode 0
Event: 310.131 Thread 0x00000237ecd3e500 DEOPT PACKING pc=0x0000023796415ec4 sp=0x000000fd6f9fe410
Event: 310.131 Thread 0x00000237ecd3e500 DEOPT UNPACKING pc=0x000002379aab4242 sp=0x000000fd6f9fd8f0 mode 0
Event: 310.138 Thread 0x00000237ecd3e500 DEOPT PACKING pc=0x0000023796415ec4 sp=0x000000fd6f9fe410
Event: 310.138 Thread 0x00000237ecd3e500 DEOPT UNPACKING pc=0x000002379aab4242 sp=0x000000fd6f9fd8f0 mode 0
Event: 310.399 Thread 0x00000237ecd3e500 DEOPT PACKING pc=0x0000023796415ec4 sp=0x000000fd6f9fe410
Event: 310.399 Thread 0x00000237ecd3e500 DEOPT UNPACKING pc=0x000002379aab4242 sp=0x000000fd6f9fd8f0 mode 0

Classes loaded (20 events):
Event: 169.456 Loading class java/util/stream/IntPipeline$1$1
Event: 169.456 Loading class java/util/stream/Sink$ChainedInt
Event: 169.456 Loading class java/util/stream/Sink$ChainedInt done
Event: 169.456 Loading class java/util/stream/IntPipeline$1$1 done
Event: 169.525 Loading class java/lang/ProcessHandleImpl$ExitCompletion
Event: 169.525 Loading class java/lang/ProcessHandleImpl$ExitCompletion done
Event: 169.525 Loading class java/lang/ProcessHandleImpl$1
Event: 169.525 Loading class java/lang/ProcessHandleImpl$1 done
Event: 169.525 Loading class java/util/concurrent/CompletableFuture$UniHandle
Event: 169.525 Loading class java/util/concurrent/CompletableFuture$UniHandle done
Event: 308.413 Loading class java/util/stream/Nodes$CollectorTask$OfRef
Event: 308.413 Loading class java/util/stream/Nodes$CollectorTask
Event: 308.413 Loading class java/util/stream/Nodes$CollectorTask done
Event: 308.413 Loading class java/util/stream/Nodes$CollectorTask$OfRef done
Event: 308.415 Loading class java/util/function/LongFunction
Event: 308.415 Loading class java/util/function/LongFunction done
Event: 308.415 Loading class java/util/stream/Nodes$ConcNode
Event: 308.416 Loading class java/util/stream/Nodes$AbstractConcNode
Event: 308.416 Loading class java/util/stream/Nodes$AbstractConcNode done
Event: 308.416 Loading class java/util/stream/Nodes$ConcNode done

Classes unloaded (9 events):
Event: 8.240 Thread 0x000002378dec1660 Unloading class 0x00000237a6194c00 'java/lang/invoke/LambdaForm$MH+0x00000237a6194c00'
Event: 8.240 Thread 0x000002378dec1660 Unloading class 0x00000237a6194800 'java/lang/invoke/LambdaForm$MH+0x00000237a6194800'
Event: 8.240 Thread 0x000002378dec1660 Unloading class 0x00000237a6194400 'java/lang/invoke/LambdaForm$MH+0x00000237a6194400'
Event: 8.240 Thread 0x000002378dec1660 Unloading class 0x00000237a6194000 'java/lang/invoke/LambdaForm$MH+0x00000237a6194000'
Event: 8.240 Thread 0x000002378dec1660 Unloading class 0x00000237a6193c00 'java/lang/invoke/LambdaForm$BMH+0x00000237a6193c00'
Event: 8.240 Thread 0x000002378dec1660 Unloading class 0x00000237a6193800 'java/lang/invoke/LambdaForm$DMH+0x00000237a6193800'
Event: 8.240 Thread 0x000002378dec1660 Unloading class 0x00000237a6192400 'java/lang/invoke/LambdaForm$DMH+0x00000237a6192400'
Event: 121.966 Thread 0x000002378dec1660 Unloading class 0x00000237a6714800 'java/lang/invoke/LambdaForm$DMH+0x00000237a6714800'
Event: 121.966 Thread 0x000002378dec1660 Unloading class 0x00000237a6714400 'java/lang/invoke/LambdaForm$DMH+0x00000237a6714400'

Classes redefined (0 events):
No events

Internal exceptions (20 events):
Event: 168.132 Thread 0x00000237ee12c6f0 Exception <a 'sun/nio/fs/WindowsException'{0x00000000eab8f2f0}> (0x00000000eab8f2f0) 
thrown [s\src\hotspot\share\prims\jni.cpp, line 520]
Event: 168.134 Thread 0x00000237ee12c6f0 Exception <a 'sun/nio/fs/WindowsException'{0x00000000eabaa160}> (0x00000000eabaa160) 
thrown [s\src\hotspot\share\prims\jni.cpp, line 520]
Event: 168.134 Thread 0x00000237ee12c6f0 Exception <a 'sun/nio/fs/WindowsException'{0x00000000eabaaa40}> (0x00000000eabaaa40) 
thrown [s\src\hotspot\share\prims\jni.cpp, line 520]
Event: 168.198 Thread 0x00000237ee6c6fe0 Exception <a 'java/io/FileNotFoundException'{0x00000000eacf1b60}> (0x00000000eacf1b60) 
thrown [s\src\hotspot\share\prims\jni.cpp, line 520]
Event: 168.304 Thread 0x00000237ee6c6fe0 Exception <a 'java/lang/NoSuchMethodError'{0x00000000eab5bc18}: 'java.lang.Object java.lang.invoke.DirectMethodHandle$Holder.invokeVirtual(java.lang.Object, java.lang.Object, java.lang.Object, java.lang.Object)'> (0x00000000eab5bc18) 
thrown [s\src\hotspot\share\interpreter\linkResolver.cpp, line 773]
Event: 168.329 Thread 0x00000237ee12daa0 Exception <a 'java/lang/NoSuchMethodError'{0x00000000eab6d848}: 'java.lang.Object java.lang.invoke.DirectMethodHandle$Holder.invokeStatic(java.lang.Object, long, java.lang.Object, java.lang.Object)'> (0x00000000eab6d848) 
thrown [s\src\hotspot\share\interpreter\linkResolver.cpp, line 773]
Event: 168.365 Thread 0x00000237ee12daa0 Exception <a 'sun/nio/fs/WindowsException'{0x00000000eabe7030}> (0x00000000eabe7030) 
thrown [s\src\hotspot\share\prims\jni.cpp, line 520]
Event: 168.365 Thread 0x00000237ee12daa0 Exception <a 'sun/nio/fs/WindowsException'{0x00000000eabe8138}> (0x00000000eabe8138) 
thrown [s\src\hotspot\share\prims\jni.cpp, line 520]
Event: 168.376 Thread 0x00000237ee12daa0 Exception <a 'java/lang/NoSuchMethodError'{0x00000000eac5fce0}: 'void java.lang.invoke.DirectMethodHandle$Holder.invokeStatic(java.lang.Object, java.lang.Object, java.lang.Object, java.lang.Object, java.lang.Object, java.lang.Object, java.lang.Object)'> (0x00000000eac5fce0) 
thrown [s\src\hotspot\share\interpreter\linkResolver.cpp, line 773]
Event: 168.592 Thread 0x00000237ecd3e500 Exception <a 'java/lang/IncompatibleClassChangeError'{0x00000000eac82ec0}: Found class java.lang.Object, but interface was expected> (0x00000000eac82ec0) 
thrown [s\src\hotspot\share\interpreter\linkResolver.cpp, line 840]
Event: 169.435 Thread 0x00000237ec2bdf70 Exception <a 'java/lang/NoSuchMethodError'{0x00000000eaca1040}: 'long java.lang.invoke.DelegatingMethodHandle$Holder.reinvoke_L(java.lang.Object, java.lang.Object)'> (0x00000000eaca1040) 
thrown [s\src\hotspot\share\interpreter\linkResolver.cpp, line 773]
Event: 169.435 Thread 0x00000237ec2bdf70 Exception <a 'java/lang/NoSuchMethodError'{0x00000000eacab2e8}: 'void java.lang.invoke.DelegatingMethodHandle$Holder.reinvoke_L(java.lang.Object, java.lang.Object, long)'> (0x00000000eacab2e8) 
thrown [s\src\hotspot\share\interpreter\linkResolver.cpp, line 773]
Event: 169.526 Thread 0x00000237ec2bdf70 Exception <a 'java/lang/NoSuchMethodError'{0x00000000eab734c0}: 'long java.lang.invoke.Invokers$Holder.invokeExact_MT(java.lang.Object, java.lang.Object, java.lang.Object)'> (0x00000000eab734c0) 
thrown [s\src\hotspot\share\interpreter\linkResolver.cpp, line 773]
Event: 272.446 Thread 0x00000237ec2c06d0 Exception <a 'sun/nio/fs/WindowsException'{0x00000000ead7f9c8}> (0x00000000ead7f9c8) 
thrown [s\src\hotspot\share\prims\jni.cpp, line 520]
Event: 272.586 Thread 0x00000237ec2c06d0 Exception <a 'sun/nio/fs/WindowsException'{0x00000000eab2e730}> (0x00000000eab2e730) 
thrown [s\src\hotspot\share\prims\jni.cpp, line 520]
Event: 292.190 Thread 0x00000237ec2c06d0 Exception <a 'sun/nio/fs/WindowsException'{0x00000000eab04070}> (0x00000000eab04070) 
thrown [s\src\hotspot\share\prims\jni.cpp, line 520]
Event: 292.262 Thread 0x00000237ec2c06d0 Exception <a 'sun/nio/fs/WindowsException'{0x00000000eade7498}> (0x00000000eade7498) 
thrown [s\src\hotspot\share\prims\jni.cpp, line 520]
Event: 308.428 Thread 0x00000237fa3d6260 Exception <a 'java/lang/NoSuchMethodError'{0x00000000eb0a4600}: static [J.<clinit>()V> (0x00000000eb0a4600) 
thrown [s\src\hotspot\share\prims\jni.cpp, line 1111]
Event: 308.434 Thread 0x00000237fa3d6260 Exception <a 'java/lang/NoSuchMethodError'{0x00000000eac216f8}: 'java.lang.Object java.lang.invoke.DirectMethodHandle$Holder.newInvokeSpecial(java.lang.Object, java.lang.Object, java.lang.Object, java.lang.Object, java.lang.Object, java.lang.Object, java.lang.Object, java.lang.Object)'> (0x00000000eac216f8) 
thrown [s\src\hotspot\share\interpreter\linkResolver.cpp, line 773]
Event: 310.414 Thread 0x00000237ec2c06d0 Exception <a 'sun/nio/fs/WindowsException'{0x00000000eaba4968}> (0x00000000eaba4968) 
thrown [s\src\hotspot\share\prims\jni.cpp, line 520]

ZGC Phase Switch (0 events):
No events

VM Operations (20 events):
Event: 310.214 Executing VM operation: ParallelGCFailedAllocation (Allocation Failure) done
Event: 310.219 Executing VM operation: ParallelGCFailedAllocation (Allocation Failure)
Event: 310.220 Executing VM operation: ParallelGCFailedAllocation (Allocation Failure) done
Event: 310.224 Executing VM operation: ParallelGCFailedAllocation (Allocation Failure)
Event: 310.225 Executing VM operation: ParallelGCFailedAllocation (Allocation Failure) done
Event: 310.231 Executing VM operation: ParallelGCFailedAllocation (Allocation Failure)
Event: 310.232 Executing VM operation: ParallelGCFailedAllocation (Allocation Failure) done
Event: 310.237 Executing VM operation: ParallelGCFailedAllocation (Allocation Failure)
Event: 310.238 Executing VM operation: ParallelGCFailedAllocation (Allocation Failure) done
Event: 310.312 Executing VM operation: ParallelGCFailedAllocation (Allocation Failure)
Event: 310.314 Executing VM operation: ParallelGCFailedAllocation (Allocation Failure) done
Event: 310.318 Executing VM operation: ParallelGCFailedAllocation (Allocation Failure)
Event: 310.319 Executing VM operation: ParallelGCFailedAllocation (Allocation Failure) done
Event: 310.403 Executing VM operation: ParallelGCFailedAllocation (Allocation Failure)
Event: 310.404 Executing VM operation: ParallelGCFailedAllocation (Allocation Failure) done
Event: 310.408 Executing VM operation: ParallelGCFailedAllocation (Allocation Failure)
Event: 310.409 Executing VM operation: ParallelGCFailedAllocation (Allocation Failure) done
Event: 310.422 Executing VM operation: ParallelGCFailedAllocation (Allocation Failure)
Event: 310.424 Executing VM operation: ParallelGCFailedAllocation (Allocation Failure) done
Event: 310.426 Executing VM operation: ParallelGCFailedAllocation (Allocation Failure)

Memory protections (0 events):
No events

Nmethod flushes (20 events):
Event: 121.987 Thread 0x000002378dec1660 flushing  nmethod 0x0000023794314e90
Event: 121.987 Thread 0x000002378dec1660 flushing  nmethod 0x00000237943a0190
Event: 121.987 Thread 0x000002378dec1660 flushing  nmethod 0x00000237943a0d90
Event: 121.987 Thread 0x000002378dec1660 flushing  nmethod 0x00000237943a3110
Event: 121.987 Thread 0x000002378dec1660 flushing  nmethod 0x00000237943a3810
Event: 121.987 Thread 0x000002378dec1660 flushing  nmethod 0x00000237943a4390
Event: 121.987 Thread 0x000002378dec1660 flushing  nmethod 0x00000237943a5390
Event: 121.987 Thread 0x000002378dec1660 flushing  nmethod 0x00000237943a6210
Event: 121.987 Thread 0x000002378dec1660 flushing  nmethod 0x00000237943b7a90
Event: 121.987 Thread 0x000002378dec1660 flushing  nmethod 0x00000237943bde90
Event: 121.987 Thread 0x000002378dec1660 flushing  nmethod 0x00000237943be790
Event: 121.987 Thread 0x000002378dec1660 flushing  nmethod 0x0000023794422310
Event: 121.987 Thread 0x000002378dec1660 flushing  nmethod 0x0000023794422810
Event: 121.987 Thread 0x000002378dec1660 flushing  nmethod 0x0000023794423110
Event: 121.987 Thread 0x000002378dec1660 flushing  nmethod 0x0000023794423b10
Event: 121.987 Thread 0x000002378dec1660 flushing  nmethod 0x000002379442bb10
Event: 121.987 Thread 0x000002378dec1660 flushing  nmethod 0x000002379442cf90
Event: 121.987 Thread 0x000002378dec1660 flushing  nmethod 0x000002379442d510
Event: 121.987 Thread 0x000002378dec1660 flushing  nmethod 0x000002379443d690
Event: 121.987 Thread 0x000002378dec1660 flushing  nmethod 0x000002379444c510

Events (20 events):
Event: 271.415 Thread 0x00000237ed759c30 Thread exited: 0x00000237ed759c30
Event: 271.839 Thread 0x00000237ec2bf9b0 Thread exited: 0x00000237ec2bf9b0
Event: 272.555 Thread 0x00000237ec2c0d60 Thread added: 0x00000237ee6c4f10
Event: 272.588 Thread 0x00000237ecd3f220 Thread added: 0x00000237fa3d6260
Event: 272.613 Thread 0x00000237a472d9f0 Thread added: 0x00000237ed757a20
Event: 272.758 Thread 0x00000237ed757a20 Thread exited: 0x00000237ed757a20
Event: 273.232 Thread 0x00000237a472d9f0 Thread added: 0x00000237ed757a20
Event: 277.260 Thread 0x00000237ed757a20 Thread exited: 0x00000237ed757a20
Event: 290.805 Thread 0x00000237a46fd5d0 Thread added: 0x00000237ed75b770
Event: 291.002 Thread 0x00000237ed75b770 Thread exited: 0x00000237ed75b770
Event: 291.027 Thread 0x00000237a472d9f0 Thread added: 0x00000237ed75b770
Event: 291.685 Thread 0x00000237ed75b770 Thread exited: 0x00000237ed75b770
Event: 292.324 Thread 0x00000237a472d9f0 Thread added: 0x00000237ed75be40
Event: 292.742 Thread 0x00000237ed75be40 Thread exited: 0x00000237ed75be40
Event: 308.411 Thread 0x00000237fa3d6260 Thread added: 0x00000237ecd3f8b0
Event: 308.416 Thread 0x00000237ecd3f8b0 Thread exited: 0x00000237ecd3f8b0
Event: 308.417 Thread 0x00000237a472d9f0 Thread added: 0x00000237ed75be40
Event: 308.428 Thread 0x00000237a472d9f0 Thread added: 0x00000237ed7587c0
Event: 308.858 Thread 0x00000237ed7587c0 Thread exited: 0x00000237ed7587c0
Event: 309.244 Thread 0x00000237ed75be40 Thread exited: 0x00000237ed75be40


Dynamic libraries:
0x00007ff6c3ac0000 - 0x00007ff6c3ace000 	c:\Users\joshu\.cursor\extensions\redhat.java-1.41.1-win32-x64\jre\21.0.6-win32-x86_64\bin\java.exe
0x00007ff86e280000 - 0x00007ff86e4e0000 	C:\WINDOWS\SYSTEM32\ntdll.dll
0x00007ff86c610000 - 0x00007ff86c6d7000 	C:\WINDOWS\System32\KERNEL32.DLL
0x00007ff86b460000 - 0x00007ff86b82a000 	C:\WINDOWS\System32\KERNELBASE.dll
0x00007ff86b860000 - 0x00007ff86b9ab000 	C:\WINDOWS\System32\ucrtbase.dll
0x00007ff83d9e0000 - 0x00007ff83d9fe000 	c:\Users\joshu\.cursor\extensions\redhat.java-1.41.1-win32-x64\jre\21.0.6-win32-x86_64\bin\VCRUNTIME140.dll
0x00007ff83dab0000 - 0x00007ff83dac8000 	c:\Users\joshu\.cursor\extensions\redhat.java-1.41.1-win32-x64\jre\21.0.6-win32-x86_64\bin\jli.dll
0x00007ff86da40000 - 0x00007ff86dc0c000 	C:\WINDOWS\System32\USER32.dll
0x00007ff850970000 - 0x00007ff850c07000 	C:\WINDOWS\WinSxS\amd64_microsoft.windows.common-controls_6595b64144ccf1df_6.0.26100.3624_none_3e086962e3345f24\COMCTL32.dll
0x00007ff86b830000 - 0x00007ff86b857000 	C:\WINDOWS\System32\win32u.dll
0x00007ff86d400000 - 0x00007ff86d42a000 	C:\WINDOWS\System32\GDI32.dll
0x00007ff86d230000 - 0x00007ff86d2d9000 	C:\WINDOWS\System32\msvcrt.dll
0x00007ff86bf40000 - 0x00007ff86c071000 	C:\WINDOWS\System32\gdi32full.dll
0x00007ff86bb00000 - 0x00007ff86bba3000 	C:\WINDOWS\System32\msvcp_win.dll
0x00007ff86c5d0000 - 0x00007ff86c5ff000 	C:\WINDOWS\System32\IMM32.DLL
0x00007ff865e00000 - 0x00007ff865e0c000 	c:\Users\joshu\.cursor\extensions\redhat.java-1.41.1-win32-x64\jre\21.0.6-win32-x86_64\bin\vcruntime140_1.dll
0x00007fffe5670000 - 0x00007fffe56fd000 	c:\Users\joshu\.cursor\extensions\redhat.java-1.41.1-win32-x64\jre\21.0.6-win32-x86_64\bin\msvcp140.dll
0x00007fffa8560000 - 0x00007fffa92f0000 	c:\Users\joshu\.cursor\extensions\redhat.java-1.41.1-win32-x64\jre\21.0.6-win32-x86_64\bin\server\jvm.dll
0x00007ff86c080000 - 0x00007ff86c132000 	C:\WINDOWS\System32\ADVAPI32.dll
0x00007ff86de00000 - 0x00007ff86dea6000 	C:\WINDOWS\System32\sechost.dll
0x00007ff86d2e0000 - 0x00007ff86d3f6000 	C:\WINDOWS\System32\RPCRT4.dll
0x00007ff86d480000 - 0x00007ff86d4f4000 	C:\WINDOWS\System32\WS2_32.dll
0x00007ff86a0a0000 - 0x00007ff86a0fe000 	C:\WINDOWS\SYSTEM32\POWRPROF.dll
0x00007ff85d980000 - 0x00007ff85d9b6000 	C:\WINDOWS\SYSTEM32\WINMM.dll
0x00007ff8643a0000 - 0x00007ff8643ab000 	C:\WINDOWS\SYSTEM32\VERSION.dll
0x00007ff86a080000 - 0x00007ff86a094000 	C:\WINDOWS\SYSTEM32\UMPDC.dll
0x00007ff86a360000 - 0x00007ff86a37a000 	C:\WINDOWS\SYSTEM32\kernel.appcore.dll
0x00007ff862c80000 - 0x00007ff862c8a000 	c:\Users\joshu\.cursor\extensions\redhat.java-1.41.1-win32-x64\jre\21.0.6-win32-x86_64\bin\jimage.dll
0x00007ff869500000 - 0x00007ff869741000 	C:\WINDOWS\SYSTEM32\DBGHELP.DLL
0x00007ff86d6b0000 - 0x00007ff86da32000 	C:\WINDOWS\System32\combase.dll
0x00007ff86dfe0000 - 0x00007ff86e0b6000 	C:\WINDOWS\System32\OLEAUT32.dll
0x00007ff842180000 - 0x00007ff8421b9000 	C:\WINDOWS\SYSTEM32\dbgcore.DLL
0x00007ff86bd20000 - 0x00007ff86bdb9000 	C:\WINDOWS\System32\bcryptPrimitives.dll
0x00007ff8550e0000 - 0x00007ff8550ef000 	c:\Users\joshu\.cursor\extensions\redhat.java-1.41.1-win32-x64\jre\21.0.6-win32-x86_64\bin\instrument.dll
0x00007ff83d5b0000 - 0x00007ff83d5cf000 	c:\Users\joshu\.cursor\extensions\redhat.java-1.41.1-win32-x64\jre\21.0.6-win32-x86_64\bin\java.dll
0x00007ff86c8d0000 - 0x00007ff86cff9000 	C:\WINDOWS\System32\SHELL32.dll
0x00007ff86bbb0000 - 0x00007ff86bd18000 	C:\WINDOWS\System32\wintypes.dll
0x00007ff868bd0000 - 0x00007ff869422000 	C:\WINDOWS\SYSTEM32\windows.storage.dll
0x00007ff86dd00000 - 0x00007ff86dded000 	C:\WINDOWS\System32\SHCORE.dll
0x00007ff86e150000 - 0x00007ff86e1b4000 	C:\WINDOWS\System32\shlwapi.dll
0x00007ff86b370000 - 0x00007ff86b39f000 	C:\WINDOWS\SYSTEM32\profapi.dll
0x00007ff83b8e0000 - 0x00007ff83b8f8000 	c:\Users\joshu\.cursor\extensions\redhat.java-1.41.1-win32-x64\jre\21.0.6-win32-x86_64\bin\zip.dll
0x00007ff854b10000 - 0x00007ff854b20000 	C:\Users\joshu\.cursor\extensions\redhat.java-1.41.1-win32-x64\jre\21.0.6-win32-x86_64\bin\net.dll
0x00007ff862f00000 - 0x00007ff86301d000 	C:\WINDOWS\SYSTEM32\WINHTTP.dll
0x00007ff86a8b0000 - 0x00007ff86a91a000 	C:\WINDOWS\system32\mswsock.dll
0x00007ff838a50000 - 0x00007ff838a66000 	C:\Users\joshu\.cursor\extensions\redhat.java-1.41.1-win32-x64\jre\21.0.6-win32-x86_64\bin\nio.dll
0x00007ff854a30000 - 0x00007ff854a40000 	c:\Users\joshu\.cursor\extensions\redhat.java-1.41.1-win32-x64\jre\21.0.6-win32-x86_64\bin\verify.dll
0x00007ff83b640000 - 0x00007ff83b685000 	C:\Users\joshu\AppData\Roaming\Cursor\User\globalStorage\redhat.java\1.41.1\config_win\org.eclipse.equinox.launcher\org.eclipse.equinox.launcher.win32.win32.x86_64_1.2.1300.v20250331-1702\eclipse_11911.dll
0x00007ff86d500000 - 0x00007ff86d696000 	C:\WINDOWS\System32\ole32.dll
0x00007ff86ab50000 - 0x00007ff86ab6c000 	C:\WINDOWS\SYSTEM32\CRYPTSP.dll
0x00007ff86a2c0000 - 0x00007ff86a2fa000 	C:\WINDOWS\system32\rsaenh.dll
0x00007ff86a950000 - 0x00007ff86a97b000 	C:\WINDOWS\SYSTEM32\USERENV.dll
0x00007ff86b340000 - 0x00007ff86b366000 	C:\WINDOWS\SYSTEM32\bcrypt.dll
0x00007ff86ab70000 - 0x00007ff86ab7c000 	C:\WINDOWS\SYSTEM32\CRYPTBASE.dll
0x00007ff869cd0000 - 0x00007ff869d03000 	C:\WINDOWS\SYSTEM32\IPHLPAPI.DLL
0x00007ff86d6a0000 - 0x00007ff86d6aa000 	C:\WINDOWS\System32\NSI.dll
0x00007ff8189e0000 - 0x00007ff818a29000 	C:\Users\joshu\AppData\Local\Temp\jna-101313883\jna7619468770939689472.dll
0x00007ff86e0c0000 - 0x00007ff86e0c8000 	C:\WINDOWS\System32\PSAPI.DLL
0x00007ff863420000 - 0x00007ff86343f000 	C:\WINDOWS\SYSTEM32\dhcpcsvc6.DLL
0x00007ff8631a0000 - 0x00007ff8631c5000 	C:\WINDOWS\SYSTEM32\dhcpcsvc.DLL
0x00007ff854a60000 - 0x00007ff854a6e000 	C:\Users\joshu\.cursor\extensions\redhat.java-1.41.1-win32-x64\jre\21.0.6-win32-x86_64\bin\sunmscapi.dll
0x00007ff86bdc0000 - 0x00007ff86bf37000 	C:\WINDOWS\System32\CRYPT32.dll
0x00007ff86ad50000 - 0x00007ff86ad80000 	C:\WINDOWS\SYSTEM32\ncrypt.dll
0x00007ff86ad00000 - 0x00007ff86ad3f000 	C:\WINDOWS\SYSTEM32\NTASN1.dll
0x00007ff869d60000 - 0x00007ff869e85000 	C:\WINDOWS\SYSTEM32\DNSAPI.dll
0x00007ff85dc10000 - 0x00007ff85dc1b000 	C:\Windows\System32\rasadhlp.dll
0x00007ff85e380000 - 0x00007ff85e405000 	C:\WINDOWS\System32\fwpuclnt.dll
0x00007ff854a50000 - 0x00007ff854a59000 	C:\Users\joshu\.cursor\extensions\redhat.java-1.41.1-win32-x64\jre\21.0.6-win32-x86_64\bin\extnet.dll
0x00007ff86a490000 - 0x00007ff86a4c5000 	C:\WINDOWS\SYSTEM32\ntmarta.dll

dbghelp: loaded successfully - version: 4.0.5 - missing functions: none
symbol engine: initialized successfully - sym options: 0x614 - pdb path: .;c:\Users\joshu\.cursor\extensions\redhat.java-1.41.1-win32-x64\jre\21.0.6-win32-x86_64\bin;C:\WINDOWS\SYSTEM32;C:\WINDOWS\WinSxS\amd64_microsoft.windows.common-controls_6595b64144ccf1df_6.0.26100.3624_none_3e086962e3345f24;c:\Users\joshu\.cursor\extensions\redhat.java-1.41.1-win32-x64\jre\21.0.6-win32-x86_64\bin\server;C:\Users\joshu\AppData\Roaming\Cursor\User\globalStorage\redhat.java\1.41.1\config_win\org.eclipse.equinox.launcher\org.eclipse.equinox.launcher.win32.win32.x86_64_1.2.1300.v20250331-1702;C:\Users\joshu\AppData\Local\Temp\jna-101313883

VM Arguments:
jvm_args: --add-modules=ALL-SYSTEM --add-opens=java.base/java.util=ALL-UNNAMED --add-opens=java.base/java.lang=ALL-UNNAMED --add-opens=java.base/sun.nio.fs=ALL-UNNAMED -Declipse.application=org.eclipse.jdt.ls.core.id1 -Dosgi.bundles.defaultStartLevel=4 -Declipse.product=org.eclipse.jdt.ls.core.product -Djava.import.generatesMetadataFilesAtProjectRoot=false -DDetectVMInstallationsJob.disabled=true -Dfile.encoding=utf8 -XX:+UseParallelGC -XX:GCTimeRatio=4 -XX:AdaptiveSizePolicyWeight=90 -Dsun.zip.disableMemoryMapping=true -Xmx1G -Xms100m -Xlog:disable -javaagent:c:\Users\joshu\.cursor\extensions\redhat.java-1.41.1-win32-x64\lombok\lombok-1.18.36.jar -XX:+HeapDumpOnOutOfMemoryError -XX:HeapDumpPath=c:\Users\joshu\AppData\Roaming\Cursor\User\workspaceStorage\3af777b82329b118d91d05b142a59275\redhat.java -Daether.dependencyCollector.impl=bf 
java_command: c:\Users\joshu\.cursor\extensions\redhat.java-1.41.1-win32-x64\server\plugins\org.eclipse.equinox.launcher_1.7.0.v20250331-1702.jar -configuration c:\Users\joshu\AppData\Roaming\Cursor\User\globalStorage\redhat.java\1.41.1\config_win -data c:\Users\joshu\AppData\Roaming\Cursor\User\workspaceStorage\3af777b82329b118d91d05b142a59275\redhat.java\jdt_ws --pipe=\\.\pipe\lsp-b704c0eb71c544996eae06bb4d675c53-sock
java_class_path (initial): c:\Users\joshu\.cursor\extensions\redhat.java-1.41.1-win32-x64\server\plugins\org.eclipse.equinox.launcher_1.7.0.v20250331-1702.jar
Launcher Type: SUN_STANDARD

[Global flags]
    uintx AdaptiveSizePolicyWeight                 = 90                                        {product} {command line}
     intx CICompilerCount                          = 4                                         {product} {ergonomic}
    uintx GCTimeRatio                              = 4                                         {product} {command line}
     bool HeapDumpOnOutOfMemoryError               = true                                   {manageable} {command line}
    ccstr HeapDumpPath                             = c:\Users\joshu\AppData\Roaming\Cursor\User\workspaceStorage\3af777b82329b118d91d05b142a59275\redhat.java         {manageable} {command line}
   size_t InitialHeapSize                          = 104857600                                 {product} {command line}
   size_t MaxHeapSize                              = 1073741824                                {product} {command line}
   size_t MaxNewSize                               = 357564416                                 {product} {ergonomic}
   size_t MinHeapDeltaBytes                        = 524288                                    {product} {ergonomic}
   size_t MinHeapSize                              = 104857600                                 {product} {command line}
   size_t NewSize                                  = 34603008                                  {product} {ergonomic}
    uintx NonNMethodCodeHeapSize                   = 5839372                                {pd product} {ergonomic}
    uintx NonProfiledCodeHeapSize                  = 122909434                              {pd product} {ergonomic}
   size_t OldSize                                  = 70254592                                  {product} {ergonomic}
    uintx ProfiledCodeHeapSize                     = 122909434                              {pd product} {ergonomic}
    uintx ReservedCodeCacheSize                    = 251658240                              {pd product} {ergonomic}
     bool SegmentedCodeCache                       = true                                      {product} {ergonomic}
   size_t SoftMaxHeapSize                          = 1073741824                             {manageable} {ergonomic}
     bool UseCompressedOops                        = true                           {product lp64_product} {ergonomic}
     bool UseLargePagesIndividualAllocation        = false                                  {pd product} {ergonomic}
     bool UseParallelGC                            = true                                      {product} {command line}

Logging:
Log output configuration:
 #0: stdout all=off uptime,level,tags foldmultilines=false
 #1: stderr all=off uptime,level,tags foldmultilines=false

Environment Variables:
PATH=C:\Program Files\Common Files\Oracle\Java\javapath;C:\Program Files (x86)\Common Files\Oracle\Java\java8path;C:\Program Files (x86)\Common Files\Oracle\Java\javapath;c:\Users\joshu\AppData\Local\Programs\cursor\resources\app\bin;C:\Program Files (x86)\Razer Chroma SDK\bin;C:\Program Files\Razer Chroma SDK\bin;C:\Program Files (x86)\Razer\ChromaBroadcast\bin;C:\Program Files\Razer\ChromaBroadcast\bin;C:\WINDOWS\system32;C:\WINDOWS;C:\WINDOWS\System32\Wbem;C:\WINDOWS\System32\WindowsPowerShell\v1.0\;C:\WINDOWS\System32\OpenSSH\;C:\Program Files (x86)\NVIDIA Corporation\PhysX\Common;C:\WINDOWS\system32\config\systemprofile\AppData\Local\Microsoft\WindowsApps;C:\Program Files\nodejs\;C:\Program Files\Git\cmd;C:\WINDOWS\system32;C:\WINDOWS;C:\WINDOWS\System32\Wbem;C:\WINDOWS\System32\WindowsPowerShell\v1.0\;C:\WINDOWS\System32\OpenSSH\;C:\Program Files\dotnet\;C:\Program Files\wooting-analog-sdk\;C:\Users\joshu\AppData\Local\Microsoft\WindowsApps;C:\Users\joshu\AppData\Roaming\npm;C:\Users\joshu\AppData\Local\M;C:\Program Files\NVIDIA Corporation\NVIDIA app\NvDLISR;C:\maven\apache-maven-3.9.9\bin;C:\Users\joshu\AppData\Local\Microsoft\WindowsApps;C:\Users\joshu\AppData\Roaming\npm;C:\Users\joshu\AppData\Local\Programs\Microsoft VS Code\bin;C:\Users\joshu\AppData\Local\Muse Hub\lib;C:\Users\joshu\AppData\Local\GitHubDesktop\bin;C:\Users\joshu\AppData\Local\Programs\cursor\resources\app\bin
USERNAME=joshu
OS=Windows_NT
PROCESSOR_IDENTIFIER=Intel64 Family 6 Model 158 Stepping 13, GenuineIntel
TMP=C:\Users\joshu\AppData\Local\Temp
TEMP=C:\Users\joshu\AppData\Local\Temp




Periodic native trim disabled

---------------  S Y S T E M  ---------------

OS:
 Windows 11 , 64 bit Build 26100 (10.0.26100.3775)
OS uptime: 0 days 0:22 hours
Hyper-V role detected

CPU: total 8 (initial active 8) (8 cores per cpu, 1 threads per core) family 6 model 158 stepping 13 microcode 0xde, cx8, cmov, fxsr, mmx, 3dnowpref, sse, sse2, sse3, ssse3, sse4.1, sse4.2, popcnt, lzcnt, tsc, tscinvbit, avx, avx2, aes, erms, clmul, bmi1, bmi2, adx, fma, vzeroupper, clflush, clflushopt, hv, rdtscp, f16c
Processor Information for the first 8 processors :
  Max Mhz: 3600, Current Mhz: 3600, Mhz Limit: 3600

Memory: 4k page, system-wide physical 32683M (18035M free)
TotalPageFile size 35883M (AvailPageFile size 14932M)
current process WorkingSet (physical memory assigned to process): 1030M, peak: 1030M
current process commit charge ("private bytes"): 1015M, peak: 1015M

vm_info: OpenJDK 64-Bit Server VM (21.0.6+7-LTS) for windows-amd64 JRE (21.0.6+7-LTS), built on 2025-01-21T00:00:00Z by "admin" with MS VC++ 17.7 (VS2022)

END.
