#
# A fatal error has been detected by the Java Runtime Environment:
#
#  EXCEPTION_ACCESS_VIOLATION (0xc0000005) at pc=0x00007fffbc217187, pid=25156, tid=24976
#
# JRE version: OpenJDK Runtime Environment Temurin-21.0.6+7 (21.0.6+7) (build 21.0.6+7-LTS)
# Java VM: OpenJDK 64-Bit Server VM Temurin-21.0.6+7 (21.0.6+7-LTS, mixed mode, sharing, tiered, compressed oops, compressed class ptrs, parallel gc, windows-amd64)
# Problematic frame:
# V  [jvm.dll+0x337187]
#
# No core dump will be written. Minidumps are not enabled by default on client versions of Windows
#
# If you would like to submit a bug report, please visit:
#   https://github.com/adoptium/adoptium-support/issues
#

---------------  S U M M A R Y ------------

Command Line: --add-modules=ALL-SYSTEM --add-opens=java.base/java.util=ALL-UNNAMED --add-opens=java.base/java.lang=ALL-UNNAMED --add-opens=java.base/sun.nio.fs=ALL-UNNAMED -Declipse.application=org.eclipse.jdt.ls.core.id1 -Dosgi.bundles.defaultStartLevel=4 -Declipse.product=org.eclipse.jdt.ls.core.product -Djava.import.generatesMetadataFilesAtProjectRoot=false -DDetectVMInstallationsJob.disabled=true -Dfile.encoding=utf8 -XX:+UseParallelGC -XX:GCTimeRatio=4 -XX:AdaptiveSizePolicyWeight=90 -Dsun.zip.disableMemoryMapping=true -Xmx1G -Xms100m -Xlog:disable -javaagent:c:\Users\joshu\.vscode\extensions\redhat.java-1.41.1-win32-x64\lombok\lombok-1.18.36.jar -XX:+HeapDumpOnOutOfMemoryError -XX:HeapDumpPath=c:\Users\joshu\AppData\Roaming\Code\User\workspaceStorage\3af777b82329b118d91d05b142a59275\redhat.java -Daether.dependencyCollector.impl=bf c:\Users\joshu\.vscode\extensions\redhat.java-1.41.1-win32-x64\server\plugins\org.eclipse.equinox.launcher_1.7.0.v20250331-1702.jar -configuration c:\Users\joshu\AppData\Roaming\Code\User\globalStorage\redhat.java\1.41.1\config_win -data c:\Users\joshu\AppData\Roaming\Code\User\workspaceStorage\3af777b82329b118d91d05b142a59275\redhat.java\jdt_ws --pipe=\\.\pipe\lsp-dca038f408cce5f83a38303a85c9d7b8-sock

Host: Intel(R) Core(TM) i7-9700K CPU @ 3.60GHz, 8 cores, 31G,  Windows 11 , 64 bit Build 26100 (10.0.26100.3775)
Time: Sat Apr 26 11:38:55 2025 Eastern Daylight Time elapsed time: 3257.771934 seconds (0d 0h 54m 17s)

---------------  T H R E A D  ---------------

Current thread (0x0000024a12a16af0):  WorkerThread "GC Thread#7"    [id=24976, stack(0x000000ed3fe00000,0x000000ed3ff00000) (1024K)]

Stack: [0x000000ed3fe00000,0x000000ed3ff00000],  sp=0x000000ed3feff4e0,  free space=1021k
Native frames: (J=compiled Java code, j=interpreted, Vv=VM code, C=native code)
V  [jvm.dll+0x337187]
V  [jvm.dll+0x70e388]
V  [jvm.dll+0x70e85f]
V  [jvm.dll+0x8d62a7]
V  [jvm.dll+0x851f8b]
V  [jvm.dll+0x6cc5ed]
C  [ucrtbase.dll+0x37b0]
C  [KERNEL32.DLL+0x2e8d7]
C  [ntdll.dll+0xb14fc]


siginfo: EXCEPTION_ACCESS_VIOLATION (0xc0000005), data execution prevention violation at address 0x00007fff6de17002


Registers:
RAX=0x0000000000000000, RBX=0x0000000000000007, RCX=0x0000000000000000, RDX=0x0000000000000000
RSP=0x000000ed3feff4e0, RBP=0x00000249cab8f2e0, RSI=0x0000000000000000, RDI=0x00000249b6859060
R8 =0x0000000000000000, R9 =0x0000000000000002, R10=0x0000000000000038, R11=0x0000000000000010
R12=0x0000000000000010, R13=0x0000000000000000, R14=0x0000000000000000, R15=0x000000ed3feff570
RIP=0x00007fffbc217187, EFLAGS=0x0000000000010246

XMM[0]=0x0000004000001cb0 0x0000000000000001
XMM[1]=0x0049006e006f0069 0x007400610074006f
XMM[2]=0x0000000000000000 0x0000000000000000
XMM[3]=0x0000000000000000 0x0000000000000000
XMM[4]=0x0000000000000000 0x0000000000000000
XMM[5]=0x006f006900740061 0x0063006f0076006e
XMM[6]=0x0000000000000000 0x0000000000000000
XMM[7]=0x0000000000000000 0x0000000000000000
XMM[8]=0x0000000000000000 0x0000000000000000
XMM[9]=0x0000000000000000 0x0000000000000000
XMM[10]=0x0000000000000000 0x0000000000000000
XMM[11]=0x0000000000000000 0x0000000000000000
XMM[12]=0x0000000000000000 0x0000000000000000
XMM[13]=0x0000000000000000 0x0000000000000000
XMM[14]=0x0000000000000000 0x0000000000000000
XMM[15]=0x0000000000000000 0x0000000000000000
  MXCSR=0x00001fa0


Register to memory mapping:

RAX=0x0 is null
RBX=0x0000000000000007 is an unknown value
RCX=0x0 is null
RDX=0x0 is null
RSP=0x000000ed3feff4e0 points into unknown readable memory: 0x0000000000000001 | 01 00 00 00 00 00 00 00
RBP=0x00000249cab8f2e0 points into unknown readable memory: 0x0000000000000000 | 00 00 00 00 00 00 00 00
RSI=0x0 is null
RDI=0x00000249b6859060 points into unknown readable memory: 0x00007fffbc904ae8 | e8 4a 90 bc ff 7f 00 00
R8 =0x0 is null
R9 =0x0000000000000002 is an unknown value
R10=0x0000000000000038 is an unknown value
R11=0x0000000000000010 is an unknown value
R12=0x0000000000000010 is an unknown value
R13=0x0 is null
R14=0x0 is null
R15=0x000000ed3feff570 points into unknown readable memory: 0x0000000000000000 | 00 00 00 00 00 00 00 00

Top of Stack: (sp=0x000000ed3feff4e0)
0x000000ed3feff4e0:   0000000000000001 0000000000000000
0x000000ed3feff4f0:   000000ed3f2ff058 0000000000000000
0x000000ed3feff500:   000000ed3f2ff058 0000000000000000
0x000000ed3feff510:   0000024a12b9fd10 0000000000000005
0x000000ed3feff520:   0000000000000000 00007fffbc5ee388
0x000000ed3feff530:   00000249cab8f280 0000000000000000
0x000000ed3feff540:   000000ed3f2ff0b0 00000249cab8f280
0x000000ed3feff550:   000000ed3f2fef50 00007fffbc5ee85f
0x000000ed3feff560:   0000000000000000 000000ed3feff5f9
0x000000ed3feff570:   0000000000000000 000000ed3f2ff090
0x000000ed3feff580:   00000249cab8f280 0000000000000000
0x000000ed3feff590:   0000000000000008 00007fffbc5b84be
0x000000ed3feff5a0:   00000249cab8f280 00007fff00000000
0x000000ed3feff5b0:   00007fffbc96c368 00000249cab8f280
0x000000ed3feff5c0:   000000ed3f2fef50 00000249cabcb2c0
0x000000ed3feff5d0:   00000000000003d8 00000249cabcb2d0
0x000000ed3feff5e0:   00000249cabcb6a8 00007fffbc96c358
0x000000ed3feff5f0:   0000000000000000 0000000000000000
0x000000ed3feff600:   0000000000000000 0000000000000000
0x000000ed3feff610:   0000000000000000 00006f8c56c8ba53
0x000000ed3feff620:   0000024a12845ef0 0000000000000000
0x000000ed3feff630:   0000000000000030 0000024a12b6ae90
0x000000ed3feff640:   0000000000000000 00000249b4451e58
0x000000ed3feff650:   0000024a12a16af0 00007fffbc7b62a7
0x000000ed3feff660:   00000249b4451e58 0000024a12a16af0
0x000000ed3feff670:   0000000000000070 0000024a12b6ae90
0x000000ed3feff680:   0000000000000000 0000024a12a16af0
0x000000ed3feff690:   0000000000000000 0000000000100000
0x000000ed3feff6a0:   0000000000000000 00007fffbc731f8b
0x000000ed3feff6b0:   000000ed3fe00000 00000000ffffffff
0x000000ed3feff6c0:   0000000000000000 0000000000000000
0x000000ed3feff6d0:   0000000000000004 0000000000001000 

Instructions: (pc=0x00007fffbc217187)
0x00007fffbc217087:   d2 89 85 04 02 00 00 f7 77 08 44 8b ca 3b d6 74
0x00007fffbc217097:   b8 8b de 66 0f 1f 44 00 00 3b de 74 05 41 3b d9
0x00007fffbc2170a7:   75 45 44 8b 85 04 02 00 00 b8 5f 0b 4e 83 41 f7
0x00007fffbc2170b7:   e8 41 03 d0 c1 fa 10 8b c2 c1 e8 1f 03 d0 41 69
0x00007fffbc2170c7:   c0 a7 41 00 00 69 ca ff ff ff 7f 2b c1 85 c0 8d
0x00007fffbc2170d7:   88 ff ff ff 7f 0f 4e c1 33 d2 89 85 04 02 00 00
0x00007fffbc2170e7:   f7 77 08 8b da eb b2 41 8b c1 4c 8d 1c c5 00 00
0x00007fffbc2170f7:   00 00 48 8b 47 10 49 8b 0c 03 8b 81 00 01 00 00
0x00007fffbc217107:   44 8b 81 80 00 00 00 44 2b c0 b8 00 00 00 00 41
0x00007fffbc217117:   81 e0 ff ff 01 00 41 81 f8 ff ff 01 00 44 0f 44
0x00007fffbc217127:   c0 8b c3 4c 8d 14 c5 00 00 00 00 48 8b 47 10 49
0x00007fffbc217137:   8b 0c 02 8b 81 00 01 00 00 8b 91 80 00 00 00 33
0x00007fffbc217147:   c9 2b d0 8b c1 81 e2 ff ff 01 00 81 fa ff ff 01
0x00007fffbc217157:   00 0f 44 d1 41 3b d0 76 0a 48 8b 47 10 49 8b 0c
0x00007fffbc217167:   02 eb 10 45 85 c0 74 18 48 8b 47 10 41 8b d9 49
0x00007fffbc217177:   8b 0c 03 49 8b d7 e8 4e e6 ff ff 83 f8 02 74 05
0x00007fffbc217187:   bb ff ff ff ff 89 9d 00 02 00 00 eb 14 75 17 8d
0x00007fffbc217197:   46 ff 49 8b d7 83 e0 01 48 8b 0c c1 e8 28 e6 ff
0x00007fffbc2171a7:   ff 83 f8 02 74 2b 41 ff c6 45 3b f4 0f 82 77 fe
0x00007fffbc2171b7:   ff ff 32 c0 48 8b 5c 24 50 48 8b 6c 24 58 48 8b
0x00007fffbc2171c7:   74 24 60 48 83 c4 20 41 5f 41 5e 41 5d 41 5c 5f
0x00007fffbc2171d7:   c3 b0 01 eb df cc cc cc cc 48 8b 89 50 06 00 00
0x00007fffbc2171e7:   e9 e4 f2 59 00 cc cc cc cc 48 89 54 24 10 4c 89
0x00007fffbc2171f7:   44 24 18 4c 89 4c 24 20 53 48 83 ec 20 48 8b d9
0x00007fffbc217207:   4c 8d 4c 24 40 4c 8b c2 48 8d 0d 3a d0 94 00 ba
0x00007fffbc217217:   01 00 00 00 e8 40 aa 2a 00 48 8b c3 48 83 c4 20
0x00007fffbc217227:   5b c3 cc cc cc cc cc cc cc 48 89 5c 24 18 55 57
0x00007fffbc217237:   41 57 48 83 ec 20 48 8b 41 18 4c 8b f9 8b 7a 38
0x00007fffbc217247:   48 8d 4a 3c 48 8b da 48 8b 80 60 06 00 00 48 8b
0x00007fffbc217257:   2c f8 8b 01 c1 e8 02 48 c1 e5 03 a8 01 0f 84 11
0x00007fffbc217267:   01 00 00 8b 42 3c 83 f8 04 0f 85 60 01 00 00 48
0x00007fffbc217277:   89 74 24 40 4c 89 74 24 48 4d 8b 77 10 0f 1f 40 


Stack slot to memory mapping:

stack at sp + 0 slots: 0x0000000000000001 is an unknown value
stack at sp + 1 slots: 0x0 is null
stack at sp + 2 slots: 0x000000ed3f2ff058 points into unknown readable memory: 0x00000249b6803ea0 | a0 3e 80 b6 49 02 00 00
stack at sp + 3 slots: 0x0 is null
stack at sp + 4 slots: 0x000000ed3f2ff058 points into unknown readable memory: 0x00000249b6803ea0 | a0 3e 80 b6 49 02 00 00
stack at sp + 5 slots: 0x0 is null
stack at sp + 6 slots: 0x0000024a12b9fd10 points into unknown readable memory: 0x0007da0000000002 | 02 00 00 00 00 da 07 00
stack at sp + 7 slots: 0x0000000000000005 is an unknown value


---------------  P R O C E S S  ---------------

Threads class SMR info:
_java_thread_list=0x0000024a1efd8d50, length=61, elements={
0x00000249b67d9b80, 0x00000249b689a1d0, 0x00000249b689ce10, 0x00000249cab94f80,
0x00000249cab96b40, 0x00000249cab979f0, 0x00000249cab9a800, 0x00000249cab9d640,
0x0000024a0d69c640, 0x0000024a0d70bde0, 0x0000024a0d981550, 0x0000024a12881250,
0x0000024a12940790, 0x0000024a12264750, 0x0000024a12a63440, 0x0000024a12bd3620,
0x0000024a125832c0, 0x0000024a0da12010, 0x0000024a0da13a50, 0x0000024a0da10c60,
0x0000024a0da133c0, 0x0000024a0da112f0, 0x0000024a14d18e90, 0x0000024a14d1a240,
0x0000024a14d1af60, 0x0000024a14d19520, 0x0000024a14d1a8d0, 0x0000024a14d1b5f0,
0x0000024a14d18170, 0x0000024a14d18800, 0x0000024a147550b0, 0x0000024a14754a20,
0x0000024a1ed306f0, 0x0000024a1ed334e0, 0x0000024a1ed34200, 0x0000024a1ed34f20,
0x0000024a1ed31aa0, 0x0000024a1ed32130, 0x0000024a1ed362d0, 0x0000024a1ed33b70,
0x0000024a1ed32e50, 0x0000024a14756af0, 0x0000024a14758bc0, 0x0000024a14755740,
0x0000024a147598e0, 0x0000024a14759f70, 0x0000024a1475a600, 0x0000024a1475ac90,
0x0000024a216a0ac0, 0x0000024a216a0430, 0x0000024a216a1150, 0x0000024a216a4c60,
0x0000024a216a1e70, 0x0000024a216a45d0, 0x0000024a216a38b0, 0x0000024a14757ea0,
0x0000024a14757810, 0x0000024a14758530, 0x0000024a0da140e0, 0x0000024a12f695f0,
0x0000024a12f6aa60
}

Java Threads: ( => current thread )
  0x00000249b67d9b80 JavaThread "main"                              [_thread_blocked, id=24640, stack(0x000000ed3ef00000,0x000000ed3f000000) (1024K)]
  0x00000249b689a1d0 JavaThread "Reference Handler"          daemon [_thread_blocked, id=24940, stack(0x000000ed3f300000,0x000000ed3f400000) (1024K)]
  0x00000249b689ce10 JavaThread "Finalizer"                  daemon [_thread_blocked, id=25404, stack(0x000000ed3f400000,0x000000ed3f500000) (1024K)]
  0x00000249cab94f80 JavaThread "Signal Dispatcher"          daemon [_thread_blocked, id=25400, stack(0x000000ed3f500000,0x000000ed3f600000) (1024K)]
  0x00000249cab96b40 JavaThread "Attach Listener"            daemon [_thread_blocked, id=25416, stack(0x000000ed3f600000,0x000000ed3f700000) (1024K)]
  0x00000249cab979f0 JavaThread "Service Thread"             daemon [_thread_blocked, id=25408, stack(0x000000ed3f700000,0x000000ed3f800000) (1024K)]
  0x00000249cab9a800 JavaThread "Monitor Deflation Thread"   daemon [_thread_blocked, id=24908, stack(0x000000ed3f800000,0x000000ed3f900000) (1024K)]
  0x00000249cab9d640 JavaThread "C2 CompilerThread0"         daemon [_thread_blocked, id=25396, stack(0x000000ed3f900000,0x000000ed3fa00000) (1024K)]
  0x0000024a0d69c640 JavaThread "C1 CompilerThread0"         daemon [_thread_blocked, id=25164, stack(0x000000ed3fa00000,0x000000ed3fb00000) (1024K)]
  0x0000024a0d70bde0 JavaThread "Common-Cleaner"             daemon [_thread_blocked, id=25208, stack(0x000000ed3fb00000,0x000000ed3fc00000) (1024K)]
  0x0000024a0d981550 JavaThread "Notification Thread"        daemon [_thread_blocked, id=24688, stack(0x000000ed3fc00000,0x000000ed3fd00000) (1024K)]
  0x0000024a12881250 JavaThread "Active Thread: Equinox Container: 6a98f45d-5995-41c1-884e-f03320b3ef52"        [_thread_blocked, id=5492, stack(0x000000ed40500000,0x000000ed40600000) (1024K)]
  0x0000024a12940790 JavaThread "Refresh Thread: Equinox Container: 6a98f45d-5995-41c1-884e-f03320b3ef52" daemon [_thread_blocked, id=25432, stack(0x000000ed3fd00000,0x000000ed3fe00000) (1024K)]
  0x0000024a12264750 JavaThread "Framework Event Dispatcher: Equinox Container: 6a98f45d-5995-41c1-884e-f03320b3ef52" daemon [_thread_blocked, id=18656, stack(0x000000ed40600000,0x000000ed40700000) (1024K)]
  0x0000024a12a63440 JavaThread "Start Level: Equinox Container: 6a98f45d-5995-41c1-884e-f03320b3ef52" daemon [_thread_blocked, id=6476, stack(0x000000ed40700000,0x000000ed40800000) (1024K)]
  0x0000024a12bd3620 JavaThread "Bundle File Closer"         daemon [_thread_blocked, id=24832, stack(0x000000ed40900000,0x000000ed40a00000) (1024K)]
  0x0000024a125832c0 JavaThread "SCR Component Actor"        daemon [_thread_blocked, id=6472, stack(0x000000ed40800000,0x000000ed40900000) (1024K)]
  0x0000024a0da12010 JavaThread "Worker-JM"                         [_thread_blocked, id=25328, stack(0x000000ed40c00000,0x000000ed40d00000) (1024K)]
  0x0000024a0da13a50 JavaThread "JNA Cleaner"                daemon [_thread_blocked, id=25496, stack(0x000000ed40d00000,0x000000ed40e00000) (1024K)]
  0x0000024a0da10c60 JavaThread "Java indexing"              daemon [_thread_blocked, id=25612, stack(0x000000ed41200000,0x000000ed41300000) (1024K)]
  0x0000024a0da133c0 JavaThread "Thread-2"                   daemon [_thread_in_native, id=25636, stack(0x000000ed41600000,0x000000ed41700000) (1024K)]
  0x0000024a0da112f0 JavaThread "Thread-3"                   daemon [_thread_in_native, id=25640, stack(0x000000ed41700000,0x000000ed41800000) (1024K)]
  0x0000024a14d18e90 JavaThread "Thread-4"                   daemon [_thread_in_native, id=25644, stack(0x000000ed41800000,0x000000ed41900000) (1024K)]
  0x0000024a14d1a240 JavaThread "Thread-5"                   daemon [_thread_in_native, id=25648, stack(0x000000ed41900000,0x000000ed41a00000) (1024K)]
  0x0000024a14d1af60 JavaThread "Thread-6"                   daemon [_thread_in_native, id=25652, stack(0x000000ed41a00000,0x000000ed41b00000) (1024K)]
  0x0000024a14d19520 JavaThread "Thread-7"                   daemon [_thread_in_native, id=25656, stack(0x000000ed41b00000,0x000000ed41c00000) (1024K)]
  0x0000024a14d1a8d0 JavaThread "Thread-8"                   daemon [_thread_in_native, id=25660, stack(0x000000ed41c00000,0x000000ed41d00000) (1024K)]
  0x0000024a14d1b5f0 JavaThread "Thread-9"                   daemon [_thread_in_native, id=25664, stack(0x000000ed41d00000,0x000000ed41e00000) (1024K)]
  0x0000024a14d18170 JavaThread "Thread-10"                  daemon [_thread_in_native, id=25668, stack(0x000000ed41e00000,0x000000ed41f00000) (1024K)]
  0x0000024a14d18800 JavaThread "pool-2-thread-1"                   [_thread_blocked, id=25672, stack(0x000000ed41f00000,0x000000ed42000000) (1024K)]
  0x0000024a147550b0 JavaThread "WorkspaceEventsHandler"            [_thread_blocked, id=25684, stack(0x000000ed42100000,0x000000ed42200000) (1024K)]
  0x0000024a14754a20 JavaThread "pool-1-thread-1"                   [_thread_blocked, id=25688, stack(0x000000ed42200000,0x000000ed42300000) (1024K)]
  0x0000024a1ed306f0 JavaThread "Cleaner-0"                  daemon [_thread_blocked, id=26556, stack(0x000000ed44300000,0x000000ed44400000) (1024K)]
  0x0000024a1ed334e0 JavaThread "Worker-6"                          [_thread_blocked, id=11852, stack(0x000000ed40a00000,0x000000ed40b00000) (1024K)]
  0x0000024a1ed34200 JavaThread "Java Debug Server"          daemon [_thread_in_native, id=2444, stack(0x000000ed40f00000,0x000000ed41000000) (1024K)]
  0x0000024a1ed34f20 JavaThread "RxSchedulerPurge-1"         daemon [_thread_blocked, id=9676, stack(0x000000ed41100000,0x000000ed41200000) (1024K)]
  0x0000024a1ed31aa0 JavaThread "RxCachedWorkerPoolEvictor-1" daemon [_thread_blocked, id=14640, stack(0x000000ed41300000,0x000000ed41400000) (1024K)]
  0x0000024a1ed32130 JavaThread "Worker-11"                         [_thread_blocked, id=3256, stack(0x000000ed3ed00000,0x000000ed3ee00000) (1024K)]
  0x0000024a1ed362d0 JavaThread "LocalFile Deleter"          daemon [_thread_blocked, id=27012, stack(0x000000ed3ee00000,0x000000ed3ef00000) (1024K)]
  0x0000024a1ed33b70 JavaThread "LocalFile Deleter"          daemon [_thread_blocked, id=3352, stack(0x000000ed40b00000,0x000000ed40c00000) (1024K)]
  0x0000024a1ed32e50 JavaThread "LocalFile Deleter"          daemon [_thread_blocked, id=28488, stack(0x000000ed40e00000,0x000000ed40f00000) (1024K)]
  0x0000024a14756af0 JavaThread "LocalFile Deleter"          daemon [_thread_blocked, id=1296, stack(0x000000ed41500000,0x000000ed41600000) (1024K)]
  0x0000024a14758bc0 JavaThread "Compiler Source File Reader" daemon [_thread_blocked, id=17496, stack(0x000000ed42400000,0x000000ed42500000) (1024K)]
  0x0000024a14755740 JavaThread "Compiler Source File Reader" daemon [_thread_blocked, id=3004, stack(0x000000ed42500000,0x000000ed42600000) (1024K)]
  0x0000024a147598e0 JavaThread "Compiler Source File Reader" daemon [_thread_blocked, id=9116, stack(0x000000ed42600000,0x000000ed42700000) (1024K)]
  0x0000024a14759f70 JavaThread "Compiler Source File Reader" daemon [_thread_blocked, id=28620, stack(0x000000ed42700000,0x000000ed42800000) (1024K)]
  0x0000024a1475a600 JavaThread "Compiler Source File Reader" daemon [_thread_blocked, id=25420, stack(0x000000ed42800000,0x000000ed42900000) (1024K)]
  0x0000024a1475ac90 JavaThread "Compiler Source File Reader" daemon [_thread_blocked, id=28220, stack(0x000000ed42900000,0x000000ed42a00000) (1024K)]
  0x0000024a216a0ac0 JavaThread "Compiler Class File Writer" daemon [_thread_blocked, id=26972, stack(0x000000ed42c00000,0x000000ed42d00000) (1024K)]
  0x0000024a216a0430 JavaThread "Compiler Class File Writer" daemon [_thread_blocked, id=27580, stack(0x000000ed42d00000,0x000000ed42e00000) (1024K)]
  0x0000024a216a1150 JavaThread "Compiler Class File Writer" daemon [_thread_blocked, id=9292, stack(0x000000ed42e00000,0x000000ed42f00000) (1024K)]
  0x0000024a216a4c60 JavaThread "Compiler Class File Writer" daemon [_thread_blocked, id=27328, stack(0x000000ed42f00000,0x000000ed43000000) (1024K)]
  0x0000024a216a1e70 JavaThread "Compiler Class File Writer" daemon [_thread_blocked, id=18536, stack(0x000000ed43000000,0x000000ed43100000) (1024K)]
  0x0000024a216a45d0 JavaThread "Compiler Class File Writer" daemon [_thread_blocked, id=28604, stack(0x000000ed43100000,0x000000ed43200000) (1024K)]
  0x0000024a216a38b0 JavaThread "LocalFile Deleter"          daemon [_thread_blocked, id=6240, stack(0x000000ed41400000,0x000000ed41500000) (1024K)]
  0x0000024a14757ea0 JavaThread "LocalFile Deleter"          daemon [_thread_blocked, id=12804, stack(0x000000ed42000000,0x000000ed42100000) (1024K)]
  0x0000024a14757810 JavaThread "LocalFile Deleter"          daemon [_thread_blocked, id=3024, stack(0x000000ed42300000,0x000000ed42400000) (1024K)]
  0x0000024a14758530 JavaThread "LocalFile Deleter"          daemon [_thread_blocked, id=13556, stack(0x000000ed41000000,0x000000ed41100000) (1024K)]
  0x0000024a0da140e0 JavaThread "Compiler Processing Task"   daemon [_thread_blocked, id=17296, stack(0x000000ed42a00000,0x000000ed42b00000) (1024K)]
  0x0000024a12f695f0 JavaThread "C2 CompilerThread1"         daemon [_thread_blocked, id=15148, stack(0x000000ed42b00000,0x000000ed42c00000) (1024K)]
  0x0000024a12f6aa60 JavaThread "C2 CompilerThread2"         daemon [_thread_blocked, id=1708, stack(0x000000ed43200000,0x000000ed43300000) (1024K)]
Total: 61

Other Threads:
  0x00000249b687fbf0 VMThread "VM Thread"                           [id=25192, stack(0x000000ed3f200000,0x000000ed3f300000) (1024K)]
  0x00000249caaaca00 WatcherThread "VM Periodic Task Thread"        [id=25204, stack(0x000000ed3f100000,0x000000ed3f200000) (1024K)]
  0x00000249b67f91d0 WorkerThread "GC Thread#0"                     [id=25356, stack(0x000000ed3f000000,0x000000ed3f100000) (1024K)]
  0x0000024a1264c3b0 WorkerThread "GC Thread#1"                     [id=25372, stack(0x000000ed3ff00000,0x000000ed40000000) (1024K)]
  0x0000024a1262c430 WorkerThread "GC Thread#2"                     [id=25240, stack(0x000000ed40000000,0x000000ed40100000) (1024K)]
  0x0000024a1262c7d0 WorkerThread "GC Thread#3"                     [id=24988, stack(0x000000ed40100000,0x000000ed40200000) (1024K)]
  0x0000024a1262cb70 WorkerThread "GC Thread#4"                     [id=25292, stack(0x000000ed40200000,0x000000ed40300000) (1024K)]
  0x0000024a1262cf10 WorkerThread "GC Thread#5"                     [id=24984, stack(0x000000ed40300000,0x000000ed40400000) (1024K)]
  0x0000024a1262d2b0 WorkerThread "GC Thread#6"                     [id=25360, stack(0x000000ed40400000,0x000000ed40500000) (1024K)]
=>0x0000024a12a16af0 WorkerThread "GC Thread#7"                     [id=24976, stack(0x000000ed3fe00000,0x000000ed3ff00000) (1024K)]
Total: 10

Threads with active compile tasks:
C2 CompilerThread2  3257799 22428   !   4       org.eclipse.jdt.internal.compiler.lookup.BinaryTypeBinding::cachePartsFrom2 (2059 bytes)
Total: 1

VM state: at safepoint (normal execution)

VM Mutex/Monitor currently owned by a thread:  ([mutex/lock_event])
[0x00007fffbcb8e380] Threads_lock - owner thread: 0x00000249b687fbf0
[0x00007fffbcb8e480] Heap_lock - owner thread: 0x0000024a0da10c60

Heap address: 0x00000000c0000000, size: 1024 MB, Compressed Oops mode: 32-bit

CDS archive(s) mapped at: [0x00000249cb000000-0x00000249cbba0000-0x00000249cbba0000), size 12189696, SharedBaseAddress: 0x00000249cb000000, ArchiveRelocationMode: 1.
Compressed class space mapped at: 0x00000249cc000000-0x0000024a0c000000, reserved size: 1073741824
Narrow klass base: 0x00000249cb000000, Narrow klass shift: 0, Narrow klass range: 0x100000000

GC Precious Log:
 CardTable entry size: 512
 CPUs: 8 total, 8 available
 Memory: 32683M
 Large Page Support: Disabled
 NUMA Support: Disabled
 Compressed Oops: Enabled (32-bit)
 Alignments: Space 512K, Generation 512K, Heap 2M
 Heap Min Capacity: 100M
 Heap Initial Capacity: 100M
 Heap Max Capacity: 1G
 Pre-touch: Disabled
 Parallel Workers: 8

Heap:
 PSYoungGen      total 2048K, used 1632K [0x00000000eab00000, 0x00000000eae00000, 0x0000000100000000)
  eden space 1536K, 100% used [0x00000000eab00000,0x00000000eac80000,0x00000000eac80000)
  from space 512K, 18% used [0x00000000ead80000,0x00000000ead98000,0x00000000eae00000)
  to   space 512K, 95% used [0x00000000eac80000,0x00000000eacfa8f0,0x00000000ead00000)
 ParOldGen       total 669184K, used 123931K [0x00000000c0000000, 0x00000000e8d80000, 0x00000000eab00000)
  object space 669184K, 18% used [0x00000000c0000000,0x00000000c7906e48,0x00000000e8d80000)
 Metaspace       used 84457K, committed 86592K, reserved 1179648K
  class space    used 8352K, committed 9280K, reserved 1048576K

Card table byte_map: [0x00000249b6180000,0x00000249b6390000] _byte_map_base: 0x00000249b5b80000

Marking Bits: (ParMarkBitMap*) 0x00007fffbcb93260
 Begin Bits: [0x00000249c89d0000, 0x00000249c99d0000)
 End Bits:   [0x00000249c99d0000, 0x00000249ca9d0000)

Polling page: 0x00000249b4590000

Metaspace:

Usage:
  Non-class:     74.32 MB used.
      Class:      8.16 MB used.
       Both:     82.48 MB used.

Virtual space:
  Non-class space:      128.00 MB reserved,      75.50 MB ( 59%) committed,  2 nodes.
      Class space:        1.00 GB reserved,       9.06 MB ( <1%) committed,  1 nodes.
             Both:        1.12 GB reserved,      84.56 MB (  7%) committed. 

Chunk freelists:
   Non-Class:  4.73 MB
       Class:  7.11 MB
        Both:  11.83 MB

MaxMetaspaceSize: unlimited
CompressedClassSpaceSize: 1.00 GB
Initial GC threshold: 21.00 MB
Current GC threshold: 140.94 MB
CDS: on
 - commit_granule_bytes: 65536.
 - commit_granule_words: 8192.
 - virtual_space_node_default_size: 8388608.
 - enlarge_chunks_in_place: 1.
 - use_allocation_guard: 0.


Internal statistics:

num_allocs_failed_limit: 9.
num_arena_births: 1732.
num_arena_deaths: 474.
num_vsnodes_births: 3.
num_vsnodes_deaths: 0.
num_space_committed: 1353.
num_space_uncommitted: 0.
num_chunks_returned_to_freelist: 560.
num_chunks_taken_from_freelist: 5802.
num_chunk_merges: 146.
num_chunk_splits: 3479.
num_chunks_enlarged: 1939.
num_inconsistent_stats: 0.

CodeHeap 'non-profiled nmethods': size=120000Kb used=16589Kb max_used=20177Kb free=103410Kb
 bounds [0x00000249c14a0000, 0x00000249c2860000, 0x00000249c89d0000]
CodeHeap 'profiled nmethods': size=120000Kb used=40373Kb max_used=51011Kb free=79626Kb
 bounds [0x00000249b99d0000, 0x00000249bcbb0000, 0x00000249c0f00000]
CodeHeap 'non-nmethods': size=5760Kb used=1530Kb max_used=1638Kb free=4230Kb
 bounds [0x00000249c0f00000, 0x00000249c1170000, 0x00000249c14a0000]
 total_blobs=18267 nmethods=17413 adapters=757
 compilation: enabled
              stopped_count=0, restarted_count=0
 full_count=0

Compilation events (20 events):
Event: 3257.710 Thread 0x0000024a0d69c640 nmethod 22445 0x00000249bb359d90 code [0x00000249bb35a0e0, 0x00000249bb35bfe0]
Event: 3257.722 Thread 0x00000249cab9d640 nmethod 22432 0x00000249c1c49e10 code [0x00000249c1c4a4e0, 0x00000249c1c4e1e0]
Event: 3257.737 Thread 0x00000249cab9d640 22446       4       org.eclipse.core.internal.resources.CharsetManager$ResourceChangeListener::moveSettingsIfDerivedChanged (229 bytes)
Event: 3257.738 Thread 0x0000024a0d69c640 22447       3       org.eclipse.jdt.internal.core.JavaElementDelta::find (26 bytes)
Event: 3257.738 Thread 0x0000024a0d69c640 nmethod 22447 0x00000249b99d9b10 code [0x00000249b99d9ce0, 0x00000249b99da048]
Event: 3257.740 Thread 0x0000024a12f695f0 22448 %     4       org.eclipse.jface.text.ListLineTracker::createLines @ 17 (261 bytes)
Event: 3257.741 Thread 0x0000024a0d69c640 22449       3       java.lang.invoke.LambdaForm$MH/0x00000249cc90d800::invoke (42 bytes)
Event: 3257.742 Thread 0x0000024a0d69c640 nmethod 22449 0x00000249b9badc90 code [0x00000249b9badf20, 0x00000249b9baeca0]
Event: 3257.744 Thread 0x00000249cab9d640 nmethod 22446 0x00000249c1a75110 code [0x00000249c1a75380, 0x00000249c1a75ba0]
Event: 3257.748 Thread 0x00000249cab9d640 22450       4       sun.nio.ch.Util$BufferCache::get (164 bytes)
Event: 3257.749 Thread 0x00000249cab9d640 nmethod 22450 0x00000249c153bd90 code [0x00000249c153bf40, 0x00000249c153c1d8]
Event: 3257.749 Thread 0x00000249cab9d640 22451       4       sun.nio.ch.Util::getTemporaryDirectBuffer (55 bytes)
Event: 3257.752 Thread 0x0000024a0d69c640 22452       3       org.eclipse.jdt.ls.core.internal.JDTUtils::toRange (78 bytes)
Event: 3257.753 Thread 0x0000024a0d69c640 nmethod 22452 0x00000249b9c94990 code [0x00000249b9c94ba0, 0x00000249b9c951c0]
Event: 3257.758 Thread 0x0000024a12f695f0 nmethod 22448% 0x00000249c1628510 code [0x00000249c1628780, 0x00000249c1629b78]
Event: 3257.760 Thread 0x0000024a0d69c640 22453       3       java.util.Formatter$FormatSpecifier::leadingSign (80 bytes)
Event: 3257.760 Thread 0x0000024a0d69c640 nmethod 22453 0x00000249b9e03710 code [0x00000249b9e03940, 0x00000249b9e04010]
Event: 3257.760 Thread 0x0000024a0d69c640 22454       3       java.util.Formatter$FormatSpecifier::trailingSign (26 bytes)
Event: 3257.760 Thread 0x0000024a0d69c640 nmethod 22454 0x00000249b9a34410 code [0x00000249b9a345e0, 0x00000249b9a348b8]
Event: 3257.763 Thread 0x00000249cab9d640 nmethod 22451 0x00000249c18a9990 code [0x00000249c18a9ca0, 0x00000249c18aae28]

GC Heap History (20 events):
Event: 3257.638 GC heap after
{Heap after GC invocations=1046 (full 5):
 PSYoungGen      total 2048K, used 512K [0x00000000eab00000, 0x00000000eae80000, 0x0000000100000000)
  eden space 1536K, 0% used [0x00000000eab00000,0x00000000eab00000,0x00000000eac80000)
  from space 512K, 100% used [0x00000000ead80000,0x00000000eae00000,0x00000000eae00000)
  to   space 512K, 0% used [0x00000000eae00000,0x00000000eae00000,0x00000000eae80000)
 ParOldGen       total 669184K, used 121082K [0x00000000c0000000, 0x00000000e8d80000, 0x00000000eab00000)
  object space 669184K, 18% used [0x00000000c0000000,0x00000000c763e838,0x00000000e8d80000)
 Metaspace       used 84427K, committed 86592K, reserved 1179648K
  class space    used 8352K, committed 9280K, reserved 1048576K
}
Event: 3257.647 GC heap before
{Heap before GC invocations=1047 (full 5):
 PSYoungGen      total 2048K, used 2048K [0x00000000eab00000, 0x00000000eae80000, 0x0000000100000000)
  eden space 1536K, 100% used [0x00000000eab00000,0x00000000eac80000,0x00000000eac80000)
  from space 512K, 100% used [0x00000000ead80000,0x00000000eae00000,0x00000000eae00000)
  to   space 512K, 0% used [0x00000000eae00000,0x00000000eae00000,0x00000000eae80000)
 ParOldGen       total 669184K, used 121082K [0x00000000c0000000, 0x00000000e8d80000, 0x00000000eab00000)
  object space 669184K, 18% used [0x00000000c0000000,0x00000000c763e838,0x00000000e8d80000)
 Metaspace       used 84435K, committed 86592K, reserved 1179648K
  class space    used 8352K, committed 9280K, reserved 1048576K
}
Event: 3257.648 GC heap after
{Heap after GC invocations=1047 (full 5):
 PSYoungGen      total 2048K, used 480K [0x00000000eab00000, 0x00000000eae80000, 0x0000000100000000)
  eden space 1536K, 0% used [0x00000000eab00000,0x00000000eab00000,0x00000000eac80000)
  from space 512K, 93% used [0x00000000eae00000,0x00000000eae78000,0x00000000eae80000)
  to   space 512K, 0% used [0x00000000ead80000,0x00000000ead80000,0x00000000eae00000)
 ParOldGen       total 669184K, used 121438K [0x00000000c0000000, 0x00000000e8d80000, 0x00000000eab00000)
  object space 669184K, 18% used [0x00000000c0000000,0x00000000c7697848,0x00000000e8d80000)
 Metaspace       used 84435K, committed 86592K, reserved 1179648K
  class space    used 8352K, committed 9280K, reserved 1048576K
}
Event: 3257.652 GC heap before
{Heap before GC invocations=1048 (full 5):
 PSYoungGen      total 2048K, used 2016K [0x00000000eab00000, 0x00000000eae80000, 0x0000000100000000)
  eden space 1536K, 100% used [0x00000000eab00000,0x00000000eac80000,0x00000000eac80000)
  from space 512K, 93% used [0x00000000eae00000,0x00000000eae78000,0x00000000eae80000)
  to   space 512K, 0% used [0x00000000ead80000,0x00000000ead80000,0x00000000eae00000)
 ParOldGen       total 669184K, used 121438K [0x00000000c0000000, 0x00000000e8d80000, 0x00000000eab00000)
  object space 669184K, 18% used [0x00000000c0000000,0x00000000c7697848,0x00000000e8d80000)
 Metaspace       used 84448K, committed 86592K, reserved 1179648K
  class space    used 8352K, committed 9280K, reserved 1048576K
}
Event: 3257.653 GC heap after
{Heap after GC invocations=1048 (full 5):
 PSYoungGen      total 2048K, used 512K [0x00000000eab00000, 0x00000000eae80000, 0x0000000100000000)
  eden space 1536K, 0% used [0x00000000eab00000,0x00000000eab00000,0x00000000eac80000)
  from space 512K, 100% used [0x00000000ead80000,0x00000000eae00000,0x00000000eae00000)
  to   space 512K, 0% used [0x00000000eae00000,0x00000000eae00000,0x00000000eae80000)
 ParOldGen       total 669184K, used 121822K [0x00000000c0000000, 0x00000000e8d80000, 0x00000000eab00000)
  object space 669184K, 18% used [0x00000000c0000000,0x00000000c76f7878,0x00000000e8d80000)
 Metaspace       used 84448K, committed 86592K, reserved 1179648K
  class space    used 8352K, committed 9280K, reserved 1048576K
}
Event: 3257.666 GC heap before
{Heap before GC invocations=1049 (full 5):
 PSYoungGen      total 2048K, used 2048K [0x00000000eab00000, 0x00000000eae80000, 0x0000000100000000)
  eden space 1536K, 100% used [0x00000000eab00000,0x00000000eac80000,0x00000000eac80000)
  from space 512K, 100% used [0x00000000ead80000,0x00000000eae00000,0x00000000eae00000)
  to   space 512K, 0% used [0x00000000eae00000,0x00000000eae00000,0x00000000eae80000)
 ParOldGen       total 669184K, used 121822K [0x00000000c0000000, 0x00000000e8d80000, 0x00000000eab00000)
  object space 669184K, 18% used [0x00000000c0000000,0x00000000c76f7878,0x00000000e8d80000)
 Metaspace       used 84448K, committed 86592K, reserved 1179648K
  class space    used 8352K, committed 9280K, reserved 1048576K
}
Event: 3257.667 GC heap after
{Heap after GC invocations=1049 (full 5):
 PSYoungGen      total 2048K, used 480K [0x00000000eab00000, 0x00000000eaf80000, 0x0000000100000000)
  eden space 1536K, 0% used [0x00000000eab00000,0x00000000eab00000,0x00000000eac80000)
  from space 512K, 93% used [0x00000000eae00000,0x00000000eae78010,0x00000000eae80000)
  to   space 1536K, 0% used [0x00000000eac80000,0x00000000eac80000,0x00000000eae00000)
 ParOldGen       total 669184K, used 122364K [0x00000000c0000000, 0x00000000e8d80000, 0x00000000eab00000)
  object space 669184K, 18% used [0x00000000c0000000,0x00000000c777f018,0x00000000e8d80000)
 Metaspace       used 84448K, committed 86592K, reserved 1179648K
  class space    used 8352K, committed 9280K, reserved 1048576K
}
Event: 3257.672 GC heap before
{Heap before GC invocations=1050 (full 5):
 PSYoungGen      total 2048K, used 2016K [0x00000000eab00000, 0x00000000eaf80000, 0x0000000100000000)
  eden space 1536K, 100% used [0x00000000eab00000,0x00000000eac80000,0x00000000eac80000)
  from space 512K, 93% used [0x00000000eae00000,0x00000000eae78010,0x00000000eae80000)
  to   space 1536K, 0% used [0x00000000eac80000,0x00000000eac80000,0x00000000eae00000)
 ParOldGen       total 669184K, used 122364K [0x00000000c0000000, 0x00000000e8d80000, 0x00000000eab00000)
  object space 669184K, 18% used [0x00000000c0000000,0x00000000c777f018,0x00000000e8d80000)
 Metaspace       used 84450K, committed 86592K, reserved 1179648K
  class space    used 8352K, committed 9280K, reserved 1048576K
}
Event: 3257.673 GC heap after
{Heap after GC invocations=1050 (full 5):
 PSYoungGen      total 2048K, used 368K [0x00000000eab00000, 0x00000000eae80000, 0x0000000100000000)
  eden space 1536K, 0% used [0x00000000eab00000,0x00000000eab00000,0x00000000eac80000)
  from space 512K, 71% used [0x00000000eac80000,0x00000000eacdc010,0x00000000ead00000)
  to   space 1024K, 0% used [0x00000000ead80000,0x00000000ead80000,0x00000000eae80000)
 ParOldGen       total 669184K, used 122756K [0x00000000c0000000, 0x00000000e8d80000, 0x00000000eab00000)
  object space 669184K, 18% used [0x00000000c0000000,0x00000000c77e1028,0x00000000e8d80000)
 Metaspace       used 84450K, committed 86592K, reserved 1179648K
  class space    used 8352K, committed 9280K, reserved 1048576K
}
Event: 3257.684 GC heap before
{Heap before GC invocations=1051 (full 5):
 PSYoungGen      total 2048K, used 1904K [0x00000000eab00000, 0x00000000eae80000, 0x0000000100000000)
  eden space 1536K, 99% used [0x00000000eab00000,0x00000000eac7fff0,0x00000000eac80000)
  from space 512K, 71% used [0x00000000eac80000,0x00000000eacdc010,0x00000000ead00000)
  to   space 1024K, 0% used [0x00000000ead80000,0x00000000ead80000,0x00000000eae80000)
 ParOldGen       total 669184K, used 122756K [0x00000000c0000000, 0x00000000e8d80000, 0x00000000eab00000)
  object space 669184K, 18% used [0x00000000c0000000,0x00000000c77e1028,0x00000000e8d80000)
 Metaspace       used 84454K, committed 86592K, reserved 1179648K
  class space    used 8352K, committed 9280K, reserved 1048576K
}
Event: 3257.684 GC heap after
{Heap after GC invocations=1051 (full 5):
 PSYoungGen      total 2048K, used 320K [0x00000000eab00000, 0x00000000eae00000, 0x0000000100000000)
  eden space 1536K, 0% used [0x00000000eab00000,0x00000000eab00000,0x00000000eac80000)
  from space 512K, 62% used [0x00000000ead80000,0x00000000eadd0000,0x00000000eae00000)
  to   space 512K, 0% used [0x00000000eac80000,0x00000000eac80000,0x00000000ead00000)
 ParOldGen       total 669184K, used 122940K [0x00000000c0000000, 0x00000000e8d80000, 0x00000000eab00000)
  object space 669184K, 18% used [0x00000000c0000000,0x00000000c780f128,0x00000000e8d80000)
 Metaspace       used 84454K, committed 86592K, reserved 1179648K
  class space    used 8352K, committed 9280K, reserved 1048576K
}
Event: 3257.720 GC heap before
{Heap before GC invocations=1052 (full 5):
 PSYoungGen      total 2048K, used 1856K [0x00000000eab00000, 0x00000000eae00000, 0x0000000100000000)
  eden space 1536K, 100% used [0x00000000eab00000,0x00000000eac80000,0x00000000eac80000)
  from space 512K, 62% used [0x00000000ead80000,0x00000000eadd0000,0x00000000eae00000)
  to   space 512K, 0% used [0x00000000eac80000,0x00000000eac80000,0x00000000ead00000)
 ParOldGen       total 669184K, used 122940K [0x00000000c0000000, 0x00000000e8d80000, 0x00000000eab00000)
  object space 669184K, 18% used [0x00000000c0000000,0x00000000c780f128,0x00000000e8d80000)
 Metaspace       used 84454K, committed 86592K, reserved 1179648K
  class space    used 8352K, committed 9280K, reserved 1048576K
}
Event: 3257.720 GC heap after
{Heap after GC invocations=1052 (full 5):
 PSYoungGen      total 2048K, used 224K [0x00000000eab00000, 0x00000000eae00000, 0x0000000100000000)
  eden space 1536K, 0% used [0x00000000eab00000,0x00000000eab00000,0x00000000eac80000)
  from space 512K, 43% used [0x00000000eac80000,0x00000000eacb8000,0x00000000ead00000)
  to   space 512K, 0% used [0x00000000ead80000,0x00000000ead80000,0x00000000eae00000)
 ParOldGen       total 669184K, used 123145K [0x00000000c0000000, 0x00000000e8d80000, 0x00000000eab00000)
  object space 669184K, 18% used [0x00000000c0000000,0x00000000c7842558,0x00000000e8d80000)
 Metaspace       used 84454K, committed 86592K, reserved 1179648K
  class space    used 8352K, committed 9280K, reserved 1048576K
}
Event: 3257.737 GC heap before
{Heap before GC invocations=1053 (full 5):
 PSYoungGen      total 2048K, used 1760K [0x00000000eab00000, 0x00000000eae00000, 0x0000000100000000)
  eden space 1536K, 100% used [0x00000000eab00000,0x00000000eac80000,0x00000000eac80000)
  from space 512K, 43% used [0x00000000eac80000,0x00000000eacb8000,0x00000000ead00000)
  to   space 512K, 0% used [0x00000000ead80000,0x00000000ead80000,0x00000000eae00000)
 ParOldGen       total 669184K, used 123145K [0x00000000c0000000, 0x00000000e8d80000, 0x00000000eab00000)
  object space 669184K, 18% used [0x00000000c0000000,0x00000000c7842558,0x00000000e8d80000)
 Metaspace       used 84454K, committed 86592K, reserved 1179648K
  class space    used 8352K, committed 9280K, reserved 1048576K
}
Event: 3257.737 GC heap after
{Heap after GC invocations=1053 (full 5):
 PSYoungGen      total 2048K, used 224K [0x00000000eab00000, 0x00000000eae00000, 0x0000000100000000)
  eden space 1536K, 0% used [0x00000000eab00000,0x00000000eab00000,0x00000000eac80000)
  from space 512K, 43% used [0x00000000ead80000,0x00000000eadb8000,0x00000000eae00000)
  to   space 512K, 0% used [0x00000000eac80000,0x00000000eac80000,0x00000000ead00000)
 ParOldGen       total 669184K, used 123209K [0x00000000c0000000, 0x00000000e8d80000, 0x00000000eab00000)
  object space 669184K, 18% used [0x00000000c0000000,0x00000000c7852558,0x00000000e8d80000)
 Metaspace       used 84454K, committed 86592K, reserved 1179648K
  class space    used 8352K, committed 9280K, reserved 1048576K
}
Event: 3257.745 GC heap before
{Heap before GC invocations=1054 (full 5):
 PSYoungGen      total 2048K, used 1760K [0x00000000eab00000, 0x00000000eae00000, 0x0000000100000000)
  eden space 1536K, 100% used [0x00000000eab00000,0x00000000eac80000,0x00000000eac80000)
  from space 512K, 43% used [0x00000000ead80000,0x00000000eadb8000,0x00000000eae00000)
  to   space 512K, 0% used [0x00000000eac80000,0x00000000eac80000,0x00000000ead00000)
 ParOldGen       total 669184K, used 123209K [0x00000000c0000000, 0x00000000e8d80000, 0x00000000eab00000)
  object space 669184K, 18% used [0x00000000c0000000,0x00000000c7852558,0x00000000e8d80000)
 Metaspace       used 84456K, committed 86592K, reserved 1179648K
  class space    used 8352K, committed 9280K, reserved 1048576K
}
Event: 3257.746 GC heap after
{Heap after GC invocations=1054 (full 5):
 PSYoungGen      total 2048K, used 256K [0x00000000eab00000, 0x00000000eae00000, 0x0000000100000000)
  eden space 1536K, 0% used [0x00000000eab00000,0x00000000eab00000,0x00000000eac80000)
  from space 512K, 50% used [0x00000000eac80000,0x00000000eacc0000,0x00000000ead00000)
  to   space 512K, 0% used [0x00000000ead80000,0x00000000ead80000,0x00000000eae00000)
 ParOldGen       total 669184K, used 123273K [0x00000000c0000000, 0x00000000e8d80000, 0x00000000eab00000)
  object space 669184K, 18% used [0x00000000c0000000,0x00000000c7862558,0x00000000e8d80000)
 Metaspace       used 84456K, committed 86592K, reserved 1179648K
  class space    used 8352K, committed 9280K, reserved 1048576K
}
Event: 3257.757 GC heap before
{Heap before GC invocations=1055 (full 5):
 PSYoungGen      total 2048K, used 1786K [0x00000000eab00000, 0x00000000eae00000, 0x0000000100000000)
  eden space 1536K, 99% used [0x00000000eab00000,0x00000000eac7e830,0x00000000eac80000)
  from space 512K, 50% used [0x00000000eac80000,0x00000000eacc0000,0x00000000ead00000)
  to   space 512K, 0% used [0x00000000ead80000,0x00000000ead80000,0x00000000eae00000)
 ParOldGen       total 669184K, used 123273K [0x00000000c0000000, 0x00000000e8d80000, 0x00000000eab00000)
  object space 669184K, 18% used [0x00000000c0000000,0x00000000c7862558,0x00000000e8d80000)
 Metaspace       used 84456K, committed 86592K, reserved 1179648K
  class space    used 8352K, committed 9280K, reserved 1048576K
}
Event: 3257.757 GC heap after
{Heap after GC invocations=1055 (full 5):
 PSYoungGen      total 2048K, used 96K [0x00000000eab00000, 0x00000000eae00000, 0x0000000100000000)
  eden space 1536K, 0% used [0x00000000eab00000,0x00000000eab00000,0x00000000eac80000)
  from space 512K, 18% used [0x00000000ead80000,0x00000000ead98000,0x00000000eae00000)
  to   space 512K, 0% used [0x00000000eac80000,0x00000000eac80000,0x00000000ead00000)
 ParOldGen       total 669184K, used 123361K [0x00000000c0000000, 0x00000000e8d80000, 0x00000000eab00000)
  object space 669184K, 18% used [0x00000000c0000000,0x00000000c7878558,0x00000000e8d80000)
 Metaspace       used 84456K, committed 86592K, reserved 1179648K
  class space    used 8352K, committed 9280K, reserved 1048576K
}
Event: 3257.767 GC heap before
{Heap before GC invocations=1056 (full 5):
 PSYoungGen      total 2048K, used 1632K [0x00000000eab00000, 0x00000000eae00000, 0x0000000100000000)
  eden space 1536K, 100% used [0x00000000eab00000,0x00000000eac80000,0x00000000eac80000)
  from space 512K, 18% used [0x00000000ead80000,0x00000000ead98000,0x00000000eae00000)
  to   space 512K, 0% used [0x00000000eac80000,0x00000000eac80000,0x00000000ead00000)
 ParOldGen       total 669184K, used 123361K [0x00000000c0000000, 0x00000000e8d80000, 0x00000000eab00000)
  object space 669184K, 18% used [0x00000000c0000000,0x00000000c7878558,0x00000000e8d80000)
 Metaspace       used 84457K, committed 86592K, reserved 1179648K
  class space    used 8352K, committed 9280K, reserved 1048576K
}

Dll operation events (12 events):
Event: 0.007 Loaded shared library c:\Users\joshu\.vscode\extensions\redhat.java-1.41.1-win32-x64\jre\21.0.6-win32-x86_64\bin\java.dll
Event: 0.080 Loaded shared library c:\Users\joshu\.vscode\extensions\redhat.java-1.41.1-win32-x64\jre\21.0.6-win32-x86_64\bin\zip.dll
Event: 0.092 Loaded shared library C:\Users\joshu\.vscode\extensions\redhat.java-1.41.1-win32-x64\jre\21.0.6-win32-x86_64\bin\instrument.dll
Event: 0.097 Loaded shared library C:\Users\joshu\.vscode\extensions\redhat.java-1.41.1-win32-x64\jre\21.0.6-win32-x86_64\bin\net.dll
Event: 0.104 Loaded shared library C:\Users\joshu\.vscode\extensions\redhat.java-1.41.1-win32-x64\jre\21.0.6-win32-x86_64\bin\nio.dll
Event: 0.106 Loaded shared library C:\Users\joshu\.vscode\extensions\redhat.java-1.41.1-win32-x64\jre\21.0.6-win32-x86_64\bin\zip.dll
Event: 0.117 Loaded shared library C:\Users\joshu\.vscode\extensions\redhat.java-1.41.1-win32-x64\jre\21.0.6-win32-x86_64\bin\jimage.dll
Event: 0.163 Loaded shared library c:\Users\joshu\.vscode\extensions\redhat.java-1.41.1-win32-x64\jre\21.0.6-win32-x86_64\bin\verify.dll
Event: 3.567 Loaded shared library C:\Users\joshu\AppData\Roaming\Code\User\globalStorage\redhat.java\1.41.1\config_win\org.eclipse.equinox.launcher\org.eclipse.equinox.launcher.win32.win32.x86_64_1.2.1300.v20250331-1702\eclipse_11911.dll
Event: 11.814 Loaded shared library C:\Users\joshu\AppData\Local\Temp\jna-101313883\jna1547602302267121165.dll
Event: 13.637 Loaded shared library C:\Users\joshu\.vscode\extensions\redhat.java-1.41.1-win32-x64\jre\21.0.6-win32-x86_64\bin\sunmscapi.dll
Event: 13.868 Loaded shared library C:\Users\joshu\.vscode\extensions\redhat.java-1.41.1-win32-x64\jre\21.0.6-win32-x86_64\bin\extnet.dll

Deoptimization events (20 events):
Event: 3257.278 Thread 0x0000024a1ed32130 DEOPT PACKING pc=0x00000249c283ce64 sp=0x000000ed3edfde60
Event: 3257.278 Thread 0x0000024a1ed32130 DEOPT UNPACKING pc=0x00000249c0f53aa2 sp=0x000000ed3edfdde0 mode 2
Event: 3257.278 Thread 0x0000024a1ed32130 Uncommon trap: trap_request=0xffffffd6 fr.pc=0x00000249c283ce64 relative=0x0000000000000464
Event: 3257.278 Thread 0x0000024a1ed32130 Uncommon trap: reason=array_check action=maybe_recompile pc=0x00000249c283ce64 method=org.eclipse.core.internal.resources.MarkerSet.add(Lorg/eclipse/core/internal/resources/IMarkerSetElement;)V @ 97 c2
Event: 3257.278 Thread 0x0000024a1ed32130 DEOPT PACKING pc=0x00000249c283ce64 sp=0x000000ed3edfde60
Event: 3257.278 Thread 0x0000024a1ed32130 DEOPT UNPACKING pc=0x00000249c0f53aa2 sp=0x000000ed3edfdde0 mode 2
Event: 3257.466 Thread 0x00000249b689a1d0 DEOPT PACKING pc=0x00000249bb1bc7d4 sp=0x000000ed3f3ff5b0
Event: 3257.466 Thread 0x00000249b689a1d0 DEOPT UNPACKING pc=0x00000249c0f54242 sp=0x000000ed3f3fea50 mode 0
Event: 3257.496 Thread 0x0000024a0da140e0 Uncommon trap: trap_request=0xffffff6e fr.pc=0x00000249c1967848 relative=0x00000000000016a8
Event: 3257.496 Thread 0x0000024a0da140e0 Uncommon trap: reason=loop_limit_check action=maybe_recompile pc=0x00000249c1967848 method=org.eclipse.jdt.internal.compiler.lookup.SourceTypeBinding.getExactMethod([C[Lorg/eclipse/jdt/internal/compiler/lookup/TypeBinding;Lorg/eclipse/jdt/internal/compile
Event: 3257.496 Thread 0x0000024a0da140e0 DEOPT PACKING pc=0x00000249c1967848 sp=0x000000ed42afe530
Event: 3257.496 Thread 0x0000024a0da140e0 DEOPT UNPACKING pc=0x00000249c0f53aa2 sp=0x000000ed42afe4a8 mode 2
Event: 3257.540 Thread 0x0000024a0da140e0 Uncommon trap: trap_request=0xffffffc6 fr.pc=0x00000249c25fa7e0 relative=0x0000000000000960
Event: 3257.540 Thread 0x0000024a0da140e0 Uncommon trap: reason=bimorphic_or_optimized_type_check action=maybe_recompile pc=0x00000249c25fa7e0 method=org.eclipse.jdt.internal.compiler.lookup.Scope.findMethod(Lorg/eclipse/jdt/internal/compiler/lookup/ReferenceBinding;[C[Lorg/eclipse/jdt/internal/c
Event: 3257.540 Thread 0x0000024a0da140e0 DEOPT PACKING pc=0x00000249c25fa7e0 sp=0x000000ed42afe340
Event: 3257.540 Thread 0x0000024a0da140e0 DEOPT UNPACKING pc=0x00000249c0f53aa2 sp=0x000000ed42afe230 mode 2
Event: 3257.760 Thread 0x0000024a1ed334e0 Uncommon trap: trap_request=0xffffffbe fr.pc=0x00000249c1d048f0 relative=0x0000000000000990
Event: 3257.760 Thread 0x0000024a1ed334e0 Uncommon trap: reason=profile_predicate action=maybe_recompile pc=0x00000249c1d048f0 method=java.util.ArrayList.equalsRange(Ljava/util/List;II)Z @ 31 c2
Event: 3257.760 Thread 0x0000024a1ed334e0 DEOPT PACKING pc=0x00000249c1d048f0 sp=0x000000ed40afee70
Event: 3257.760 Thread 0x0000024a1ed334e0 DEOPT UNPACKING pc=0x00000249c0f53aa2 sp=0x000000ed40afedf8 mode 2

Classes loaded (20 events):
Event: 477.569 Loading class java/util/stream/IntPipeline$1
Event: 477.570 Loading class java/util/stream/IntPipeline$1 done
Event: 477.570 Loading class java/util/stream/IntPipeline$1$1
Event: 477.570 Loading class java/util/stream/Sink$ChainedInt
Event: 477.570 Loading class java/util/stream/Sink$ChainedInt done
Event: 477.570 Loading class java/util/stream/IntPipeline$1$1 done
Event: 477.642 Loading class java/lang/ProcessHandleImpl$ExitCompletion
Event: 477.642 Loading class java/lang/ProcessHandleImpl$ExitCompletion done
Event: 477.642 Loading class java/lang/ProcessHandleImpl$1
Event: 477.643 Loading class java/lang/ProcessHandleImpl$1 done
Event: 477.643 Loading class java/util/concurrent/CompletableFuture$UniHandle
Event: 477.643 Loading class java/util/concurrent/CompletableFuture$UniHandle done
Event: 2296.992 Loading class java/lang/Throwable$WrappedPrintWriter
Event: 2296.992 Loading class java/lang/Throwable$PrintStreamOrWriter
Event: 2296.992 Loading class java/lang/Throwable$PrintStreamOrWriter done
Event: 2296.992 Loading class java/lang/Throwable$WrappedPrintWriter done
Event: 2743.799 Loading class java/lang/StackStreamFactory$CallerClassFinder
Event: 2743.799 Loading class java/lang/StackStreamFactory$CallerClassFinder done
Event: 2743.799 Loading class java/lang/StackStreamFactory$CallerClassFinder$ClassBuffer
Event: 2743.799 Loading class java/lang/StackStreamFactory$CallerClassFinder$ClassBuffer done

Classes unloaded (20 events):
Event: 3257.389 Thread 0x00000249b687fbf0 Unloading class 0x00000249cc014800 'java/lang/invoke/LambdaForm$MH+0x00000249cc014800'
Event: 3257.389 Thread 0x00000249b687fbf0 Unloading class 0x00000249cc00d800 'java/lang/invoke/LambdaForm$MH+0x00000249cc00d800'
Event: 3257.389 Thread 0x00000249b687fbf0 Unloading class 0x00000249cc00d400 'java/lang/invoke/LambdaForm$MH+0x00000249cc00d400'
Event: 3257.389 Thread 0x00000249b687fbf0 Unloading class 0x00000249cc00d000 'java/lang/invoke/LambdaForm$MH+0x00000249cc00d000'
Event: 3257.389 Thread 0x00000249b687fbf0 Unloading class 0x00000249cc00cc00 'java/lang/invoke/LambdaForm$MH+0x00000249cc00cc00'
Event: 3257.389 Thread 0x00000249b687fbf0 Unloading class 0x00000249cc00c800 'java/lang/invoke/LambdaForm$BMH+0x00000249cc00c800'
Event: 3257.389 Thread 0x00000249b687fbf0 Unloading class 0x00000249cc00c000 'java/lang/invoke/LambdaForm$DMH+0x00000249cc00c000'
Event: 3257.389 Thread 0x00000249b687fbf0 Unloading class 0x00000249cc008400 'java/lang/invoke/LambdaForm$MH+0x00000249cc008400'
Event: 3257.389 Thread 0x00000249b687fbf0 Unloading class 0x00000249cc008000 'java/lang/invoke/LambdaForm$MH+0x00000249cc008000'
Event: 3257.389 Thread 0x00000249b687fbf0 Unloading class 0x00000249cc007c00 'java/lang/invoke/LambdaForm$MH+0x00000249cc007c00'
Event: 3257.389 Thread 0x00000249b687fbf0 Unloading class 0x00000249cc006800 'java/lang/invoke/LambdaForm$MH+0x00000249cc006800'
Event: 3257.389 Thread 0x00000249b687fbf0 Unloading class 0x00000249cc006000 'java/lang/invoke/LambdaForm$MH+0x00000249cc006000'
Event: 3257.389 Thread 0x00000249b687fbf0 Unloading class 0x00000249cc005c00 'java/lang/invoke/LambdaForm$MH+0x00000249cc005c00'
Event: 3257.389 Thread 0x00000249b687fbf0 Unloading class 0x00000249cc005800 'java/lang/invoke/LambdaForm$MH+0x00000249cc005800'
Event: 3257.389 Thread 0x00000249b687fbf0 Unloading class 0x00000249cc005400 'java/lang/invoke/LambdaForm$BMH+0x00000249cc005400'
Event: 3257.389 Thread 0x00000249b687fbf0 Unloading class 0x00000249cc004000 'java/lang/invoke/LambdaForm$DMH+0x00000249cc004000'
Event: 3257.389 Thread 0x00000249b687fbf0 Unloading class 0x00000249cc002400 'java/lang/invoke/LambdaForm$MH+0x00000249cc002400'
Event: 3257.389 Thread 0x00000249b687fbf0 Unloading class 0x00000249cc002000 'java/lang/invoke/LambdaForm$MH+0x00000249cc002000'
Event: 3257.389 Thread 0x00000249b687fbf0 Unloading class 0x00000249cc001800 'java/lang/invoke/LambdaForm$MH+0x00000249cc001800'
Event: 3257.389 Thread 0x00000249b687fbf0 Unloading class 0x00000249cc000400 'java/lang/invoke/LambdaForm$MH+0x00000249cc000400'

Classes redefined (0 events):
No events

Internal exceptions (20 events):
Event: 3257.688 Thread 0x0000024a1ed32130 Exception <a 'sun/nio/fs/WindowsException'{0x00000000eab609e0}> (0x00000000eab609e0) 
thrown [s\src\hotspot\share\prims\jni.cpp, line 520]
Event: 3257.689 Thread 0x0000024a1ed32130 Exception <a 'sun/nio/fs/WindowsException'{0x00000000eab627d0}> (0x00000000eab627d0) 
thrown [s\src\hotspot\share\prims\jni.cpp, line 520]
Event: 3257.690 Thread 0x0000024a1ed32130 Exception <a 'sun/nio/fs/WindowsException'{0x00000000eab64868}> (0x00000000eab64868) 
thrown [s\src\hotspot\share\prims\jni.cpp, line 520]
Event: 3257.691 Thread 0x0000024a1ed32130 Exception <a 'sun/nio/fs/WindowsException'{0x00000000eab665b0}> (0x00000000eab665b0) 
thrown [s\src\hotspot\share\prims\jni.cpp, line 520]
Event: 3257.693 Thread 0x0000024a1ed32130 Exception <a 'sun/nio/fs/WindowsException'{0x00000000eab68328}> (0x00000000eab68328) 
thrown [s\src\hotspot\share\prims\jni.cpp, line 520]
Event: 3257.694 Thread 0x0000024a1ed32130 Exception <a 'sun/nio/fs/WindowsException'{0x00000000eab6a0d0}> (0x00000000eab6a0d0) 
thrown [s\src\hotspot\share\prims\jni.cpp, line 520]
Event: 3257.695 Thread 0x0000024a1ed32130 Exception <a 'sun/nio/fs/WindowsException'{0x00000000eab6beb0}> (0x00000000eab6beb0) 
thrown [s\src\hotspot\share\prims\jni.cpp, line 520]
Event: 3257.696 Thread 0x0000024a1ed32130 Exception <a 'sun/nio/fs/WindowsException'{0x00000000eab6dc58}> (0x00000000eab6dc58) 
thrown [s\src\hotspot\share\prims\jni.cpp, line 520]
Event: 3257.697 Thread 0x0000024a1ed32130 Exception <a 'sun/nio/fs/WindowsException'{0x00000000eab6fa60}> (0x00000000eab6fa60) 
thrown [s\src\hotspot\share\prims\jni.cpp, line 520]
Event: 3257.698 Thread 0x0000024a1ed32130 Exception <a 'sun/nio/fs/WindowsException'{0x00000000eab717e0}> (0x00000000eab717e0) 
thrown [s\src\hotspot\share\prims\jni.cpp, line 520]
Event: 3257.699 Thread 0x0000024a1ed32130 Exception <a 'sun/nio/fs/WindowsException'{0x00000000eab735b8}> (0x00000000eab735b8) 
thrown [s\src\hotspot\share\prims\jni.cpp, line 520]
Event: 3257.700 Thread 0x0000024a1ed32130 Exception <a 'sun/nio/fs/WindowsException'{0x00000000eab75358}> (0x00000000eab75358) 
thrown [s\src\hotspot\share\prims\jni.cpp, line 520]
Event: 3257.701 Thread 0x0000024a1ed32130 Exception <a 'sun/nio/fs/WindowsException'{0x00000000eab77138}> (0x00000000eab77138) 
thrown [s\src\hotspot\share\prims\jni.cpp, line 520]
Event: 3257.702 Thread 0x0000024a1ed32130 Exception <a 'sun/nio/fs/WindowsException'{0x00000000eab78f08}> (0x00000000eab78f08) 
thrown [s\src\hotspot\share\prims\jni.cpp, line 520]
Event: 3257.703 Thread 0x0000024a1ed32130 Exception <a 'sun/nio/fs/WindowsException'{0x00000000eab7abd8}> (0x00000000eab7abd8) 
thrown [s\src\hotspot\share\prims\jni.cpp, line 520]
Event: 3257.704 Thread 0x0000024a1ed32130 Exception <a 'sun/nio/fs/WindowsException'{0x00000000eab7c800}> (0x00000000eab7c800) 
thrown [s\src\hotspot\share\prims\jni.cpp, line 520]
Event: 3257.706 Thread 0x0000024a1ed32130 Exception <a 'sun/nio/fs/WindowsException'{0x00000000eab7e470}> (0x00000000eab7e470) 
thrown [s\src\hotspot\share\prims\jni.cpp, line 520]
Event: 3257.710 Thread 0x0000024a1ed32130 Exception <a 'sun/nio/fs/WindowsException'{0x00000000eabff780}> (0x00000000eabff780) 
thrown [s\src\hotspot\share\prims\jni.cpp, line 520]
Event: 3257.711 Thread 0x0000024a1ed32130 Exception <a 'sun/nio/fs/WindowsException'{0x00000000eac01430}> (0x00000000eac01430) 
thrown [s\src\hotspot\share\prims\jni.cpp, line 520]
Event: 3257.764 Thread 0x0000024a0da10c60 Exception <a 'sun/nio/fs/WindowsException'{0x00000000eab51df8}> (0x00000000eab51df8) 
thrown [s\src\hotspot\share\prims\jni.cpp, line 520]

ZGC Phase Switch (0 events):
No events

VM Operations (20 events):
Event: 3257.638 Executing VM operation: ParallelGCFailedAllocation (Allocation Failure) done
Event: 3257.647 Executing VM operation: ParallelGCFailedAllocation (Allocation Failure)
Event: 3257.648 Executing VM operation: ParallelGCFailedAllocation (Allocation Failure) done
Event: 3257.652 Executing VM operation: ParallelGCFailedAllocation (Allocation Failure)
Event: 3257.653 Executing VM operation: ParallelGCFailedAllocation (Allocation Failure) done
Event: 3257.666 Executing VM operation: ParallelGCFailedAllocation (Allocation Failure)
Event: 3257.667 Executing VM operation: ParallelGCFailedAllocation (Allocation Failure) done
Event: 3257.672 Executing VM operation: ParallelGCFailedAllocation (Allocation Failure)
Event: 3257.673 Executing VM operation: ParallelGCFailedAllocation (Allocation Failure) done
Event: 3257.684 Executing VM operation: ParallelGCFailedAllocation (Allocation Failure)
Event: 3257.684 Executing VM operation: ParallelGCFailedAllocation (Allocation Failure) done
Event: 3257.720 Executing VM operation: ParallelGCFailedAllocation (Allocation Failure)
Event: 3257.720 Executing VM operation: ParallelGCFailedAllocation (Allocation Failure) done
Event: 3257.737 Executing VM operation: ParallelGCFailedAllocation (Allocation Failure)
Event: 3257.737 Executing VM operation: ParallelGCFailedAllocation (Allocation Failure) done
Event: 3257.745 Executing VM operation: ParallelGCFailedAllocation (Allocation Failure)
Event: 3257.746 Executing VM operation: ParallelGCFailedAllocation (Allocation Failure) done
Event: 3257.757 Executing VM operation: ParallelGCFailedAllocation (Allocation Failure)
Event: 3257.757 Executing VM operation: ParallelGCFailedAllocation (Allocation Failure) done
Event: 3257.767 Executing VM operation: ParallelGCFailedAllocation (Allocation Failure)

Memory protections (0 events):
No events

Nmethod flushes (20 events):
Event: 3257.420 Thread 0x00000249b687fbf0 flushing  nmethod 0x00000249bba7b790
Event: 3257.420 Thread 0x00000249b687fbf0 flushing  nmethod 0x00000249bba84110
Event: 3257.420 Thread 0x00000249b687fbf0 flushing  nmethod 0x00000249bba87690
Event: 3257.420 Thread 0x00000249b687fbf0 flushing  nmethod 0x00000249bba97e10
Event: 3257.420 Thread 0x00000249b687fbf0 flushing  nmethod 0x00000249bbab2390
Event: 3257.420 Thread 0x00000249b687fbf0 flushing  nmethod 0x00000249bbab4e90
Event: 3257.420 Thread 0x00000249b687fbf0 flushing  nmethod 0x00000249bbab5990
Event: 3257.420 Thread 0x00000249b687fbf0 flushing  nmethod 0x00000249bbac0f90
Event: 3257.420 Thread 0x00000249b687fbf0 flushing  nmethod 0x00000249bbac1410
Event: 3257.420 Thread 0x00000249b687fbf0 flushing  nmethod 0x00000249bbac3090
Event: 3257.420 Thread 0x00000249b687fbf0 flushing  nmethod 0x00000249bbac7a90
Event: 3257.420 Thread 0x00000249b687fbf0 flushing  nmethod 0x00000249bbac8e10
Event: 3257.420 Thread 0x00000249b687fbf0 flushing  nmethod 0x00000249bbac9b10
Event: 3257.420 Thread 0x00000249b687fbf0 flushing  nmethod 0x00000249bbaca190
Event: 3257.420 Thread 0x00000249b687fbf0 flushing  nmethod 0x00000249bbaca710
Event: 3257.420 Thread 0x00000249b687fbf0 flushing  nmethod 0x00000249bbacd590
Event: 3257.420 Thread 0x00000249b687fbf0 flushing  nmethod 0x00000249bbc0d710
Event: 3257.420 Thread 0x00000249b687fbf0 flushing  nmethod 0x00000249bbc2d590
Event: 3257.420 Thread 0x00000249b687fbf0 flushing osr nmethod 0x00000249bbc6cf10
Event: 3257.420 Thread 0x00000249b687fbf0 flushing  nmethod 0x00000249bbcc3710

Events (20 events):
Event: 2981.141 Thread 0x0000024a12f6aa60 Thread exited: 0x0000024a12f6aa60
Event: 2986.149 Thread 0x0000024a12f6bed0 Thread exited: 0x0000024a12f6bed0
Event: 3034.881 Thread 0x0000024a14757ea0 Thread exited: 0x0000024a14757ea0
Event: 3035.066 Thread 0x0000024a1475b320 Thread exited: 0x0000024a1475b320
Event: 3094.889 Thread 0x0000024a14757810 Thread exited: 0x0000024a14757810
Event: 3154.903 Thread 0x0000024a14758530 Thread exited: 0x0000024a14758530
Event: 3180.853 Thread 0x0000024a1ed362d0 Thread added: 0x0000024a216a38b0
Event: 3180.853 Thread 0x0000024a1ed33b70 Thread added: 0x0000024a14757ea0
Event: 3180.853 Thread 0x0000024a14756af0 Thread added: 0x0000024a14757810
Event: 3180.887 Thread 0x0000024a1ed334e0 Thread added: 0x0000024a14758530
Event: 3180.918 Thread 0x00000249cab9d640 Thread added: 0x0000024a12f6aa60
Event: 3181.002 Thread 0x0000024a0d69c640 Thread added: 0x0000024a12f6bed0
Event: 3182.327 Thread 0x0000024a12f6bed0 Thread exited: 0x0000024a12f6bed0
Event: 3187.332 Thread 0x0000024a12f6aa60 Thread exited: 0x0000024a12f6aa60
Event: 3241.047 Thread 0x0000024a1ed36ff0 Thread exited: 0x0000024a1ed36ff0
Event: 3241.263 Thread 0x0000024a14758530 Thread exited: 0x0000024a14758530
Event: 3257.244 Thread 0x0000024a14756af0 Thread added: 0x0000024a14758530
Event: 3257.277 Thread 0x0000024a1ed32130 Thread added: 0x0000024a0da140e0
Event: 3257.296 Thread 0x0000024a0d69c640 Thread added: 0x0000024a12f695f0
Event: 3257.296 Thread 0x0000024a0d69c640 Thread added: 0x0000024a12f6aa60


Dynamic libraries:
0x00007ff6e6f10000 - 0x00007ff6e6f1e000 	c:\Users\joshu\.vscode\extensions\redhat.java-1.41.1-win32-x64\jre\21.0.6-win32-x86_64\bin\java.exe
0x00007ff86e280000 - 0x00007ff86e4e0000 	C:\WINDOWS\SYSTEM32\ntdll.dll
0x00007ff86c610000 - 0x00007ff86c6d7000 	C:\WINDOWS\System32\KERNEL32.DLL
0x00007ff86b460000 - 0x00007ff86b82a000 	C:\WINDOWS\System32\KERNELBASE.dll
0x00007ff86b860000 - 0x00007ff86b9ab000 	C:\WINDOWS\System32\ucrtbase.dll
0x00007fffbcd00000 - 0x00007fffbcd18000 	c:\Users\joshu\.vscode\extensions\redhat.java-1.41.1-win32-x64\jre\21.0.6-win32-x86_64\bin\jli.dll
0x00007ff86da40000 - 0x00007ff86dc0c000 	C:\WINDOWS\System32\USER32.dll
0x00007ff86b830000 - 0x00007ff86b857000 	C:\WINDOWS\System32\win32u.dll
0x00007ff86d400000 - 0x00007ff86d42a000 	C:\WINDOWS\System32\GDI32.dll
0x00007ff86bf40000 - 0x00007ff86c071000 	C:\WINDOWS\System32\gdi32full.dll
0x00007ff86bb00000 - 0x00007ff86bba3000 	C:\WINDOWS\System32\msvcp_win.dll
0x00007fffbcd20000 - 0x00007fffbcd3e000 	c:\Users\joshu\.vscode\extensions\redhat.java-1.41.1-win32-x64\jre\21.0.6-win32-x86_64\bin\VCRUNTIME140.dll
0x00007ff850970000 - 0x00007ff850c07000 	C:\WINDOWS\WinSxS\amd64_microsoft.windows.common-controls_6595b64144ccf1df_6.0.26100.3624_none_3e086962e3345f24\COMCTL32.dll
0x00007ff86d230000 - 0x00007ff86d2d9000 	C:\WINDOWS\System32\msvcrt.dll
0x00007ff86c5d0000 - 0x00007ff86c5ff000 	C:\WINDOWS\System32\IMM32.DLL
0x00007ffff9a00000 - 0x00007ffff9a0c000 	c:\Users\joshu\.vscode\extensions\redhat.java-1.41.1-win32-x64\jre\21.0.6-win32-x86_64\bin\vcruntime140_1.dll
0x00007fffbcc70000 - 0x00007fffbccfd000 	c:\Users\joshu\.vscode\extensions\redhat.java-1.41.1-win32-x64\jre\21.0.6-win32-x86_64\bin\msvcp140.dll
0x00007fffbbee0000 - 0x00007fffbcc70000 	c:\Users\joshu\.vscode\extensions\redhat.java-1.41.1-win32-x64\jre\21.0.6-win32-x86_64\bin\server\jvm.dll
0x00007ff86c080000 - 0x00007ff86c132000 	C:\WINDOWS\System32\ADVAPI32.dll
0x00007ff86de00000 - 0x00007ff86dea6000 	C:\WINDOWS\System32\sechost.dll
0x00007ff86d2e0000 - 0x00007ff86d3f6000 	C:\WINDOWS\System32\RPCRT4.dll
0x00007ff86d480000 - 0x00007ff86d4f4000 	C:\WINDOWS\System32\WS2_32.dll
0x00007ff86a0a0000 - 0x00007ff86a0fe000 	C:\WINDOWS\SYSTEM32\POWRPROF.dll
0x00007ff85d980000 - 0x00007ff85d9b6000 	C:\WINDOWS\SYSTEM32\WINMM.dll
0x00007ff8643a0000 - 0x00007ff8643ab000 	C:\WINDOWS\SYSTEM32\VERSION.dll
0x00007ff86a080000 - 0x00007ff86a094000 	C:\WINDOWS\SYSTEM32\UMPDC.dll
0x00007ff86a360000 - 0x00007ff86a37a000 	C:\WINDOWS\SYSTEM32\kernel.appcore.dll
0x00007fffe7870000 - 0x00007fffe787a000 	c:\Users\joshu\.vscode\extensions\redhat.java-1.41.1-win32-x64\jre\21.0.6-win32-x86_64\bin\jimage.dll
0x00007ff869500000 - 0x00007ff869741000 	C:\WINDOWS\SYSTEM32\DBGHELP.DLL
0x00007ff86d6b0000 - 0x00007ff86da32000 	C:\WINDOWS\System32\combase.dll
0x00007ff86dfe0000 - 0x00007ff86e0b6000 	C:\WINDOWS\System32\OLEAUT32.dll
0x00007ff842180000 - 0x00007ff8421b9000 	C:\WINDOWS\SYSTEM32\dbgcore.DLL
0x00007ff86bd20000 - 0x00007ff86bdb9000 	C:\WINDOWS\System32\bcryptPrimitives.dll
0x00007fffe5190000 - 0x00007fffe519f000 	c:\Users\joshu\.vscode\extensions\redhat.java-1.41.1-win32-x64\jre\21.0.6-win32-x86_64\bin\instrument.dll
0x00007fffbbb40000 - 0x00007fffbbb5f000 	c:\Users\joshu\.vscode\extensions\redhat.java-1.41.1-win32-x64\jre\21.0.6-win32-x86_64\bin\java.dll
0x00007ff86c8d0000 - 0x00007ff86cff9000 	C:\WINDOWS\System32\SHELL32.dll
0x00007ff86bbb0000 - 0x00007ff86bd18000 	C:\WINDOWS\System32\wintypes.dll
0x00007ff868bd0000 - 0x00007ff869422000 	C:\WINDOWS\SYSTEM32\windows.storage.dll
0x00007ff86dd00000 - 0x00007ff86dded000 	C:\WINDOWS\System32\SHCORE.dll
0x00007ff86e150000 - 0x00007ff86e1b4000 	C:\WINDOWS\System32\shlwapi.dll
0x00007ff86b370000 - 0x00007ff86b39f000 	C:\WINDOWS\SYSTEM32\profapi.dll
0x00007fffbbb20000 - 0x00007fffbbb38000 	c:\Users\joshu\.vscode\extensions\redhat.java-1.41.1-win32-x64\jre\21.0.6-win32-x86_64\bin\zip.dll
0x00007fffe4eb0000 - 0x00007fffe4ec0000 	C:\Users\joshu\.vscode\extensions\redhat.java-1.41.1-win32-x64\jre\21.0.6-win32-x86_64\bin\net.dll
0x00007ff862f00000 - 0x00007ff86301d000 	C:\WINDOWS\SYSTEM32\WINHTTP.dll
0x00007ff86a8b0000 - 0x00007ff86a91a000 	C:\WINDOWS\system32\mswsock.dll
0x00007fffbbb00000 - 0x00007fffbbb16000 	C:\Users\joshu\.vscode\extensions\redhat.java-1.41.1-win32-x64\jre\21.0.6-win32-x86_64\bin\nio.dll
0x00007fffe4c00000 - 0x00007fffe4c10000 	c:\Users\joshu\.vscode\extensions\redhat.java-1.41.1-win32-x64\jre\21.0.6-win32-x86_64\bin\verify.dll
0x00007fffbbc50000 - 0x00007fffbbc95000 	C:\Users\joshu\AppData\Roaming\Code\User\globalStorage\redhat.java\1.41.1\config_win\org.eclipse.equinox.launcher\org.eclipse.equinox.launcher.win32.win32.x86_64_1.2.1300.v20250331-1702\eclipse_11911.dll
0x00007ff86d500000 - 0x00007ff86d696000 	C:\WINDOWS\System32\ole32.dll
0x00007ff86ab50000 - 0x00007ff86ab6c000 	C:\WINDOWS\SYSTEM32\CRYPTSP.dll
0x00007ff86a2c0000 - 0x00007ff86a2fa000 	C:\WINDOWS\system32\rsaenh.dll
0x00007ff86a950000 - 0x00007ff86a97b000 	C:\WINDOWS\SYSTEM32\USERENV.dll
0x00007ff86b340000 - 0x00007ff86b366000 	C:\WINDOWS\SYSTEM32\bcrypt.dll
0x00007ff86ab70000 - 0x00007ff86ab7c000 	C:\WINDOWS\SYSTEM32\CRYPTBASE.dll
0x00007ff869cd0000 - 0x00007ff869d03000 	C:\WINDOWS\SYSTEM32\IPHLPAPI.DLL
0x00007ff86d6a0000 - 0x00007ff86d6aa000 	C:\WINDOWS\System32\NSI.dll
0x00007fffb13c0000 - 0x00007fffb1409000 	C:\Users\joshu\AppData\Local\Temp\jna-101313883\jna1547602302267121165.dll
0x00007ff86e0c0000 - 0x00007ff86e0c8000 	C:\WINDOWS\System32\PSAPI.DLL
0x00007ff863420000 - 0x00007ff86343f000 	C:\WINDOWS\SYSTEM32\dhcpcsvc6.DLL
0x00007ff8631a0000 - 0x00007ff8631c5000 	C:\WINDOWS\SYSTEM32\dhcpcsvc.DLL
0x00007ff863130000 - 0x00007ff86313e000 	C:\Users\joshu\.vscode\extensions\redhat.java-1.41.1-win32-x64\jre\21.0.6-win32-x86_64\bin\sunmscapi.dll
0x00007ff86bdc0000 - 0x00007ff86bf37000 	C:\WINDOWS\System32\CRYPT32.dll
0x00007ff86ad50000 - 0x00007ff86ad80000 	C:\WINDOWS\SYSTEM32\ncrypt.dll
0x00007ff86ad00000 - 0x00007ff86ad3f000 	C:\WINDOWS\SYSTEM32\NTASN1.dll
0x00007ff869d60000 - 0x00007ff869e85000 	C:\WINDOWS\SYSTEM32\DNSAPI.dll
0x00007ff85dc10000 - 0x00007ff85dc1b000 	C:\Windows\System32\rasadhlp.dll
0x00007ff85e380000 - 0x00007ff85e405000 	C:\WINDOWS\System32\fwpuclnt.dll
0x00007ff863120000 - 0x00007ff863129000 	C:\Users\joshu\.vscode\extensions\redhat.java-1.41.1-win32-x64\jre\21.0.6-win32-x86_64\bin\extnet.dll
0x00007ff86a490000 - 0x00007ff86a4c5000 	C:\WINDOWS\SYSTEM32\ntmarta.dll

dbghelp: loaded successfully - version: 4.0.5 - missing functions: none
symbol engine: initialized successfully - sym options: 0x614 - pdb path: .;c:\Users\joshu\.vscode\extensions\redhat.java-1.41.1-win32-x64\jre\21.0.6-win32-x86_64\bin;C:\WINDOWS\SYSTEM32;C:\WINDOWS\WinSxS\amd64_microsoft.windows.common-controls_6595b64144ccf1df_6.0.26100.3624_none_3e086962e3345f24;c:\Users\joshu\.vscode\extensions\redhat.java-1.41.1-win32-x64\jre\21.0.6-win32-x86_64\bin\server;C:\Users\joshu\AppData\Roaming\Code\User\globalStorage\redhat.java\1.41.1\config_win\org.eclipse.equinox.launcher\org.eclipse.equinox.launcher.win32.win32.x86_64_1.2.1300.v20250331-1702;C:\Users\joshu\AppData\Local\Temp\jna-101313883

VM Arguments:
jvm_args: --add-modules=ALL-SYSTEM --add-opens=java.base/java.util=ALL-UNNAMED --add-opens=java.base/java.lang=ALL-UNNAMED --add-opens=java.base/sun.nio.fs=ALL-UNNAMED -Declipse.application=org.eclipse.jdt.ls.core.id1 -Dosgi.bundles.defaultStartLevel=4 -Declipse.product=org.eclipse.jdt.ls.core.product -Djava.import.generatesMetadataFilesAtProjectRoot=false -DDetectVMInstallationsJob.disabled=true -Dfile.encoding=utf8 -XX:+UseParallelGC -XX:GCTimeRatio=4 -XX:AdaptiveSizePolicyWeight=90 -Dsun.zip.disableMemoryMapping=true -Xmx1G -Xms100m -Xlog:disable -javaagent:c:\Users\joshu\.vscode\extensions\redhat.java-1.41.1-win32-x64\lombok\lombok-1.18.36.jar -XX:+HeapDumpOnOutOfMemoryError -XX:HeapDumpPath=c:\Users\joshu\AppData\Roaming\Code\User\workspaceStorage\3af777b82329b118d91d05b142a59275\redhat.java -Daether.dependencyCollector.impl=bf 
java_command: c:\Users\joshu\.vscode\extensions\redhat.java-1.41.1-win32-x64\server\plugins\org.eclipse.equinox.launcher_1.7.0.v20250331-1702.jar -configuration c:\Users\joshu\AppData\Roaming\Code\User\globalStorage\redhat.java\1.41.1\config_win -data c:\Users\joshu\AppData\Roaming\Code\User\workspaceStorage\3af777b82329b118d91d05b142a59275\redhat.java\jdt_ws --pipe=\\.\pipe\lsp-dca038f408cce5f83a38303a85c9d7b8-sock
java_class_path (initial): c:\Users\joshu\.vscode\extensions\redhat.java-1.41.1-win32-x64\server\plugins\org.eclipse.equinox.launcher_1.7.0.v20250331-1702.jar
Launcher Type: SUN_STANDARD

[Global flags]
    uintx AdaptiveSizePolicyWeight                 = 90                                        {product} {command line}
     intx CICompilerCount                          = 4                                         {product} {ergonomic}
    uintx GCTimeRatio                              = 4                                         {product} {command line}
     bool HeapDumpOnOutOfMemoryError               = true                                   {manageable} {command line}
    ccstr HeapDumpPath                             = c:\Users\joshu\AppData\Roaming\Code\User\workspaceStorage\3af777b82329b118d91d05b142a59275\redhat.java         {manageable} {command line}
   size_t InitialHeapSize                          = 104857600                                 {product} {command line}
   size_t MaxHeapSize                              = 1073741824                                {product} {command line}
   size_t MaxNewSize                               = 357564416                                 {product} {ergonomic}
   size_t MinHeapDeltaBytes                        = 524288                                    {product} {ergonomic}
   size_t MinHeapSize                              = 104857600                                 {product} {command line}
   size_t NewSize                                  = 34603008                                  {product} {ergonomic}
    uintx NonNMethodCodeHeapSize                   = 5839372                                {pd product} {ergonomic}
    uintx NonProfiledCodeHeapSize                  = 122909434                              {pd product} {ergonomic}
   size_t OldSize                                  = 70254592                                  {product} {ergonomic}
    uintx ProfiledCodeHeapSize                     = 122909434                              {pd product} {ergonomic}
    uintx ReservedCodeCacheSize                    = 251658240                              {pd product} {ergonomic}
     bool SegmentedCodeCache                       = true                                      {product} {ergonomic}
   size_t SoftMaxHeapSize                          = 1073741824                             {manageable} {ergonomic}
     bool UseCompressedOops                        = true                           {product lp64_product} {ergonomic}
     bool UseLargePagesIndividualAllocation        = false                                  {pd product} {ergonomic}
     bool UseParallelGC                            = true                                      {product} {command line}

Logging:
Log output configuration:
 #0: stdout all=off uptime,level,tags foldmultilines=false
 #1: stderr all=off uptime,level,tags foldmultilines=false

Environment Variables:
PATH=C:\Program Files\Common Files\Oracle\Java\javapath;C:\Program Files (x86)\Common Files\Oracle\Java\java8path;C:\Program Files (x86)\Common Files\Oracle\Java\javapath;c:\Users\joshu\AppData\Local\Programs\cursor\resources\app\bin;C:\Program Files (x86)\Razer Chroma SDK\bin;C:\Program Files\Razer Chroma SDK\bin;C:\Program Files (x86)\Razer\ChromaBroadcast\bin;C:\Program Files\Razer\ChromaBroadcast\bin;C:\WINDOWS\system32;C:\WINDOWS;C:\WINDOWS\System32\Wbem;C:\WINDOWS\System32\WindowsPowerShell\v1.0\;C:\WINDOWS\System32\OpenSSH\;C:\Program Files (x86)\NVIDIA Corporation\PhysX\Common;C:\WINDOWS\system32\config\systemprofile\AppData\Local\Microsoft\WindowsApps;C:\Program Files\nodejs\;C:\Program Files\Git\cmd;C:\WINDOWS\system32;C:\WINDOWS;C:\WINDOWS\System32\Wbem;C:\WINDOWS\System32\WindowsPowerShell\v1.0\;C:\WINDOWS\System32\OpenSSH\;C:\Program Files\dotnet\;C:\Program Files\wooting-analog-sdk\;C:\Users\joshu\AppData\Local\Microsoft\WindowsApps;C:\Users\joshu\AppData\Roaming\npm;C:\Users\joshu\AppData\Local\M;C:\Program Files\NVIDIA Corporation\NVIDIA app\NvDLISR;C:\maven\apache-maven-3.9.9\bin;C:\Users\joshu\AppData\Local\Microsoft\WindowsApps;C:\Users\joshu\AppData\Roaming\npm;C:\Users\joshu\AppData\Local\Programs\Microsoft VS Code\bin;C:\Users\joshu\AppData\Local\Muse Hub\lib;C:\Users\joshu\AppData\Local\GitHubDesktop\bin;C:\Users\joshu\AppData\Local\Programs\cursor\resources\app\bin
USERNAME=joshu
OS=Windows_NT
PROCESSOR_IDENTIFIER=Intel64 Family 6 Model 158 Stepping 13, GenuineIntel
TMP=C:\Users\joshu\AppData\Local\Temp
TEMP=C:\Users\joshu\AppData\Local\Temp




Periodic native trim disabled

---------------  S Y S T E M  ---------------

OS:
 Windows 11 , 64 bit Build 26100 (10.0.26100.3775)
OS uptime: 0 days 0:55 hours
Hyper-V role detected

CPU: total 8 (initial active 8) (8 cores per cpu, 1 threads per core) family 6 model 158 stepping 13 microcode 0xde, cx8, cmov, fxsr, mmx, 3dnowpref, sse, sse2, sse3, ssse3, sse4.1, sse4.2, popcnt, lzcnt, tsc, tscinvbit, avx, avx2, aes, erms, clmul, bmi1, bmi2, adx, fma, vzeroupper, clflush, clflushopt, hv, rdtscp, f16c
Processor Information for the first 8 processors :
  Max Mhz: 3600, Current Mhz: 3600, Mhz Limit: 3600

Memory: 4k page, system-wide physical 32683M (17378M free)
TotalPageFile size 35883M (AvailPageFile size 14437M)
current process WorkingSet (physical memory assigned to process): 1112M, peak: 1128M
current process commit charge ("private bytes"): 1003M, peak: 1017M

vm_info: OpenJDK 64-Bit Server VM (21.0.6+7-LTS) for windows-amd64 JRE (21.0.6+7-LTS), built on 2025-01-21T00:00:00Z by "admin" with MS VC++ 17.7 (VS2022)

END.
